****************************************
Report : qor
Design : alu_64bit_ref
Version: U-2022.12-SP6
Date   : Wed Feb  4 17:58:49 2026
****************************************
Information: Timer using 'Estimated Delay Calculation'. (TIM-050)


Scenario           'func.ss0p95v125c'
Timing Path Group  'FEEDTHROUGH'
----------------------------------------
Levels of Logic:                     18
Critical Path Length:              1.32
Critical Path Slack:               0.10
Critical Path Clk Period:          2.27
Total Negative Slack:              0.00
No. of Violating Paths:               0
----------------------------------------


Cell Count
----------------------------------------
Hierarchical Cell Count:              0
Hierarchical Port Count:              0
Leaf Cell Count:                   1438
Buf/Inv Cell Count:                 257
Buf Cell Count:                      27
Inv Cell Count:                     230
Combinational Cell Count:          1438
   Single-bit Isolation Cell Count:                        0
   Multi-bit Isolation Cell Count:                         0
   Isolation Cell Banking Ratio:                           0.00%
   Single-bit Level Shifter Cell Count:                    0
   Multi-bit Level Shifter Cell Count:                     0
   Level Shifter Cell Banking Ratio:                       0.00%
   Single-bit ELS Cell Count:                              0
   Multi-bit ELS Cell Count:                               0
   ELS Cell Banking Ratio:                                 0.00%
Sequential Cell Count:                0
   Integrated Clock-Gating Cell Count:                     0
   Sequential Macro Cell Count:                            0
   Single-bit Sequential Cell Count:                       0
   Multi-bit Sequential Cell Count:                        0
   Sequential Cell Banking Ratio:                          0.00%
   BitsPerflop:                                            0.00
Macro Count:                          0
----------------------------------------


Area
----------------------------------------
Combinational Area:             3371.73
Noncombinational Area:             0.00
Buf/Inv Area:                    429.76
Total Buffer Area:               116.14
Total Inverter Area:             313.61
Macro/Black Box Area:              0.00
Net Area:                             0
Net XLength:                    6055.56
Net YLength:                   11781.54
----------------------------------------
Cell Area (netlist):                           3371.73
Cell Area (netlist and physical only):         3371.73
Net Length:                    17837.10


Design Rules
----------------------------------------
Total Number of Nets:              1589
Nets with Violations:                 2
Max Trans Violations:                 0
Max Cap Violations:                   2
----------------------------------------

1
