****************************************
Report : area
Design : alu_64bit
Version: U-2022.12-SP6
Date   : Wed Feb  4 18:22:55 2026
****************************************

Number of ports:                          195
Number of nets:                          1092
Number of cells:                          961
Number of combinational cells:            961
Number of sequential cells:                 0
Number of macros/black boxes:               0
Number of buf/inv:                        132
Number of references:                      51

Combinational area:                   2536.36
Buf/Inv area:                          226.44
Noncombinational area:                   0.00
Macro/Black Box area:                    0.00

Total cell area:                      2536.36
1
