****************************************
Report : qor
Design : alu_64bit
Version: U-2022.12-SP6
Date   : Wed Feb  4 18:25:16 2026
****************************************
Information: Timer using 'Estimated Delay Calculation'. (TIM-050)


Scenario           'func.ss0p95v125c'
Timing Path Group  'FEEDTHROUGH'
----------------------------------------
Levels of Logic:                     43
Critical Path Length:              2.99
Critical Path Slack:               1.07
Critical Path Clk Period:          4.91
Total Negative Slack:              0.00
No. of Violating Paths:               0
----------------------------------------


Cell Count
----------------------------------------
Hierarchical Cell Count:              0
Hierarchical Port Count:              0
Leaf Cell Count:                    948
Buf/Inv Cell Count:                 127
Buf Cell Count:                      18
Inv Cell Count:                     109
Combinational Cell Count:           948
   Single-bit Isolation Cell Count:                        0
   Multi-bit Isolation Cell Count:                         0
   Isolation Cell Banking Ratio:                           0.00%
   Single-bit Level Shifter Cell Count:                    0
   Multi-bit Level Shifter Cell Count:                     0
   Level Shifter Cell Banking Ratio:                       0.00%
   Single-bit ELS Cell Count:                              0
   Multi-bit ELS Cell Count:                               0
   ELS Cell Banking Ratio:                                 0.00%
Sequential Cell Count:                0
   Integrated Clock-Gating Cell Count:                     0
   Sequential Macro Cell Count:                            0
   Single-bit Sequential Cell Count:                       0
   Multi-bit Sequential Cell Count:                        0
   Sequential Cell Banking Ratio:                          0.00%
   BitsPerflop:                                            0.00
Macro Count:                          0
----------------------------------------


Area
----------------------------------------
Combinational Area:             2507.13
Noncombinational Area:             0.00
Buf/Inv Area:                    215.51
Total Buffer Area:                65.82
Total Inverter Area:             149.69
Macro/Black Box Area:              0.00
Net Area:                             0
Net XLength:                    4612.49
Net YLength:                    9411.19
----------------------------------------
Cell Area (netlist):                           2507.13
Cell Area (netlist and physical only):         2507.13
Net Length:                    14023.67


Design Rules
----------------------------------------
Total Number of Nets:              1079
Nets with Violations:                 2
Max Trans Violations:                 0
Max Cap Violations:                   2
----------------------------------------

1
