****************************************
Report : area
Design : alu_64bit_ref
Version: U-2022.12-SP6
Date   : Wed Feb  4 18:14:14 2026
****************************************

Number of ports:                          195
Number of nets:                          1131
Number of cells:                         1000
Number of combinational cells:           1000
Number of sequential cells:                 0
Number of macros/black boxes:               0
Number of buf/inv:                        221
Number of references:                      47

Combinational area:                   2543.73
Buf/Inv area:                          331.66
Noncombinational area:                   0.00
Macro/Black Box area:                    0.00

Total cell area:                      2543.73
1
