****************************************
Report : qor
Design : alu_64bit_ref
Version: U-2022.12-SP6
Date   : Wed Feb  4 18:14:14 2026
****************************************
Information: Timer using 'Estimated Delay Calculation'. (TIM-050)


Scenario           'func.ss0p95v125c'
Timing Path Group  'FEEDTHROUGH'
----------------------------------------
Levels of Logic:                     30
Critical Path Length:              2.37
Critical Path Slack:               0.78
Critical Path Clk Period:          4.00
Total Negative Slack:              0.00
No. of Violating Paths:               0
----------------------------------------


Cell Count
----------------------------------------
Hierarchical Cell Count:              0
Hierarchical Port Count:              0
Leaf Cell Count:                   1000
Buf/Inv Cell Count:                 221
Buf Cell Count:                      19
Inv Cell Count:                     202
Combinational Cell Count:          1000
   Single-bit Isolation Cell Count:                        0
   Multi-bit Isolation Cell Count:                         0
   Isolation Cell Banking Ratio:                           0.00%
   Single-bit Level Shifter Cell Count:                    0
   Multi-bit Level Shifter Cell Count:                     0
   Level Shifter Cell Banking Ratio:                       0.00%
   Single-bit ELS Cell Count:                              0
   Multi-bit ELS Cell Count:                               0
   ELS Cell Banking Ratio:                                 0.00%
Sequential Cell Count:                0
   Integrated Clock-Gating Cell Count:                     0
   Sequential Macro Cell Count:                            0
   Single-bit Sequential Cell Count:                       0
   Multi-bit Sequential Cell Count:                        0
   Sequential Cell Banking Ratio:                          0.00%
   BitsPerflop:                                            0.00
Macro Count:                          0
----------------------------------------


Area
----------------------------------------
Combinational Area:             2543.73
Noncombinational Area:             0.00
Buf/Inv Area:                    331.66
Total Buffer Area:                64.81
Total Inverter Area:             266.85
Macro/Black Box Area:              0.00
Net Area:                             0
Net XLength:                    4896.46
Net YLength:                    9531.64
----------------------------------------
Cell Area (netlist):                           2543.73
Cell Area (netlist and physical only):         2543.73
Net Length:                    14428.10


Design Rules
----------------------------------------
Total Number of Nets:              1131
Nets with Violations:                 5
Max Trans Violations:                 0
Max Cap Violations:                   5
----------------------------------------

1
