****************************************
Report : area
Design : alu_64bit
Version: U-2022.12-SP6
Date   : Wed Feb  4 17:43:52 2026
****************************************

Number of ports:                          195
Number of nets:                          1390
Number of cells:                         1238
Number of combinational cells:           1238
Number of sequential cells:                 0
Number of macros/black boxes:               0
Number of buf/inv:                        178
Number of references:                      98

Combinational area:                   3144.52
Buf/Inv area:                          311.58
Noncombinational area:                   0.00
Macro/Black Box area:                    0.00

Total cell area:                      3144.52
1
