****************************************
Report : power
        -rtl
        -significant_digits 2
Design : alu_64bit
Version: U-2022.12-SP6
Date   : Wed Feb  4 17:43:52 2026
****************************************
Mode: func
Corner: ss0p95v125c
Scenario: func.ss0p95v125c
Voltage: 0.95
Temperature: 125.00

Voltage Unit         : 1V
Capacitance Unit     : 1fF
Time Unit            : 1ns
Temperature Unit     : 1C
Dynamic Power Unit   : 1pW
Leakage Power Unit   : 1pW

                        Internal  Switching  Leakage    Total
Power Group             Power     Power      Power      Power   (     %)
------------------------------------------------------------------------
clock_network            0.00e+00  0.00e+00  0.00e+00  0.00e+00 ( 0.00%)
register                 0.00e+00  0.00e+00  0.00e+00  0.00e+00 ( 0.00%)
combinational            1.03e+08  8.04e+07  2.36e+08  4.20e+08 (100.00%)
sequential               0.00e+00  0.00e+00  0.00e+00  0.00e+00 ( 0.00%)
memory                   0.00e+00  0.00e+00  0.00e+00  0.00e+00 ( 0.00%)
io_pad                   0.00e+00  0.00e+00  0.00e+00  0.00e+00 ( 0.00%)
black_box                0.00e+00  0.00e+00  0.00e+00  0.00e+00 ( 0.00%)

  Net Switching Power  =  8.04e+07   (19.16%)
  Cell Internal Power  =  1.03e+08   (24.58%)
  Cell Leakage Power   =  2.36e+08   (56.26%)
                         ---------
Total Power            =  4.20e+08  (100.00%)
Glitching Power        =  0.00e+00  (100.00%)

1
