****************************************
Report : qor
Design : alu_64bit
Version: U-2022.12-SP6
Date   : Wed Feb  4 17:43:52 2026
****************************************
Information: Timer using 'Estimated Delay Calculation'. (TIM-050)


Scenario           'func.ss0p95v125c'
Timing Path Group  'FEEDTHROUGH'
----------------------------------------
Levels of Logic:                     18
Critical Path Length:              1.51
Critical Path Slack:               0.14
Critical Path Clk Period:          2.51
Total Negative Slack:              0.00
No. of Violating Paths:               0
----------------------------------------


Cell Count
----------------------------------------
Hierarchical Cell Count:              0
Hierarchical Port Count:              0
Leaf Cell Count:                   1238
Buf/Inv Cell Count:                 178
Buf Cell Count:                      26
Inv Cell Count:                     152
Combinational Cell Count:          1238
   Single-bit Isolation Cell Count:                        0
   Multi-bit Isolation Cell Count:                         0
   Isolation Cell Banking Ratio:                           0.00%
   Single-bit Level Shifter Cell Count:                    0
   Multi-bit Level Shifter Cell Count:                     0
   Level Shifter Cell Banking Ratio:                       0.00%
   Single-bit ELS Cell Count:                              0
   Multi-bit ELS Cell Count:                               0
   ELS Cell Banking Ratio:                                 0.00%
Sequential Cell Count:                0
   Integrated Clock-Gating Cell Count:                     0
   Sequential Macro Cell Count:                            0
   Single-bit Sequential Cell Count:                       0
   Multi-bit Sequential Cell Count:                        0
   Sequential Cell Banking Ratio:                          0.00%
   BitsPerflop:                                            0.00
Macro Count:                          0
----------------------------------------


Area
----------------------------------------
Combinational Area:             3144.52
Noncombinational Area:             0.00
Buf/Inv Area:                    311.58
Total Buffer Area:               100.39
Total Inverter Area:             211.19
Macro/Black Box Area:              0.00
Net Area:                             0
Net XLength:                    6055.66
Net YLength:                   11370.68
----------------------------------------
Cell Area (netlist):                           3144.52
Cell Area (netlist and physical only):         3144.52
Net Length:                    17426.34


Design Rules
----------------------------------------
Total Number of Nets:              1390
Nets with Violations:                 3
Max Trans Violations:                 0
Max Cap Violations:                   3
----------------------------------------

1
