****************************************
Report : timing
        -path_type full
        -delay_type max
        -max_paths 1
        -report_by design
Design : alu_64bit
Version: U-2022.12-SP6
Date   : Wed Feb  4 17:43:52 2026
****************************************
Information: Timer using 'Estimated Delay Calculation'. (TIM-050)

  Startpoint: Oper[2] (input port clocked by clk)
  Endpoint: sum[49] (output port clocked by clk)
  Mode: func
  Corner: ss0p95v125c
  Scenario: func.ss0p95v125c
  Path Group: FEEDTHROUGH
  Path Type: max

  Point                                            Incr      Path  
  ------------------------------------------------------------------------
  clock clk (rise edge)                            0.00      0.00
  clock network delay (ideal)                      0.55      0.55
  input external delay                             0.50      1.05 r
  Oper[2] (in)                                     0.00      1.05 r
  A271/Y (INVX16_LVT)                              0.03      1.08 f
  A1295/Y (AND3X2_LVT)                             0.06      1.14 f
  HFSBUF_166_1385/Y (NBUFFX8_RVT)                  0.05      1.19 f
  ctmTdsLR_1_1481/Y (MUX21X1_LVT)                  0.06      1.24 f
  A1289/Y (AOI21X1_LVT)                            0.06      1.30 r
  RS_OP_20_49142_44100_J1/DP_OP_23_2872_4207_J0/ctmi_564/Y (OR2X1_RVT)
                                                   0.05      1.35 r
  ctmi_1039/Y (INVX0_LVT)                          0.01      1.37 f
  ctmi_1037/Y (OAI21X2_RVT)                        0.08      1.45 r
  RS_OP_20_49142_44100_J1/DP_OP_23_2872_4207_J0/ctmi_571/Y (AO21X1_LVT)
                                                   0.04      1.49 r
  RS_OP_20_49142_44100_J1/DP_OP_23_2872_4207_J0/ctmi_570/Y (AO21X1_LVT)
                                                   0.06      1.56 r
  RS_OP_20_49142_44100_J1/DP_OP_23_2872_4207_J0/ctmi_494/Y (AOI21X2_LVT)
                                                   0.05      1.61 f
  HFSINV_548_1374/Y (INVX8_LVT)                    0.05      1.66 r
  RS_OP_20_49142_44100_J1/DP_OP_23_2872_4207_J0/ctmi_422/Y (AO221X1_LVT)
                                                   0.07      1.73 r
  HFSBUF_141_1379/Y (NBUFFX8_LVT)                  0.05      1.77 r
  RS_OP_20_49142_44100_J1/DP_OP_23_2872_4207_J0/ctmi_728/Y (AO221X1_LVT)
                                                   0.07      1.84 r
  RS_OP_20_49142_44100_J1/DP_OP_23_2872_4207_J0/ctmi_725/Y (XNOR2X2_RVT)
                                                   0.08      1.92 r
  ctmi_3947/Y (AO222X1_LVT)                        0.10      2.02 r
  ctmi_3945/Y (OR2X2_LVT)                          0.05      2.06 r
  sum[49] (out)                                    0.00      2.06 r
  data arrival time                                          2.06

  clock clk (rise edge)                            2.51      2.51
  clock network delay (ideal)                      0.50      3.01
  clock uncertainty                               -0.20      2.81
  output external delay                           -0.60      2.20
  data required time                                         2.20
  ------------------------------------------------------------------------
  data required time                                         2.20
  data arrival time                                         -2.06
  ------------------------------------------------------------------------
  slack (MET)                                                0.14


1
