****************************************
Report : area
Design : alu_64bit_ref
Version: U-2022.12-SP6
Date   : Wed Feb  4 18:13:12 2026
****************************************

Number of ports:                          195
Number of nets:                          1133
Number of cells:                         1002
Number of combinational cells:           1002
Number of sequential cells:                 0
Number of macros/black boxes:               0
Number of buf/inv:                        220
Number of references:                      42

Combinational area:                   2550.34
Buf/Inv area:                          331.40
Noncombinational area:                   0.00
Macro/Black Box area:                    0.00

Total cell area:                      2550.34
1
