****************************************
Report : qor
Design : alu_64bit_ref
Version: U-2022.12-SP6
Date   : Wed Feb  4 18:13:12 2026
****************************************
Information: Timer using 'Estimated Delay Calculation'. (TIM-050)


Scenario           'func.ss0p95v125c'
Timing Path Group  'FEEDTHROUGH'
----------------------------------------
Levels of Logic:                     28
Critical Path Length:              2.27
Critical Path Slack:               0.69
Critical Path Clk Period:          3.80
Total Negative Slack:              0.00
No. of Violating Paths:               0
----------------------------------------


Cell Count
----------------------------------------
Hierarchical Cell Count:              0
Hierarchical Port Count:              0
Leaf Cell Count:                   1002
Buf/Inv Cell Count:                 220
Buf Cell Count:                      20
Inv Cell Count:                     200
Combinational Cell Count:          1002
   Single-bit Isolation Cell Count:                        0
   Multi-bit Isolation Cell Count:                         0
   Isolation Cell Banking Ratio:                           0.00%
   Single-bit Level Shifter Cell Count:                    0
   Multi-bit Level Shifter Cell Count:                     0
   Level Shifter Cell Banking Ratio:                       0.00%
   Single-bit ELS Cell Count:                              0
   Multi-bit ELS Cell Count:                               0
   ELS Cell Banking Ratio:                                 0.00%
Sequential Cell Count:                0
   Integrated Clock-Gating Cell Count:                     0
   Sequential Macro Cell Count:                            0
   Single-bit Sequential Cell Count:                       0
   Multi-bit Sequential Cell Count:                        0
   Sequential Cell Banking Ratio:                          0.00%
   BitsPerflop:                                            0.00
Macro Count:                          0
----------------------------------------


Area
----------------------------------------
Combinational Area:             2550.34
Noncombinational Area:             0.00
Buf/Inv Area:                    331.40
Total Buffer Area:                67.35
Total Inverter Area:             264.06
Macro/Black Box Area:              0.00
Net Area:                             0
Net XLength:                    4741.79
Net YLength:                    9350.63
----------------------------------------
Cell Area (netlist):                           2550.34
Cell Area (netlist and physical only):         2550.34
Net Length:                    14092.43


Design Rules
----------------------------------------
Total Number of Nets:              1133
Nets with Violations:                 3
Max Trans Violations:                 0
Max Cap Violations:                   3
----------------------------------------

1
