****************************************
Report : timing
        -path_type full
        -delay_type max
        -max_paths 1
        -report_by design
Design : alu_64bit_ref
Version: U-2022.12-SP6
Date   : Wed Feb  4 18:13:12 2026
****************************************
Information: Timer using 'Estimated Delay Calculation'. (TIM-050)

  Startpoint: Oper[2] (input port clocked by clk)
  Endpoint: sum[62] (output port clocked by clk)
  Mode: func
  Corner: ss0p95v125c
  Scenario: func.ss0p95v125c
  Path Group: FEEDTHROUGH
  Path Type: max

  Point                                            Incr      Path  
  ------------------------------------------------------------------------
  clock clk (rise edge)                            0.00      0.00
  clock network delay (ideal)                      0.55      0.55
  input external delay                             0.50      1.05 f
  Oper[2] (in)                                     0.00      1.05 f
  ctmi_461/Y (OR2X2_LVT)                           0.05      1.10 f
  HFSINV_209_625/Y (INVX8_HVT)                     0.06      1.16 r
  A6/Y (NAND2X4_RVT)                               0.03      1.18 f
  HFSINV_390_617/Y (INVX8_LVT)                     0.06      1.24 r
  ctmi_3105/Y (AO222X1_RVT)                        0.10      1.34 r
  DP_OP_14_43174_27450_J1/ctmi_128/Y (OR2X1_HVT)   0.05      1.39 r
  DP_OP_14_43174_27450_J1/ctmi_126/Y (AND2X1_RVT)
                                                   0.04      1.43 r
  DP_OP_14_43174_27450_J1/ctmi_125/Y (AO221X1_RVT)
                                                   0.09      1.52 r
  DP_OP_14_43174_27450_J1/ctmi_117/Y (AO221X1_RVT)
                                                   0.08      1.59 r
  DP_OP_14_43174_27450_J1/ctmi_101/Y (AO221X2_RVT)
                                                   0.09      1.68 r
  DP_OP_14_43174_27450_J1/ctmi_61/Y (AO221X2_LVT)
                                                   0.08      1.76 r
  DP_OP_14_43174_27450_J1/ctmi_25/Y (AOI221X2_LVT)
                                                   0.10      1.86 f
  DP_OP_14_43174_27450_J1/ctmi_24/Y (OA21X1_LVT)   0.06      1.92 f
  DP_OP_14_43174_27450_J1/ctmi_23/Y (OA21X1_LVT)   0.06      1.98 f
  DP_OP_14_43174_27450_J1/ctmi_22/Y (OA21X1_LVT)   0.06      2.04 f
  DP_OP_14_43174_27450_J1/ctmi_21/Y (OA21X1_LVT)   0.06      2.09 f
  DP_OP_14_43174_27450_J1/ctmi_20/Y (OA21X1_LVT)   0.06      2.15 f
  DP_OP_14_43174_27450_J1/ctmi_19/Y (OA21X1_LVT)   0.06      2.21 f
  DP_OP_14_43174_27450_J1/ctmi_18/Y (OA21X1_LVT)   0.06      2.27 f
  DP_OP_14_43174_27450_J1/ctmi_17/Y (OA21X1_LVT)   0.06      2.32 f
  DP_OP_14_43174_27450_J1/ctmi_16/Y (OA21X1_LVT)   0.06      2.38 f
  DP_OP_14_43174_27450_J1/ctmi_15/Y (OA21X1_LVT)   0.06      2.44 f
  DP_OP_14_43174_27450_J1/ctmi_14/Y (OA21X1_LVT)   0.06      2.49 f
  DP_OP_14_43174_27450_J1/ctmi_13/Y (OA21X1_LVT)   0.06      2.55 f
  DP_OP_14_43174_27450_J1/ctmi_12/Y (OA21X1_LVT)   0.06      2.61 f
  DP_OP_14_43174_27450_J1/ctmi_227/Y (XNOR2X1_RVT)
                                                   0.08      2.69 r
  ctmi_3122/Y (AO222X1_RVT)                        0.08      2.77 r
  ctmi_3120/Y (OR2X2_RVT)                          0.05      2.82 r
  sum[62] (out)                                    0.00      2.82 r
  data arrival time                                          2.82

  clock clk (rise edge)                            3.80      3.80
  clock network delay (ideal)                      0.50      4.30
  clock uncertainty                               -0.20      4.10
  output external delay                           -0.60      3.50
  data required time                                         3.50
  ------------------------------------------------------------------------
  data required time                                         3.50
  data arrival time                                         -2.82
  ------------------------------------------------------------------------
  slack (MET)                                                0.69


1
