****************************************
Report : area
Design : alu_64bit
Version: U-2022.12-SP6
Date   : Wed Feb  4 17:49:53 2026
****************************************

Number of ports:                          195
Number of nets:                          1080
Number of cells:                          949
Number of combinational cells:            949
Number of sequential cells:                 0
Number of macros/black boxes:               0
Number of buf/inv:                        128
Number of references:                      51

Combinational area:                   2506.88
Buf/Inv area:                          216.53
Noncombinational area:                   0.00
Macro/Black Box area:                    0.00

Total cell area:                      2506.88
1
