****************************************
Report : area
Design : alu_64bit_ref
Version: U-2022.12-SP6
Date   : Wed Feb  4 17:43:31 2026
****************************************

Number of ports:                          195
Number of nets:                          1364
Number of cells:                         1210
Number of combinational cells:           1210
Number of sequential cells:                 0
Number of macros/black boxes:               0
Number of buf/inv:                        243
Number of references:                      93

Combinational area:                   3005.76
Buf/Inv area:                          386.55
Noncombinational area:                   0.00
Macro/Black Box area:                    0.00

Total cell area:                      3005.76
1
