****************************************
Report : qor
Design : alu_64bit_ref
Version: U-2022.12-SP6
Date   : Wed Feb  4 17:43:31 2026
****************************************
Information: Timer using 'Estimated Delay Calculation'. (TIM-050)


Scenario           'func.ss0p95v125c'
Timing Path Group  'FEEDTHROUGH'
----------------------------------------
Levels of Logic:                     19
Critical Path Length:              1.53
Critical Path Slack:               0.13
Critical Path Clk Period:          2.51
Total Negative Slack:              0.00
No. of Violating Paths:               0
----------------------------------------


Cell Count
----------------------------------------
Hierarchical Cell Count:              0
Hierarchical Port Count:              0
Leaf Cell Count:                   1210
Buf/Inv Cell Count:                 243
Buf Cell Count:                      21
Inv Cell Count:                     222
Combinational Cell Count:          1210
   Single-bit Isolation Cell Count:                        0
   Multi-bit Isolation Cell Count:                         0
   Isolation Cell Banking Ratio:                           0.00%
   Single-bit Level Shifter Cell Count:                    0
   Multi-bit Level Shifter Cell Count:                     0
   Level Shifter Cell Banking Ratio:                       0.00%
   Single-bit ELS Cell Count:                              0
   Multi-bit ELS Cell Count:                               0
   ELS Cell Banking Ratio:                                 0.00%
Sequential Cell Count:                0
   Integrated Clock-Gating Cell Count:                     0
   Sequential Macro Cell Count:                            0
   Single-bit Sequential Cell Count:                       0
   Multi-bit Sequential Cell Count:                        0
   Sequential Cell Banking Ratio:                          0.00%
   BitsPerflop:                                            0.00
Macro Count:                          0
----------------------------------------


Area
----------------------------------------
Combinational Area:             3005.76
Noncombinational Area:             0.00
Buf/Inv Area:                    386.55
Total Buffer Area:                83.36
Total Inverter Area:             303.19
Macro/Black Box Area:              0.00
Net Area:                             0
Net XLength:                    5214.98
Net YLength:                   10377.79
----------------------------------------
Cell Area (netlist):                           3005.76
Cell Area (netlist and physical only):         3005.76
Net Length:                    15592.77


Design Rules
----------------------------------------
Total Number of Nets:              1364
Nets with Violations:                22
Max Trans Violations:                 0
Max Cap Violations:                  22
----------------------------------------

1
