****************************************
Report : area
Design : alu_64bit_ref
Version: U-2022.12-SP6
Date   : Wed Feb  4 17:54:05 2026
****************************************

Number of ports:                          195
Number of nets:                          2494
Number of cells:                         2284
Number of combinational cells:           2284
Number of sequential cells:                 0
Number of macros/black boxes:               0
Number of buf/inv:                        325
Number of references:                      88

Combinational area:                   4804.34
Buf/Inv area:                          610.20
Noncombinational area:                   0.00
Macro/Black Box area:                    0.00

Total cell area:                      4804.34
1
