****************************************
Report : qor
Design : alu_64bit_ref
Version: U-2022.12-SP6
Date   : Wed Feb  4 17:54:05 2026
****************************************
Information: Timer using 'Estimated Delay Calculation'. (TIM-050)


Scenario           'func.ss0p95v125c'
Timing Path Group  'FEEDTHROUGH'
----------------------------------------
Levels of Logic:                     14
Critical Path Length:              1.24
Critical Path Slack:              -0.84
Critical Path Clk Period:          1.26
Total Negative Slack:            -47.65
No. of Violating Paths:              64
----------------------------------------


Cell Count
----------------------------------------
Hierarchical Cell Count:              0
Hierarchical Port Count:              0
Leaf Cell Count:                   2284
Buf/Inv Cell Count:                 325
Buf Cell Count:                      43
Inv Cell Count:                     282
Combinational Cell Count:          2284
   Single-bit Isolation Cell Count:                        0
   Multi-bit Isolation Cell Count:                         0
   Isolation Cell Banking Ratio:                           0.00%
   Single-bit Level Shifter Cell Count:                    0
   Multi-bit Level Shifter Cell Count:                     0
   Level Shifter Cell Banking Ratio:                       0.00%
   Single-bit ELS Cell Count:                              0
   Multi-bit ELS Cell Count:                               0
   ELS Cell Banking Ratio:                                 0.00%
Sequential Cell Count:                0
   Integrated Clock-Gating Cell Count:                     0
   Sequential Macro Cell Count:                            0
   Single-bit Sequential Cell Count:                       0
   Multi-bit Sequential Cell Count:                        0
   Sequential Cell Banking Ratio:                          0.00%
   BitsPerflop:                                            0.00
Macro Count:                          0
----------------------------------------


Area
----------------------------------------
Combinational Area:             4804.34
Noncombinational Area:             0.00
Buf/Inv Area:                    610.20
Total Buffer Area:               190.61
Total Inverter Area:             419.59
Macro/Black Box Area:              0.00
Net Area:                             0
Net XLength:                    9193.71
Net YLength:                   15162.55
----------------------------------------
Cell Area (netlist):                           4804.34
Cell Area (netlist and physical only):         4804.34
Net Length:                    24356.26


Design Rules
----------------------------------------
Total Number of Nets:              2494
Nets with Violations:                 1
Max Trans Violations:                 0
Max Cap Violations:                   1
----------------------------------------

1
