****************************************
Report : area
Design : alu_64bit
Version: U-2022.12-SP6
Date   : Wed Feb  4 17:56:04 2026
****************************************

Number of ports:                          195
Number of nets:                          2289
Number of cells:                         2113
Number of combinational cells:           2113
Number of sequential cells:                 0
Number of macros/black boxes:               0
Number of buf/inv:                        298
Number of references:                      81

Combinational area:                   4471.16
Buf/Inv area:                          531.92
Noncombinational area:                   0.00
Macro/Black Box area:                    0.00

Total cell area:                      4471.16
1
