****************************************
Report : area
Design : alu_64bit_ref
Version: U-2022.12-SP6
Date   : Wed Feb  4 18:18:24 2026
****************************************

Number of ports:                          195
Number of nets:                          1116
Number of cells:                          985
Number of combinational cells:            985
Number of sequential cells:                 0
Number of macros/black boxes:               0
Number of buf/inv:                        221
Number of references:                      44

Combinational area:                   2517.30
Buf/Inv area:                          337.50
Noncombinational area:                   0.00
Macro/Black Box area:                    0.00

Total cell area:                      2517.30
1
