****************************************
Report : qor
Design : alu_64bit_ref
Version: U-2022.12-SP6
Date   : Wed Feb  4 18:18:24 2026
****************************************
Information: Timer using 'Estimated Delay Calculation'. (TIM-050)


Scenario           'func.ss0p95v125c'
Timing Path Group  'FEEDTHROUGH'
----------------------------------------
Levels of Logic:                     39
Critical Path Length:              2.88
Critical Path Slack:               1.06
Critical Path Clk Period:          4.79
Total Negative Slack:              0.00
No. of Violating Paths:               0
----------------------------------------


Cell Count
----------------------------------------
Hierarchical Cell Count:              0
Hierarchical Port Count:              0
Leaf Cell Count:                    985
Buf/Inv Cell Count:                 221
Buf Cell Count:                      20
Inv Cell Count:                     201
Combinational Cell Count:           985
   Single-bit Isolation Cell Count:                        0
   Multi-bit Isolation Cell Count:                         0
   Isolation Cell Banking Ratio:                           0.00%
   Single-bit Level Shifter Cell Count:                    0
   Multi-bit Level Shifter Cell Count:                     0
   Level Shifter Cell Banking Ratio:                       0.00%
   Single-bit ELS Cell Count:                              0
   Multi-bit ELS Cell Count:                               0
   ELS Cell Banking Ratio:                                 0.00%
Sequential Cell Count:                0
   Integrated Clock-Gating Cell Count:                     0
   Sequential Macro Cell Count:                            0
   Single-bit Sequential Cell Count:                       0
   Multi-bit Sequential Cell Count:                        0
   Sequential Cell Banking Ratio:                          0.00%
   BitsPerflop:                                            0.00
Macro Count:                          0
----------------------------------------


Area
----------------------------------------
Combinational Area:             2517.30
Noncombinational Area:             0.00
Buf/Inv Area:                    337.50
Total Buffer Area:                71.16
Total Inverter Area:             266.34
Macro/Black Box Area:              0.00
Net Area:                             0
Net XLength:                    4673.09
Net YLength:                    9404.68
----------------------------------------
Cell Area (netlist):                           2517.30
Cell Area (netlist and physical only):         2517.30
Net Length:                    14077.77


Design Rules
----------------------------------------
Total Number of Nets:              1116
Nets with Violations:                 4
Max Trans Violations:                 0
Max Cap Violations:                   4
----------------------------------------

1
