****************************************
Report : area
Design : alu_64bit_ref
Version: U-2022.12-SP6
Date   : Wed Feb  4 17:44:34 2026
****************************************

Number of ports:                          195
Number of nets:                          1139
Number of cells:                         1008
Number of combinational cells:           1008
Number of sequential cells:                 0
Number of macros/black boxes:               0
Number of buf/inv:                        224
Number of references:                      45

Combinational area:                   2556.94
Buf/Inv area:                          336.23
Noncombinational area:                   0.00
Macro/Black Box area:                    0.00

Total cell area:                      2556.94
1
