****************************************
Report : area
Design : alu_64bit_ref
Version: U-2022.12-SP6
Date   : Wed Feb  4 17:55:20 2026
****************************************

Number of ports:                          195
Number of nets:                          1848
Number of cells:                         1640
Number of combinational cells:           1640
Number of sequential cells:                 0
Number of macros/black boxes:               0
Number of buf/inv:                        189
Number of references:                     102

Combinational area:                   3818.51
Buf/Inv area:                          371.30
Noncombinational area:                   0.00
Macro/Black Box area:                    0.00

Total cell area:                      3818.51
1
