****************************************
Report : qor
Design : alu_64bit_ref
Version: U-2022.12-SP6
Date   : Wed Feb  4 17:55:20 2026
****************************************
Information: Timer using 'Estimated Delay Calculation'. (TIM-050)


Scenario           'func.ss0p95v125c'
Timing Path Group  'FEEDTHROUGH'
----------------------------------------
Levels of Logic:                     15
Critical Path Length:              1.28
Critical Path Slack:              -0.25
Critical Path Clk Period:          1.88
Total Negative Slack:            -11.60
No. of Violating Paths:              60
----------------------------------------


Cell Count
----------------------------------------
Hierarchical Cell Count:              0
Hierarchical Port Count:              0
Leaf Cell Count:                   1640
Buf/Inv Cell Count:                 189
Buf Cell Count:                      26
Inv Cell Count:                     163
Combinational Cell Count:          1640
   Single-bit Isolation Cell Count:                        0
   Multi-bit Isolation Cell Count:                         0
   Isolation Cell Banking Ratio:                           0.00%
   Single-bit Level Shifter Cell Count:                    0
   Multi-bit Level Shifter Cell Count:                     0
   Level Shifter Cell Banking Ratio:                       0.00%
   Single-bit ELS Cell Count:                              0
   Multi-bit ELS Cell Count:                               0
   ELS Cell Banking Ratio:                                 0.00%
Sequential Cell Count:                0
   Integrated Clock-Gating Cell Count:                     0
   Sequential Macro Cell Count:                            0
   Single-bit Sequential Cell Count:                       0
   Multi-bit Sequential Cell Count:                        0
   Sequential Cell Banking Ratio:                          0.00%
   BitsPerflop:                                            0.00
Macro Count:                          0
----------------------------------------


Area
----------------------------------------
Combinational Area:             3818.51
Noncombinational Area:             0.00
Buf/Inv Area:                    371.30
Total Buffer Area:               125.04
Total Inverter Area:             246.27
Macro/Black Box Area:              0.00
Net Area:                             0
Net XLength:                    7288.72
Net YLength:                   12491.60
----------------------------------------
Cell Area (netlist):                           3818.51
Cell Area (netlist and physical only):         3818.51
Net Length:                    19780.33


Design Rules
----------------------------------------
Total Number of Nets:              1848
Nets with Violations:                 1
Max Trans Violations:                 0
Max Cap Violations:                   1
----------------------------------------

1
