****************************************
Report : timing
        -path_type full
        -delay_type max
        -max_paths 1
        -report_by design
Design : alu_64bit_ref
Version: U-2022.12-SP6
Date   : Wed Feb  4 17:55:20 2026
****************************************
Information: Timer using 'Estimated Delay Calculation'. (TIM-050)

  Startpoint: Oper[1] (input port clocked by clk)
  Endpoint: sum[61] (output port clocked by clk)
  Mode: func
  Corner: ss0p95v125c
  Scenario: func.ss0p95v125c
  Path Group: FEEDTHROUGH
  Path Type: max

  Point                                            Incr      Path  
  ------------------------------------------------------------------------
  clock clk (rise edge)                            0.00      0.00
  clock network delay (ideal)                      0.55      0.55
  input external delay                             0.50      1.05 f
  Oper[1] (in)                                     0.00      1.05 f
  ctmTdsLR_2_4274/Y (OR2X1_LVT)                    0.05      1.10 f
  ctmTdsLR_1_4273/Y (OR2X4_LVT)                    0.05      1.14 f
  HFSINV_181_4117/Y (INVX16_LVT)                   0.06      1.20 r
  ctmi_1823/Y (NAND2X0_LVT)                        0.02      1.22 f
  ctmTdsLR_1_4217/Y (OAI221X2_LVT)                 0.08      1.30 r
  ctmi_1838/Y (OR2X2_LVT)                          0.05      1.35 r
  ctmTdsLR_1_4161/Y (NAND3X0_LVT)                  0.03      1.38 f
  A3397/Y (AND3X2_LVT)                             0.06      1.45 f
  ctmTdsLR_4_4186/Y (OA22X2_LVT)                   0.07      1.52 f
  A3373/Y (OA21X2_LVT)                             0.06      1.57 f
  A3985/Y (OA21X2_LVT)                             0.06      1.63 f
  HFSBUF_187_4108/Y (NBUFFX16_LVT)                 0.05      1.68 f
  A4010/Y (OR2X1_LVT)                              0.05      1.73 f
  A4011/Y (NAND2X0_LVT)                            0.03      1.76 r
  A3174/Y (AO21X2_LVT)                             0.06      1.83 r
  sum[61] (out)                                    0.00      1.83 r
  data arrival time                                          1.83

  clock clk (rise edge)                            1.88      1.88
  clock network delay (ideal)                      0.50      2.38
  clock uncertainty                               -0.20      2.18
  output external delay                           -0.60      1.58
  data required time                                         1.58
  ------------------------------------------------------------------------
  data required time                                         1.58
  data arrival time                                         -1.83
  ------------------------------------------------------------------------
  slack (VIOLATED)                                          -0.25


1
