****************************************
Report : area
Design : alu_64bit
Version: U-2022.12-SP6
Date   : Wed Feb  4 18:15:43 2026
****************************************

Number of ports:                          195
Number of nets:                          1140
Number of cells:                         1007
Number of combinational cells:           1007
Number of sequential cells:                 0
Number of macros/black boxes:               0
Number of buf/inv:                        147
Number of references:                      53

Combinational area:                   2632.93
Buf/Inv area:                          247.28
Noncombinational area:                   0.00
Macro/Black Box area:                    0.00

Total cell area:                      2632.93
1
