****************************************
Report : qor
Design : alu_64bit
Version: U-2022.12-SP6
Date   : Wed Feb  4 18:15:43 2026
****************************************
Information: Timer using 'Estimated Delay Calculation'. (TIM-050)


Scenario           'func.ss0p95v125c'
Timing Path Group  'FEEDTHROUGH'
----------------------------------------
Levels of Logic:                     22
Critical Path Length:              1.80
Critical Path Slack:               0.68
Critical Path Clk Period:          3.34
Total Negative Slack:              0.00
No. of Violating Paths:               0
----------------------------------------


Cell Count
----------------------------------------
Hierarchical Cell Count:              0
Hierarchical Port Count:              0
Leaf Cell Count:                   1007
Buf/Inv Cell Count:                 147
Buf Cell Count:                      20
Inv Cell Count:                     127
Combinational Cell Count:          1007
   Single-bit Isolation Cell Count:                        0
   Multi-bit Isolation Cell Count:                         0
   Isolation Cell Banking Ratio:                           0.00%
   Single-bit Level Shifter Cell Count:                    0
   Multi-bit Level Shifter Cell Count:                     0
   Level Shifter Cell Banking Ratio:                       0.00%
   Single-bit ELS Cell Count:                              0
   Multi-bit ELS Cell Count:                               0
   ELS Cell Banking Ratio:                                 0.00%
Sequential Cell Count:                0
   Integrated Clock-Gating Cell Count:                     0
   Sequential Macro Cell Count:                            0
   Single-bit Sequential Cell Count:                       0
   Multi-bit Sequential Cell Count:                        0
   Sequential Cell Banking Ratio:                          0.00%
   BitsPerflop:                                            0.00
Macro Count:                          0
----------------------------------------


Area
----------------------------------------
Combinational Area:             2632.93
Noncombinational Area:             0.00
Buf/Inv Area:                    247.28
Total Buffer Area:                72.18
Total Inverter Area:             175.11
Macro/Black Box Area:              0.00
Net Area:                             0
Net XLength:                    5192.95
Net YLength:                    9984.62
----------------------------------------
Cell Area (netlist):                           2632.93
Cell Area (netlist and physical only):         2632.93
Net Length:                    15177.57


Design Rules
----------------------------------------
Total Number of Nets:              1140
Nets with Violations:                 9
Max Trans Violations:                 0
Max Cap Violations:                   9
----------------------------------------

1
