****************************************
Report : area
Design : alu_64bit_ref
Version: U-2022.12-SP6
Date   : Wed Feb  4 17:56:33 2026
****************************************

Number of ports:                          195
Number of nets:                          1762
Number of cells:                         1595
Number of combinational cells:           1595
Number of sequential cells:                 0
Number of macros/black boxes:               0
Number of buf/inv:                        360
Number of references:                     103

Combinational area:                   3676.45
Buf/Inv area:                          567.25
Noncombinational area:                   0.00
Macro/Black Box area:                    0.00

Total cell area:                      3676.45
1
