****************************************
Report : qor
Design : alu_64bit_ref
Version: U-2022.12-SP6
Date   : Wed Feb  4 17:56:33 2026
****************************************
Information: Timer using 'Estimated Delay Calculation'. (TIM-050)


Scenario           'func.ss0p95v125c'
Timing Path Group  'FEEDTHROUGH'
----------------------------------------
Levels of Logic:                     21
Critical Path Length:              1.39
Critical Path Slack:              -0.05
Critical Path Clk Period:          2.19
Total Negative Slack:             -0.56
No. of Violating Paths:              26
----------------------------------------


Cell Count
----------------------------------------
Hierarchical Cell Count:              0
Hierarchical Port Count:              0
Leaf Cell Count:                   1595
Buf/Inv Cell Count:                 360
Buf Cell Count:                      28
Inv Cell Count:                     332
Combinational Cell Count:          1595
   Single-bit Isolation Cell Count:                        0
   Multi-bit Isolation Cell Count:                         0
   Isolation Cell Banking Ratio:                           0.00%
   Single-bit Level Shifter Cell Count:                    0
   Multi-bit Level Shifter Cell Count:                     0
   Level Shifter Cell Banking Ratio:                       0.00%
   Single-bit ELS Cell Count:                              0
   Multi-bit ELS Cell Count:                               0
   ELS Cell Banking Ratio:                                 0.00%
Sequential Cell Count:                0
   Integrated Clock-Gating Cell Count:                     0
   Sequential Macro Cell Count:                            0
   Single-bit Sequential Cell Count:                       0
   Multi-bit Sequential Cell Count:                        0
   Sequential Cell Banking Ratio:                          0.00%
   BitsPerflop:                                            0.00
Macro Count:                          0
----------------------------------------


Area
----------------------------------------
Combinational Area:             3676.45
Noncombinational Area:             0.00
Buf/Inv Area:                    567.25
Total Buffer Area:               113.86
Total Inverter Area:             453.39
Macro/Black Box Area:              0.00
Net Area:                             0
Net XLength:                    6900.11
Net YLength:                   12648.47
----------------------------------------
Cell Area (netlist):                           3676.45
Cell Area (netlist and physical only):         3676.45
Net Length:                    19548.58


Design Rules
----------------------------------------
Total Number of Nets:              1762
Nets with Violations:                 1
Max Trans Violations:                 0
Max Cap Violations:                   1
----------------------------------------

1
