****************************************
Report : area
Design : alu_64bit
Version: U-2022.12-SP6
Date   : Wed Feb  4 18:19:21 2026
****************************************

Number of ports:                          195
Number of nets:                          1111
Number of cells:                          980
Number of combinational cells:            980
Number of sequential cells:                 0
Number of macros/black boxes:               0
Number of buf/inv:                        141
Number of references:                      50

Combinational area:                   2573.72
Buf/Inv area:                          234.07
Noncombinational area:                   0.00
Macro/Black Box area:                    0.00

Total cell area:                      2573.72
1
