****************************************
Report : area
Design : alu_64bit_ref
Version: U-2022.12-SP6
Date   : Wed Feb  4 17:42:25 2026
****************************************

Number of ports:                          195
Number of nets:                          1112
Number of cells:                          981
Number of combinational cells:            981
Number of sequential cells:                 0
Number of macros/black boxes:               0
Number of buf/inv:                        220
Number of references:                      42

Combinational area:                   2504.84
Buf/Inv area:                          333.69
Noncombinational area:                   0.00
Macro/Black Box area:                    0.00

Total cell area:                      2504.84
1
