****************************************
Report : area
Design : alu_64bit_ref
Version: U-2022.12-SP6
Date   : Wed Feb  4 18:11:07 2026
****************************************

Number of ports:                          195
Number of nets:                          1144
Number of cells:                         1013
Number of combinational cells:           1013
Number of sequential cells:                 0
Number of macros/black boxes:               0
Number of buf/inv:                        224
Number of references:                      55

Combinational area:                   2568.89
Buf/Inv area:                          336.49
Noncombinational area:                   0.00
Macro/Black Box area:                    0.00

Total cell area:                      2568.89
1
