****************************************
Report : qor
Design : alu_64bit_ref
Version: U-2022.12-SP6
Date   : Wed Feb  4 18:11:07 2026
****************************************
Information: Timer using 'Estimated Delay Calculation'. (TIM-050)


Scenario           'func.ss0p95v125c'
Timing Path Group  'FEEDTHROUGH'
----------------------------------------
Levels of Logic:                     25
Critical Path Length:              2.03
Critical Path Slack:               0.52
Critical Path Clk Period:          3.41
Total Negative Slack:              0.00
No. of Violating Paths:               0
----------------------------------------


Cell Count
----------------------------------------
Hierarchical Cell Count:              0
Hierarchical Port Count:              0
Leaf Cell Count:                   1013
Buf/Inv Cell Count:                 224
Buf Cell Count:                      19
Inv Cell Count:                     205
Combinational Cell Count:          1013
   Single-bit Isolation Cell Count:                        0
   Multi-bit Isolation Cell Count:                         0
   Isolation Cell Banking Ratio:                           0.00%
   Single-bit Level Shifter Cell Count:                    0
   Multi-bit Level Shifter Cell Count:                     0
   Level Shifter Cell Banking Ratio:                       0.00%
   Single-bit ELS Cell Count:                              0
   Multi-bit ELS Cell Count:                               0
   ELS Cell Banking Ratio:                                 0.00%
Sequential Cell Count:                0
   Integrated Clock-Gating Cell Count:                     0
   Sequential Macro Cell Count:                            0
   Single-bit Sequential Cell Count:                       0
   Multi-bit Sequential Cell Count:                        0
   Sequential Cell Banking Ratio:                          0.00%
   BitsPerflop:                                            0.00
Macro Count:                          0
----------------------------------------


Area
----------------------------------------
Combinational Area:             2568.89
Noncombinational Area:             0.00
Buf/Inv Area:                    336.49
Total Buffer Area:                64.81
Total Inverter Area:             271.68
Macro/Black Box Area:              0.00
Net Area:                             0
Net XLength:                    4967.49
Net YLength:                    9434.93
----------------------------------------
Cell Area (netlist):                           2568.89
Cell Area (netlist and physical only):         2568.89
Net Length:                    14402.41


Design Rules
----------------------------------------
Total Number of Nets:              1144
Nets with Violations:                10
Max Trans Violations:                 0
Max Cap Violations:                  10
----------------------------------------

1
