****************************************
Report : area
Design : alu_64bit
Version: U-2022.12-SP6
Date   : Wed Feb  4 17:47:31 2026
****************************************

Number of ports:                          195
Number of nets:                          1086
Number of cells:                          955
Number of combinational cells:            955
Number of sequential cells:                 0
Number of macros/black boxes:               0
Number of buf/inv:                        129
Number of references:                      52

Combinational area:                   2513.23
Buf/Inv area:                          210.69
Noncombinational area:                   0.00
Macro/Black Box area:                    0.00

Total cell area:                      2513.23
1
