****************************************
Report : area
Design : alu_64bit_ref
Version: U-2022.12-SP6
Date   : Wed Feb  4 18:10:05 2026
****************************************

Number of ports:                          195
Number of nets:                          1147
Number of cells:                         1016
Number of combinational cells:           1016
Number of sequential cells:                 0
Number of macros/black boxes:               0
Number of buf/inv:                        222
Number of references:                      53

Combinational area:                   2569.40
Buf/Inv area:                          332.93
Noncombinational area:                   0.00
Macro/Black Box area:                    0.00

Total cell area:                      2569.40
1
