****************************************
Report : qor
Design : alu_64bit_ref
Version: U-2022.12-SP6
Date   : Wed Feb  4 18:10:05 2026
****************************************
Information: Timer using 'Estimated Delay Calculation'. (TIM-050)


Scenario           'func.ss0p95v125c'
Timing Path Group  'FEEDTHROUGH'
----------------------------------------
Levels of Logic:                     22
Critical Path Length:              1.86
Critical Path Slack:               0.50
Critical Path Clk Period:          3.21
Total Negative Slack:              0.00
No. of Violating Paths:               0
----------------------------------------


Cell Count
----------------------------------------
Hierarchical Cell Count:              0
Hierarchical Port Count:              0
Leaf Cell Count:                   1016
Buf/Inv Cell Count:                 222
Buf Cell Count:                      20
Inv Cell Count:                     202
Combinational Cell Count:          1016
   Single-bit Isolation Cell Count:                        0
   Multi-bit Isolation Cell Count:                         0
   Isolation Cell Banking Ratio:                           0.00%
   Single-bit Level Shifter Cell Count:                    0
   Multi-bit Level Shifter Cell Count:                     0
   Level Shifter Cell Banking Ratio:                       0.00%
   Single-bit ELS Cell Count:                              0
   Multi-bit ELS Cell Count:                               0
   ELS Cell Banking Ratio:                                 0.00%
Sequential Cell Count:                0
   Integrated Clock-Gating Cell Count:                     0
   Sequential Macro Cell Count:                            0
   Single-bit Sequential Cell Count:                       0
   Multi-bit Sequential Cell Count:                        0
   Sequential Cell Banking Ratio:                          0.00%
   BitsPerflop:                                            0.00
Macro Count:                          0
----------------------------------------


Area
----------------------------------------
Combinational Area:             2569.40
Noncombinational Area:             0.00
Buf/Inv Area:                    332.93
Total Buffer Area:                66.08
Total Inverter Area:             266.85
Macro/Black Box Area:              0.00
Net Area:                             0
Net XLength:                    4744.47
Net YLength:                    9384.18
----------------------------------------
Cell Area (netlist):                           2569.40
Cell Area (netlist and physical only):         2569.40
Net Length:                    14128.65


Design Rules
----------------------------------------
Total Number of Nets:              1147
Nets with Violations:                16
Max Trans Violations:                 0
Max Cap Violations:                  16
----------------------------------------

1
