****************************************
Report : timing
        -path_type full
        -delay_type max
        -max_paths 1
        -report_by design
Design : alu_64bit_ref
Version: U-2022.12-SP6
Date   : Wed Feb  4 18:10:05 2026
****************************************
Information: Timer using 'Estimated Delay Calculation'. (TIM-050)

  Startpoint: Oper[2] (input port clocked by clk)
  Endpoint: sum[62] (output port clocked by clk)
  Mode: func
  Corner: ss0p95v125c
  Scenario: func.ss0p95v125c
  Path Group: FEEDTHROUGH
  Path Type: max

  Point                                            Incr      Path  
  ------------------------------------------------------------------------
  clock clk (rise edge)                            0.00      0.00
  clock network delay (ideal)                      0.55      0.55
  input external delay                             0.50      1.05 f
  Oper[2] (in)                                     0.00      1.05 f
  ctmi_476/Y (OR2X2_LVT)                           0.05      1.10 f
  HFSINV_189_646/Y (INVX8_LVT)                     0.06      1.16 r
  A6/Y (NAND2X4_LVT)                               0.03      1.18 f
  HFSINV_171_639/Y (INVX4_LVT)                     0.05      1.24 r
  ctmi_3105/Y (AO222X1_RVT)                        0.10      1.34 r
  DP_OP_14_43174_27450_J1/ctmi_86/Y (OR2X1_HVT)    0.05      1.39 r
  DP_OP_14_43174_27450_J1/ctmi_84/Y (AND2X1_RVT)   0.04      1.43 r
  DP_OP_14_43174_27450_J1/ctmi_83/Y (AO221X1_RVT)
                                                   0.09      1.52 r
  DP_OP_14_43174_27450_J1/ctmi_75/Y (AO221X1_LVT)
                                                   0.08      1.59 r
  DP_OP_14_43174_27450_J1/ctmi_59/Y (AO221X2_LVT)
                                                   0.09      1.68 r
  ctmi_474/Y (AO221X2_LVT)                         0.08      1.76 r
  ctmi_539/Y (INVX2_LVT)                           0.02      1.78 f
  DP_OP_14_43174_27450_J1/ctmi_18/Y (OA221X1_LVT)
                                                   0.08      1.86 f
  DP_OP_14_43174_27450_J1/ctmi_17/Y (OA21X1_LVT)   0.06      1.91 f
  DP_OP_14_43174_27450_J1/ctmi_16/Y (OA21X1_LVT)   0.06      1.97 f
  DP_OP_14_43174_27450_J1/ctmi_15/Y (OA21X1_LVT)   0.06      2.03 f
  DP_OP_14_43174_27450_J1/ctmi_14/Y (OA21X1_LVT)   0.06      2.09 f
  DP_OP_14_43174_27450_J1/ctmi_13/Y (OA21X1_LVT)   0.06      2.14 f
  DP_OP_14_43174_27450_J1/ctmi_12/Y (OA21X1_LVT)   0.06      2.20 f
  DP_OP_14_43174_27450_J1/ctmi_233/Y (XNOR2X1_RVT)
                                                   0.08      2.28 r
  ctmi_3122/Y (AO222X1_RVT)                        0.08      2.36 r
  ctmi_3120/Y (OR2X2_RVT)                          0.05      2.41 r
  sum[62] (out)                                    0.00      2.41 r
  data arrival time                                          2.41

  clock clk (rise edge)                            3.21      3.21
  clock network delay (ideal)                      0.50      3.71
  clock uncertainty                               -0.20      3.51
  output external delay                           -0.60      2.91
  data required time                                         2.91
  ------------------------------------------------------------------------
  data required time                                         2.91
  data arrival time                                         -2.41
  ------------------------------------------------------------------------
  slack (MET)                                                0.50


1
