****************************************
Report : area
Design : alu_64bit_ref
Version: U-2022.12-SP6
Date   : Wed Feb  4 18:02:27 2026
****************************************

Number of ports:                          195
Number of nets:                          1717
Number of cells:                         1532
Number of combinational cells:           1532
Number of sequential cells:                 0
Number of macros/black boxes:               0
Number of buf/inv:                        292
Number of references:                     114

Combinational area:                   3644.93
Buf/Inv area:                          489.99
Noncombinational area:                   0.00
Macro/Black Box area:                    0.00

Total cell area:                      3644.93
1
