****************************************
Report : qor
Design : alu_64bit_ref
Version: U-2022.12-SP6
Date   : Wed Feb  4 18:02:27 2026
****************************************
Information: Timer using 'Estimated Delay Calculation'. (TIM-050)


Scenario           'func.ss0p95v125c'
Timing Path Group  'FEEDTHROUGH'
----------------------------------------
Levels of Logic:                     17
Critical Path Length:              1.38
Critical Path Slack:              -0.01
Critical Path Clk Period:          2.22
Total Negative Slack:             -0.04
No. of Violating Paths:               5
----------------------------------------


Cell Count
----------------------------------------
Hierarchical Cell Count:              0
Hierarchical Port Count:              0
Leaf Cell Count:                   1532
Buf/Inv Cell Count:                 292
Buf Cell Count:                      30
Inv Cell Count:                     262
Combinational Cell Count:          1532
   Single-bit Isolation Cell Count:                        0
   Multi-bit Isolation Cell Count:                         0
   Isolation Cell Banking Ratio:                           0.00%
   Single-bit Level Shifter Cell Count:                    0
   Multi-bit Level Shifter Cell Count:                     0
   Level Shifter Cell Banking Ratio:                       0.00%
   Single-bit ELS Cell Count:                              0
   Multi-bit ELS Cell Count:                               0
   ELS Cell Banking Ratio:                                 0.00%
Sequential Cell Count:                0
   Integrated Clock-Gating Cell Count:                     0
   Sequential Macro Cell Count:                            0
   Single-bit Sequential Cell Count:                       0
   Multi-bit Sequential Cell Count:                        0
   Sequential Cell Banking Ratio:                          0.00%
   BitsPerflop:                                            0.00
Macro Count:                          0
----------------------------------------


Area
----------------------------------------
Combinational Area:             3644.93
Noncombinational Area:             0.00
Buf/Inv Area:                    489.99
Total Buffer Area:               117.67
Total Inverter Area:             372.32
Macro/Black Box Area:              0.00
Net Area:                             0
Net XLength:                    7264.41
Net YLength:                   12488.15
----------------------------------------
Cell Area (netlist):                           3644.93
Cell Area (netlist and physical only):         3644.93
Net Length:                    19752.55


Design Rules
----------------------------------------
Total Number of Nets:              1717
Nets with Violations:                 1
Max Trans Violations:                 0
Max Cap Violations:                   1
----------------------------------------

1
