****************************************
Report : area
Design : alu_64bit
Version: U-2022.12-SP6
Date   : Wed Feb  4 18:03:00 2026
****************************************

Number of ports:                          195
Number of nets:                          1796
Number of cells:                         1646
Number of combinational cells:           1646
Number of sequential cells:                 0
Number of macros/black boxes:               0
Number of buf/inv:                        252
Number of references:                      94

Combinational area:                   3802.50
Buf/Inv area:                          442.21
Noncombinational area:                   0.00
Macro/Black Box area:                    0.00

Total cell area:                      3802.50
1
