****************************************
Report : area
Design : alu_64bit_ref
Version: U-2022.12-SP6
Date   : Wed Feb  4 18:16:19 2026
****************************************

Number of ports:                          195
Number of nets:                          1126
Number of cells:                          995
Number of combinational cells:            995
Number of sequential cells:                 0
Number of macros/black boxes:               0
Number of buf/inv:                        223
Number of references:                      46

Combinational area:                   2531.78
Buf/Inv area:                          336.49
Noncombinational area:                   0.00
Macro/Black Box area:                    0.00

Total cell area:                      2531.78
1
