****************************************
Report : area
Design : alu_64bit
Version: U-2022.12-SP6
Date   : Wed Feb  4 18:21:44 2026
****************************************

Number of ports:                          195
Number of nets:                          1096
Number of cells:                          965
Number of combinational cells:            965
Number of sequential cells:                 0
Number of macros/black boxes:               0
Number of buf/inv:                        133
Number of references:                      55

Combinational area:                   2535.09
Buf/Inv area:                          217.04
Noncombinational area:                   0.00
Macro/Black Box area:                    0.00

Total cell area:                      2535.09
1
