****************************************
Report : area
Design : alu_64bit_ref
Version: U-2022.12-SP6
Date   : Wed Feb  4 17:52:49 2026
****************************************

Number of ports:                          195
Number of nets:                          1353
Number of cells:                         1207
Number of combinational cells:           1207
Number of sequential cells:                 0
Number of macros/black boxes:               0
Number of buf/inv:                        246
Number of references:                      96

Combinational area:                   2996.10
Buf/Inv area:                          383.00
Noncombinational area:                   0.00
Macro/Black Box area:                    0.00

Total cell area:                      2996.10
1
