****************************************
Report : qor
Design : alu_64bit_ref
Version: U-2022.12-SP6
Date   : Wed Feb  4 17:52:49 2026
****************************************
Information: Timer using 'Estimated Delay Calculation'. (TIM-050)


Scenario           'func.ss0p95v125c'
Timing Path Group  'FEEDTHROUGH'
----------------------------------------
Levels of Logic:                     18
Critical Path Length:              1.52
Critical Path Slack:               0.13
Critical Path Clk Period:          2.50
Total Negative Slack:              0.00
No. of Violating Paths:               0
----------------------------------------


Cell Count
----------------------------------------
Hierarchical Cell Count:              0
Hierarchical Port Count:              0
Leaf Cell Count:                   1207
Buf/Inv Cell Count:                 246
Buf Cell Count:                      18
Inv Cell Count:                     228
Combinational Cell Count:          1207
   Single-bit Isolation Cell Count:                        0
   Multi-bit Isolation Cell Count:                         0
   Isolation Cell Banking Ratio:                           0.00%
   Single-bit Level Shifter Cell Count:                    0
   Multi-bit Level Shifter Cell Count:                     0
   Level Shifter Cell Banking Ratio:                       0.00%
   Single-bit ELS Cell Count:                              0
   Multi-bit ELS Cell Count:                               0
   ELS Cell Banking Ratio:                                 0.00%
Sequential Cell Count:                0
   Integrated Clock-Gating Cell Count:                     0
   Sequential Macro Cell Count:                            0
   Single-bit Sequential Cell Count:                       0
   Multi-bit Sequential Cell Count:                        0
   Sequential Cell Banking Ratio:                          0.00%
   BitsPerflop:                                            0.00
Macro Count:                          0
----------------------------------------


Area
----------------------------------------
Combinational Area:             2996.10
Noncombinational Area:             0.00
Buf/Inv Area:                    383.00
Total Buffer Area:                64.81
Total Inverter Area:             318.19
Macro/Black Box Area:              0.00
Net Area:                             0
Net XLength:                    5326.02
Net YLength:                   10493.60
----------------------------------------
Cell Area (netlist):                           2996.10
Cell Area (netlist and physical only):         2996.10
Net Length:                    15819.62


Design Rules
----------------------------------------
Total Number of Nets:              1353
Nets with Violations:                15
Max Trans Violations:                 0
Max Cap Violations:                  15
----------------------------------------

1
