****************************************
Report : timing
        -path_type full
        -delay_type max
        -max_paths 1
        -report_by design
Design : alu_64bit_ref
Version: U-2022.12-SP6
Date   : Wed Feb  4 17:52:49 2026
****************************************
Information: Timer using 'Estimated Delay Calculation'. (TIM-050)

  Startpoint: Oper[1] (input port clocked by clk)
  Endpoint: sum[32] (output port clocked by clk)
  Mode: func
  Corner: ss0p95v125c
  Scenario: func.ss0p95v125c
  Path Group: FEEDTHROUGH
  Path Type: max

  Point                                            Incr      Path  
  ------------------------------------------------------------------------
  clock clk (rise edge)                            0.00      0.00
  clock network delay (ideal)                      0.55      0.55
  input external delay                             0.50      1.05 f
  Oper[1] (in)                                     0.00      1.05 f
  ctmTdsLR_1_957/Y (OR2X2_LVT)                     0.05      1.10 f
  ctmTdsLR_1_935/Y (OR2X4_LVT)                     0.05      1.15 f
  HFSINV_358_863/Y (INVX16_LVT)                    0.05      1.20 r
  ctmi_3102/Y (AO222X1_LVT)                        0.10      1.31 r
  ctmi_680/Y (OR2X1_LVT)                           0.05      1.36 r
  ctmi_684/Y (INVX1_RVT)                           0.01      1.37 f
  DP_OP_14_43174_27450_J1/ctmi_76/Y (OA21X1_LVT)   0.05      1.42 f
  DP_OP_14_43174_27450_J1/ctmi_69/Y (OA21X1_LVT)   0.06      1.48 f
  ctmTdsLR_1_968/Y (OA21X1_LVT)                    0.06      1.54 f
  ctmTdsLR_1_909/Y (OR2X1_LVT)                     0.05      1.58 f
  ctmTdsLR_2_910/Y (NAND2X4_LVT)                   0.06      1.64 r
  HFSINV_315_854/Y (INVX8_LVT)                     0.04      1.67 f
  DP_OP_14_43174_27450_J1/ctmi_13/Y (OA21X1_LVT)   0.06      1.73 f
  HFSBUF_1264_856/Y (NBUFFX16_LVT)                 0.05      1.78 f
  DP_OP_14_43174_27450_J1/ctmi_453/Y (OAI21X2_RVT)
                                                   0.09      1.87 r
  DP_OP_14_43174_27450_J1/ctmi_450/Y (XNOR2X2_LVT)
                                                   0.08      1.94 r
  ctmi_3242/Y (AO222X1_RVT)                        0.08      2.02 r
  ctmi_3240/Y (OR2X2_LVT)                          0.05      2.07 r
  sum[32] (out)                                    0.00      2.07 r
  data arrival time                                          2.07

  clock clk (rise edge)                            2.50      2.50
  clock network delay (ideal)                      0.50      3.00
  clock uncertainty                               -0.20      2.80
  output external delay                           -0.60      2.20
  data required time                                         2.20
  ------------------------------------------------------------------------
  data required time                                         2.20
  data arrival time                                         -2.07
  ------------------------------------------------------------------------
  slack (MET)                                                0.13


1
