****************************************
Report : area
Design : alu_64bit_ref
Version: U-2022.12-SP6
Date   : Wed Feb  4 17:46:38 2026
****************************************

Number of ports:                          195
Number of nets:                          1122
Number of cells:                          991
Number of combinational cells:            991
Number of sequential cells:                 0
Number of macros/black boxes:               0
Number of buf/inv:                        224
Number of references:                      43

Combinational area:                   2522.89
Buf/Inv area:                          335.72
Noncombinational area:                   0.00
Macro/Black Box area:                    0.00

Total cell area:                      2522.89
1
