****************************************
Report : area
Design : alu_64bit_ref
Version: U-2022.12-SP6
Date   : Wed Feb  4 18:09:02 2026
****************************************

Number of ports:                          195
Number of nets:                          1148
Number of cells:                         1017
Number of combinational cells:           1017
Number of sequential cells:                 0
Number of macros/black boxes:               0
Number of buf/inv:                        220
Number of references:                      48

Combinational area:                   2585.92
Buf/Inv area:                          341.57
Noncombinational area:                   0.00
Macro/Black Box area:                    0.00

Total cell area:                      2585.92
1
