****************************************
Report : power
        -rtl
        -significant_digits 2
Design : alu_64bit_ref
Version: U-2022.12-SP6
Date   : Wed Feb  4 18:09:02 2026
****************************************
Mode: func
Corner: ss0p95v125c
Scenario: func.ss0p95v125c
Voltage: 0.95
Temperature: 125.00

Voltage Unit         : 1V
Capacitance Unit     : 1fF
Time Unit            : 1ns
Temperature Unit     : 1C
Dynamic Power Unit   : 1pW
Leakage Power Unit   : 1pW

                        Internal  Switching  Leakage    Total
Power Group             Power     Power      Power      Power   (     %)
------------------------------------------------------------------------
clock_network            0.00e+00  0.00e+00  0.00e+00  0.00e+00 ( 0.00%)
register                 0.00e+00  0.00e+00  0.00e+00  0.00e+00 ( 0.00%)
combinational            6.43e+07  5.21e+07  7.75e+07  1.94e+08 (100.00%)
sequential               0.00e+00  0.00e+00  0.00e+00  0.00e+00 ( 0.00%)
memory                   0.00e+00  0.00e+00  0.00e+00  0.00e+00 ( 0.00%)
io_pad                   0.00e+00  0.00e+00  0.00e+00  0.00e+00 ( 0.00%)
black_box                0.00e+00  0.00e+00  0.00e+00  0.00e+00 ( 0.00%)

  Net Switching Power  =  5.21e+07   (26.86%)
  Cell Internal Power  =  6.43e+07   (33.16%)
  Cell Leakage Power   =  7.75e+07   (39.98%)
                         ---------
Total Power            =  1.94e+08  (100.00%)
Glitching Power        =  0.00e+00  (100.00%)

1
