****************************************
Report : qor
Design : alu_64bit_ref
Version: U-2022.12-SP6
Date   : Wed Feb  4 18:09:02 2026
****************************************
Information: Timer using 'Estimated Delay Calculation'. (TIM-050)


Scenario           'func.ss0p95v125c'
Timing Path Group  'FEEDTHROUGH'
----------------------------------------
Levels of Logic:                     19
Critical Path Length:              1.75
Critical Path Slack:               0.41
Critical Path Clk Period:          3.01
Total Negative Slack:              0.00
No. of Violating Paths:               0
----------------------------------------


Cell Count
----------------------------------------
Hierarchical Cell Count:              0
Hierarchical Port Count:              0
Leaf Cell Count:                   1017
Buf/Inv Cell Count:                 220
Buf Cell Count:                      20
Inv Cell Count:                     200
Combinational Cell Count:          1017
   Single-bit Isolation Cell Count:                        0
   Multi-bit Isolation Cell Count:                         0
   Isolation Cell Banking Ratio:                           0.00%
   Single-bit Level Shifter Cell Count:                    0
   Multi-bit Level Shifter Cell Count:                     0
   Level Shifter Cell Banking Ratio:                       0.00%
   Single-bit ELS Cell Count:                              0
   Multi-bit ELS Cell Count:                               0
   ELS Cell Banking Ratio:                                 0.00%
Sequential Cell Count:                0
   Integrated Clock-Gating Cell Count:                     0
   Sequential Macro Cell Count:                            0
   Single-bit Sequential Cell Count:                       0
   Multi-bit Sequential Cell Count:                        0
   Sequential Cell Banking Ratio:                          0.00%
   BitsPerflop:                                            0.00
Macro Count:                          0
----------------------------------------


Area
----------------------------------------
Combinational Area:             2585.92
Noncombinational Area:             0.00
Buf/Inv Area:                    341.57
Total Buffer Area:                72.43
Total Inverter Area:             269.14
Macro/Black Box Area:              0.00
Net Area:                             0
Net XLength:                    4627.33
Net YLength:                    9510.91
----------------------------------------
Cell Area (netlist):                           2585.92
Cell Area (netlist and physical only):         2585.91
Net Length:                    14138.25


Design Rules
----------------------------------------
Total Number of Nets:              1148
Nets with Violations:                20
Max Trans Violations:                 0
Max Cap Violations:                  20
----------------------------------------

1
