****************************************
Report : area
Design : alu_64bit
Version: U-2022.12-SP6
Date   : Wed Feb  4 18:14:29 2026
****************************************

Number of ports:                          195
Number of nets:                          1145
Number of cells:                         1014
Number of combinational cells:           1014
Number of sequential cells:                 0
Number of macros/black boxes:               0
Number of buf/inv:                        151
Number of references:                      63

Combinational area:                   2641.83
Buf/Inv area:                          250.84
Noncombinational area:                   0.00
Macro/Black Box area:                    0.00

Total cell area:                      2641.83
1
