****************************************
Report : timing
        -path_type full
        -delay_type max
        -max_paths 1
        -report_by design
Design : alu_64bit
Version: U-2022.12-SP6
Date   : Wed Feb  4 18:14:29 2026
****************************************
Information: Timer using 'Estimated Delay Calculation'. (TIM-050)

  Startpoint: Oper[2] (input port clocked by clk)
  Endpoint: sum[62] (output port clocked by clk)
  Mode: func
  Corner: ss0p95v125c
  Scenario: func.ss0p95v125c
  Path Group: FEEDTHROUGH
  Path Type: max

  Point                                            Incr      Path  
  ------------------------------------------------------------------------
  clock clk (rise edge)                            0.00      0.00
  clock network delay (ideal)                      0.55      0.55
  input external delay                             0.50      1.05 f
  Oper[2] (in)                                     0.00      1.05 f
  A461/Y (OR3X4_RVT)                               0.05      1.10 f
  HFSINV_164_1539/Y (INVX8_LVT)                    0.05      1.16 r
  RS_OP_20_49142_44100_J1/DP_OP_24_60912_12826_J0/ctmi_474/Y (OR2X2_LVT)
                                                   0.05      1.21 r
  HFSBUF_385_1534/Y (NBUFFX16_LVT)                 0.05      1.25 r
  RS_OP_20_49142_44100_J1/DP_OP_24_60912_12826_J0/ctmi_893/Y (AO22X1_RVT)
                                                   0.07      1.32 r
  ctmi_1440/Y (NOR2X0_LVT)                         0.06      1.38 f
  ctmi_1443/Y (INVX1_RVT)                          0.02      1.40 r
  RS_OP_20_49142_44100_J1/DP_OP_24_60912_12826_J0/ctmi_885/Y (NAND2X0_RVT)
                                                   0.03      1.43 f
  RS_OP_20_49142_44100_J1/DP_OP_24_60912_12826_J0/ctmi_898/Y (OR2X1_RVT)
                                                   0.05      1.47 f
  RS_OP_20_49142_44100_J1/DP_OP_24_60912_12826_J0/ctmi_870/Y (OA221X1_LVT)
                                                   0.08      1.55 f
  RS_OP_20_49142_44100_J1/DP_OP_24_60912_12826_J0/ctmi_806/Y (OA221X2_LVT)
                                                   0.08      1.62 f
  RS_OP_20_49142_44100_J1/DP_OP_24_60912_12826_J0/ctmi_687/Y (OA221X1_LVT)
                                                   0.07      1.69 f
  RS_OP_20_49142_44100_J1/DP_OP_24_60912_12826_J0/ctmi_501/Y (OA221X1_RVT)
                                                   0.07      1.76 f
  RS_OP_20_49142_44100_J1/DP_OP_24_60912_12826_J0/ctmi_500/Y (OA21X1_HVT)
                                                   0.06      1.82 f
  RS_OP_20_49142_44100_J1/DP_OP_24_60912_12826_J0/ctmi_494/Y (OA21X1_LVT)
                                                   0.06      1.89 f
  ctmTdsLR_1_1574/Y (OA221X1_RVT)                  0.08      1.96 f
  RS_OP_20_49142_44100_J1/DP_OP_24_60912_12826_J0/ctmi_480/Y (OA21X1_LVT)
                                                   0.06      2.02 f
  RS_OP_20_49142_44100_J1/DP_OP_24_60912_12826_J0/ctmi_988/Y (XOR2X1_RVT)
                                                   0.06      2.08 r
  ctmi_3895/Y (AO222X1_RVT)                        0.10      2.18 r
  ctmi_3893/Y (OR2X2_RVT)                          0.05      2.23 r
  sum[62] (out)                                    0.00      2.23 r
  data arrival time                                          2.23

  clock clk (rise edge)                            3.14      3.14
  clock network delay (ideal)                      0.50      3.64
  clock uncertainty                               -0.20      3.44
  output external delay                           -0.60      2.84
  data required time                                         2.84
  ------------------------------------------------------------------------
  data required time                                         2.84
  data arrival time                                         -2.23
  ------------------------------------------------------------------------
  slack (MET)                                                0.61


1
