****************************************
Report : area
Design : alu_64bit
Version: U-2022.12-SP6
Date   : Wed Feb  4 18:04:21 2026
****************************************

Number of ports:                          195
Number of nets:                          1767
Number of cells:                         1599
Number of combinational cells:           1599
Number of sequential cells:                 0
Number of macros/black boxes:               0
Number of buf/inv:                        323
Number of references:                      98

Combinational area:                   3723.46
Buf/Inv area:                          536.24
Noncombinational area:                   0.00
Macro/Black Box area:                    0.00

Total cell area:                      3723.46
1
