****************************************
Report : qor
Design : alu_64bit
Version: U-2022.12-SP6
Date   : Wed Feb  4 18:04:21 2026
****************************************
Information: Timer using 'Estimated Delay Calculation'. (TIM-050)


Scenario           'func.ss0p95v125c'
Timing Path Group  'FEEDTHROUGH'
----------------------------------------
Levels of Logic:                     16
Critical Path Length:              1.32
Critical Path Slack:              -0.04
Critical Path Clk Period:          2.14
Total Negative Slack:             -0.20
No. of Violating Paths:              11
----------------------------------------


Cell Count
----------------------------------------
Hierarchical Cell Count:              0
Hierarchical Port Count:              0
Leaf Cell Count:                   1599
Buf/Inv Cell Count:                 323
Buf Cell Count:                      31
Inv Cell Count:                     292
Combinational Cell Count:          1599
   Single-bit Isolation Cell Count:                        0
   Multi-bit Isolation Cell Count:                         0
   Isolation Cell Banking Ratio:                           0.00%
   Single-bit Level Shifter Cell Count:                    0
   Multi-bit Level Shifter Cell Count:                     0
   Level Shifter Cell Banking Ratio:                       0.00%
   Single-bit ELS Cell Count:                              0
   Multi-bit ELS Cell Count:                               0
   ELS Cell Banking Ratio:                                 0.00%
Sequential Cell Count:                0
   Integrated Clock-Gating Cell Count:                     0
   Sequential Macro Cell Count:                            0
   Single-bit Sequential Cell Count:                       0
   Multi-bit Sequential Cell Count:                        0
   Sequential Cell Banking Ratio:                          0.00%
   BitsPerflop:                                            0.00
Macro Count:                          0
----------------------------------------


Area
----------------------------------------
Combinational Area:             3723.46
Noncombinational Area:             0.00
Buf/Inv Area:                    536.24
Total Buffer Area:               132.41
Total Inverter Area:             403.83
Macro/Black Box Area:              0.00
Net Area:                             0
Net XLength:                    6952.22
Net YLength:                   13635.45
----------------------------------------
Cell Area (netlist):                           3723.46
Cell Area (netlist and physical only):         3723.46
Net Length:                    20587.67


Design Rules
----------------------------------------
Total Number of Nets:              1767
Nets with Violations:                 1
Max Trans Violations:                 0
Max Cap Violations:                   1
----------------------------------------

1
