****************************************
Report : timing
        -path_type full
        -delay_type max
        -max_paths 1
        -report_by design
Design : alu_64bit
Version: U-2022.12-SP6
Date   : Wed Feb  4 18:04:21 2026
****************************************
Information: Timer using 'Estimated Delay Calculation'. (TIM-050)

  Startpoint: Oper[1] (input port clocked by clk)
  Endpoint: sum[48] (output port clocked by clk)
  Mode: func
  Corner: ss0p95v125c
  Scenario: func.ss0p95v125c
  Path Group: FEEDTHROUGH
  Path Type: max

  Point                                            Incr      Path  
  ------------------------------------------------------------------------
  clock clk (rise edge)                            0.00      0.00
  clock network delay (ideal)                      0.55      0.55
  input external delay                             0.50      1.05 r
  Oper[1] (in)                                     0.00      1.05 r
  ctmTdsLR_4_4236/Y (NOR2X0_LVT)                   0.05      1.10 f
  ctmTdsLR_2_4234/Y (AND2X2_LVT)                   0.05      1.15 f
  ctmTdsLR_1_4233/Y (INVX8_LVT)                    0.05      1.20 r
  ctmi_2125/Y (OR2X1_LVT)                          0.05      1.25 r
  ctmTdsLR_1_4262/Y (OAI221X1_LVT)                 0.06      1.31 f
  ctmi_3031/Y (OR2X1_RVT)                          0.05      1.36 f
  ctmTdsLR_4_4300/Y (INVX0_LVT)                    0.02      1.38 r
  ctmTdsLR_5_4301/Y (AO21X1_LVT)                   0.04      1.42 r
  ctmTdsLR_6_4302/Y (OR2X2_LVT)                    0.05      1.48 r
  A3552/Y (AO22X2_LVT)                             0.06      1.54 r
  A3988/Y (AO21X1_LVT)                             0.06      1.60 r
  A3901/Y (AO21X1_LVT)                             0.06      1.66 r
  HFSBUF_273_4185/Y (NBUFFX16_LVT)                 0.05      1.71 r
  ctmTdsLR_1_4293/Y (AND2X1_LVT)                   0.04      1.75 r
  ctmTdsLR_2_4294/Y (NOR3X0_LVT)                   0.07      1.83 f
  ctmTdsLR_4_4296/Y (OR2X2_RVT)                    0.05      1.87 f
  sum[48] (out)                                    0.00      1.87 f
  data arrival time                                          1.87

  clock clk (rise edge)                            2.14      2.14
  clock network delay (ideal)                      0.50      2.64
  clock uncertainty                               -0.20      2.44
  output external delay                           -0.60      1.84
  data required time                                         1.84
  ------------------------------------------------------------------------
  data required time                                         1.84
  data arrival time                                         -1.87
  ------------------------------------------------------------------------
  slack (VIOLATED)                                          -0.04


1
