****************************************
Report : area
Design : alu_64bit
Version: U-2022.12-SP6
Date   : Wed Feb  4 18:05:41 2026
****************************************

Number of ports:                          195
Number of nets:                          1660
Number of cells:                         1508
Number of combinational cells:           1508
Number of sequential cells:                 0
Number of macros/black boxes:               0
Number of buf/inv:                        314
Number of references:                      93

Combinational area:                   3569.20
Buf/Inv area:                          513.88
Noncombinational area:                   0.00
Macro/Black Box area:                    0.00

Total cell area:                      3569.20
1
