****************************************
Report : qor
Design : alu_64bit
Version: U-2022.12-SP6
Date   : Wed Feb  4 18:05:41 2026
****************************************
Information: Timer using 'Estimated Delay Calculation'. (TIM-050)


Scenario           'func.ss0p95v125c'
Timing Path Group  'FEEDTHROUGH'
----------------------------------------
Levels of Logic:                     14
Critical Path Length:              1.31
Critical Path Slack:              -0.02
Critical Path Clk Period:          2.15
Total Negative Slack:             -0.02
No. of Violating Paths:               1
----------------------------------------


Cell Count
----------------------------------------
Hierarchical Cell Count:              0
Hierarchical Port Count:              0
Leaf Cell Count:                   1508
Buf/Inv Cell Count:                 314
Buf Cell Count:                      24
Inv Cell Count:                     290
Combinational Cell Count:          1508
   Single-bit Isolation Cell Count:                        0
   Multi-bit Isolation Cell Count:                         0
   Isolation Cell Banking Ratio:                           0.00%
   Single-bit Level Shifter Cell Count:                    0
   Multi-bit Level Shifter Cell Count:                     0
   Level Shifter Cell Banking Ratio:                       0.00%
   Single-bit ELS Cell Count:                              0
   Multi-bit ELS Cell Count:                               0
   ELS Cell Banking Ratio:                                 0.00%
Sequential Cell Count:                0
   Integrated Clock-Gating Cell Count:                     0
   Sequential Macro Cell Count:                            0
   Single-bit Sequential Cell Count:                       0
   Multi-bit Sequential Cell Count:                        0
   Sequential Cell Banking Ratio:                          0.00%
   BitsPerflop:                                            0.00
Macro Count:                          0
----------------------------------------


Area
----------------------------------------
Combinational Area:             3569.20
Noncombinational Area:             0.00
Buf/Inv Area:                    513.88
Total Buffer Area:               103.18
Total Inverter Area:             410.70
Macro/Black Box Area:              0.00
Net Area:                             0
Net XLength:                    6881.41
Net YLength:                   12265.24
----------------------------------------
Cell Area (netlist):                           3569.20
Cell Area (netlist and physical only):         3569.20
Net Length:                    19146.65


Design Rules
----------------------------------------
Total Number of Nets:              1660
Nets with Violations:                 1
Max Trans Violations:                 0
Max Cap Violations:                   1
----------------------------------------

1
