****************************************
Report : area
Design : alu_64bit
Version: U-2022.12-SP6
Date   : Wed Feb  4 18:24:06 2026
****************************************

Number of ports:                          195
Number of nets:                          1086
Number of cells:                          955
Number of combinational cells:            955
Number of sequential cells:                 0
Number of macros/black boxes:               0
Number of buf/inv:                        129
Number of references:                      53

Combinational area:                   2514.25
Buf/Inv area:                          212.21
Noncombinational area:                   0.00
Macro/Black Box area:                    0.00

Total cell area:                      2514.25
1
