****************************************
Report : qor
Design : alu_64bit
Version: U-2022.12-SP6
Date   : Wed Feb  4 18:24:06 2026
****************************************
Information: Timer using 'Estimated Delay Calculation'. (TIM-050)


Scenario           'func.ss0p95v125c'
Timing Path Group  'FEEDTHROUGH'
----------------------------------------
Levels of Logic:                     40
Critical Path Length:              2.82
Critical Path Slack:               1.05
Critical Path Clk Period:          4.72
Total Negative Slack:              0.00
No. of Violating Paths:               0
----------------------------------------


Cell Count
----------------------------------------
Hierarchical Cell Count:              0
Hierarchical Port Count:              0
Leaf Cell Count:                    955
Buf/Inv Cell Count:                 129
Buf Cell Count:                      20
Inv Cell Count:                     109
Combinational Cell Count:           955
   Single-bit Isolation Cell Count:                        0
   Multi-bit Isolation Cell Count:                         0
   Isolation Cell Banking Ratio:                           0.00%
   Single-bit Level Shifter Cell Count:                    0
   Multi-bit Level Shifter Cell Count:                     0
   Level Shifter Cell Banking Ratio:                       0.00%
   Single-bit ELS Cell Count:                              0
   Multi-bit ELS Cell Count:                               0
   ELS Cell Banking Ratio:                                 0.00%
Sequential Cell Count:                0
   Integrated Clock-Gating Cell Count:                     0
   Sequential Macro Cell Count:                            0
   Single-bit Sequential Cell Count:                       0
   Multi-bit Sequential Cell Count:                        0
   Sequential Cell Banking Ratio:                          0.00%
   BitsPerflop:                                            0.00
Macro Count:                          0
----------------------------------------


Area
----------------------------------------
Combinational Area:             2514.25
Noncombinational Area:             0.00
Buf/Inv Area:                    212.21
Total Buffer Area:                63.54
Total Inverter Area:             148.67
Macro/Black Box Area:              0.00
Net Area:                             0
Net XLength:                    4806.28
Net YLength:                    9735.05
----------------------------------------
Cell Area (netlist):                           2514.25
Cell Area (netlist and physical only):         2514.25
Net Length:                    14541.33


Design Rules
----------------------------------------
Total Number of Nets:              1086
Nets with Violations:                 5
Max Trans Violations:                 0
Max Cap Violations:                   5
----------------------------------------

1
