****************************************
Report : area
Design : alu_64bit
Version: U-2022.12-SP6
Date   : Wed Feb  4 18:20:32 2026
****************************************

Number of ports:                          195
Number of nets:                          1106
Number of cells:                          975
Number of combinational cells:            975
Number of sequential cells:                 0
Number of macros/black boxes:               0
Number of buf/inv:                        139
Number of references:                      54

Combinational area:                   2559.99
Buf/Inv area:                          230.51
Noncombinational area:                   0.00
Macro/Black Box area:                    0.00

Total cell area:                      2559.99
1
