****************************************
Report : area
Design : alu_64bit
Version: U-2022.12-SP6
Date   : Wed Feb  4 17:57:28 2026
****************************************

Number of ports:                          195
Number of nets:                          1956
Number of cells:                         1762
Number of combinational cells:           1762
Number of sequential cells:                 0
Number of macros/black boxes:               0
Number of buf/inv:                        269
Number of references:                     103

Combinational area:                   4023.61
Buf/Inv area:                          507.27
Noncombinational area:                   0.00
Macro/Black Box area:                    0.00

Total cell area:                      4023.61
1
