****************************************
Report : qor
Design : alu_64bit
Version: U-2022.12-SP6
Date   : Wed Feb  4 17:57:28 2026
****************************************
Information: Timer using 'Estimated Delay Calculation'. (TIM-050)


Scenario           'func.ss0p95v125c'
Timing Path Group  'FEEDTHROUGH'
----------------------------------------
Levels of Logic:                     16
Critical Path Length:              1.29
Critical Path Slack:              -0.29
Critical Path Clk Period:          1.85
Total Negative Slack:            -13.55
No. of Violating Paths:              62
----------------------------------------


Cell Count
----------------------------------------
Hierarchical Cell Count:              0
Hierarchical Port Count:              0
Leaf Cell Count:                   1762
Buf/Inv Cell Count:                 269
Buf Cell Count:                      50
Inv Cell Count:                     219
Combinational Cell Count:          1762
   Single-bit Isolation Cell Count:                        0
   Multi-bit Isolation Cell Count:                         0
   Isolation Cell Banking Ratio:                           0.00%
   Single-bit Level Shifter Cell Count:                    0
   Multi-bit Level Shifter Cell Count:                     0
   Level Shifter Cell Banking Ratio:                       0.00%
   Single-bit ELS Cell Count:                              0
   Multi-bit ELS Cell Count:                               0
   ELS Cell Banking Ratio:                                 0.00%
Sequential Cell Count:                0
   Integrated Clock-Gating Cell Count:                     0
   Sequential Macro Cell Count:                            0
   Single-bit Sequential Cell Count:                       0
   Multi-bit Sequential Cell Count:                        0
   Sequential Cell Banking Ratio:                          0.00%
   BitsPerflop:                                            0.00
Macro Count:                          0
----------------------------------------


Area
----------------------------------------
Combinational Area:             4023.61
Noncombinational Area:             0.00
Buf/Inv Area:                    507.27
Total Buffer Area:               186.54
Total Inverter Area:             320.73
Macro/Black Box Area:              0.00
Net Area:                             0
Net XLength:                    7823.00
Net YLength:                   13242.20
----------------------------------------
Cell Area (netlist):                           4023.61
Cell Area (netlist and physical only):         4023.61
Net Length:                    21065.21


Design Rules
----------------------------------------
Total Number of Nets:              1956
Nets with Violations:                 0
Max Trans Violations:                 0
Max Cap Violations:                   0
----------------------------------------

1
