****************************************
Report : report_resources
Design : alu_64bit
Version: U-2022.12-SP6
Date   : Wed Feb  4 17:57:28 2026
****************************************
--------------------
 Design : alu_64bit 
--------------------

 Cell : RS_OP_20_49142_44100_J1/DP_OP_23_2872_4207_J0 
------------------------------------------------------

   Module                :  DP_OP_23_2872_4207_J18491_P0_D0 
   Current Implementation:  str(area,speed)                 
   Contained Operations  :  C374(alu_64bit.sv:8)            
                            add_9(alu_64bit.sv:9)           
                            sub_10(alu_64bit.sv:10)         
                            sub_11(alu_64bit.sv:11)         
   Has Tree              :  No                              

                 Data                                                       
   Var     Type  Class     Width  Expression                                
  --------------------------------------------------------------------------
   PI_0    PI    Signed       64                                            
   PI_1    PI    Signed       64                                            
   PI_2    PI    Unsigned      1                                            
   PI_3    PI    Unsigned      1                                            
   PI_4    PI    Signed       64                                            
   T14     IFO   Signed       64  $unsigned(1'b0) - PI_0 (alu_64bit.sv:9)   
   T21     IFO   Signed       64  { PI_2, PI_3 }  ? T14 : PI_4 (alu_64bit.sv:8) 
   PO_0    PO    Signed       64  PI_1 - T21 (alu_64bit.sv:10 alu_64bit.sv:11 alu_64bit.sv:9) 
  --------------------------------------------------------------------------

1
