****************************************
Report : timing
        -path_type full
        -delay_type max
        -max_paths 1
        -report_by design
Design : alu_64bit
Version: U-2022.12-SP6
Date   : Wed Feb  4 17:57:28 2026
****************************************
Information: Timer using 'Estimated Delay Calculation'. (TIM-050)

  Startpoint: Oper[2] (input port clocked by clk)
  Endpoint: sum[63] (output port clocked by clk)
  Mode: func
  Corner: ss0p95v125c
  Scenario: func.ss0p95v125c
  Path Group: FEEDTHROUGH
  Path Type: max

  Point                                            Incr      Path  
  ------------------------------------------------------------------------
  clock clk (rise edge)                            0.00      0.00
  clock network delay (ideal)                      0.55      0.55
  input external delay                             0.50      1.05 r
  Oper[2] (in)                                     0.00      1.05 r
  A3947/Y (INVX32_LVT)                             0.03      1.08 f
  A4698/Y (AND3X2_LVT)                             0.06      1.14 f
  HFSBUF_172_4773/Y (NBUFFX32_LVT)                 0.05      1.19 f
  A4271/Y (AOI22X1_LVT)                            0.06      1.26 r
  ctmTdsLR_1_4850/Y (NAND2X0_LVT)                  0.02      1.28 f
  ctmTdsLR_2_4851/Y (OR2X1_LVT)                    0.05      1.33 f
  ctmTdsLR_2_4833/Y (OR2X1_LVT)                    0.05      1.38 f
  A4280/Y (OA21X1_LVT)                             0.06      1.43 f
  ctmi_2397/Y (OA21X2_LVT)                         0.06      1.49 f
  ctmi_2396/Y (OA21X2_LVT)                         0.06      1.55 f
  ctmTdsLR_1_4829/Y (OA21X2_LVT)                   0.06      1.60 f
  A4227/Y (OA21X2_LVT)                             0.05      1.66 f
  HFSBUF_1430_4765/Y (NBUFFX32_LVT)                0.05      1.71 f
  ctmTdsLR_1_4821/Y (OR2X1_LVT)                    0.05      1.75 f
  ctmTdsLR_3_4823/Y (NAND2X0_LVT)                  0.03      1.79 r
  ctmTdsLR_7_4827/Y (OR2X2_LVT)                    0.05      1.84 r
  sum[63] (out)                                    0.00      1.84 r
  data arrival time                                          1.84

  clock clk (rise edge)                            1.85      1.85
  clock network delay (ideal)                      0.50      2.35
  clock uncertainty                               -0.20      2.15
  output external delay                           -0.60      1.55
  data required time                                         1.55
  ------------------------------------------------------------------------
  data required time                                         1.55
  data arrival time                                         -1.84
  ------------------------------------------------------------------------
  slack (VIOLATED)                                          -0.29


1
