****************************************
Report : area
Design : alu_64bit
Version: U-2022.12-SP6
Date   : Wed Feb  4 18:10:47 2026
****************************************

Number of ports:                          195
Number of nets:                          1277
Number of cells:                         1121
Number of combinational cells:           1121
Number of sequential cells:                 0
Number of macros/black boxes:               0
Number of buf/inv:                        168
Number of references:                      77

Combinational area:                   2881.23
Buf/Inv area:                          292.77
Noncombinational area:                   0.00
Macro/Black Box area:                    0.00

Total cell area:                      2881.23
1
