****************************************
Report : power
        -rtl
        -significant_digits 2
Design : alu_64bit
Version: U-2022.12-SP6
Date   : Wed Feb  4 18:10:47 2026
****************************************
Mode: func
Corner: ss0p95v125c
Scenario: func.ss0p95v125c
Voltage: 0.95
Temperature: 125.00

Voltage Unit         : 1V
Capacitance Unit     : 1fF
Time Unit            : 1ns
Temperature Unit     : 1C
Dynamic Power Unit   : 1pW
Leakage Power Unit   : 1pW

                        Internal  Switching  Leakage    Total
Power Group             Power     Power      Power      Power   (     %)
------------------------------------------------------------------------
clock_network            0.00e+00  0.00e+00  0.00e+00  0.00e+00 ( 0.00%)
register                 0.00e+00  0.00e+00  0.00e+00  0.00e+00 ( 0.00%)
combinational            8.71e+07  6.38e+07  2.27e+08  3.78e+08 (100.00%)
sequential               0.00e+00  0.00e+00  0.00e+00  0.00e+00 ( 0.00%)
memory                   0.00e+00  0.00e+00  0.00e+00  0.00e+00 ( 0.00%)
io_pad                   0.00e+00  0.00e+00  0.00e+00  0.00e+00 ( 0.00%)
black_box                0.00e+00  0.00e+00  0.00e+00  0.00e+00 ( 0.00%)

  Net Switching Power  =  6.38e+07   (16.88%)
  Cell Internal Power  =  8.71e+07   (23.06%)
  Cell Leakage Power   =  2.27e+08   (60.06%)
                         ---------
Total Power            =  3.78e+08  (100.00%)
Glitching Power        =  0.00e+00  (100.00%)

1
