****************************************
Report : qor
Design : alu_64bit
Version: U-2022.12-SP6
Date   : Wed Feb  4 18:10:47 2026
****************************************
Information: Timer using 'Estimated Delay Calculation'. (TIM-050)


Scenario           'func.ss0p95v125c'
Timing Path Group  'FEEDTHROUGH'
----------------------------------------
Levels of Logic:                     19
Critical Path Length:              1.58
Critical Path Slack:               0.12
Critical Path Clk Period:          2.55
Total Negative Slack:              0.00
No. of Violating Paths:               0
----------------------------------------


Cell Count
----------------------------------------
Hierarchical Cell Count:              0
Hierarchical Port Count:              0
Leaf Cell Count:                   1121
Buf/Inv Cell Count:                 168
Buf Cell Count:                      23
Inv Cell Count:                     145
Combinational Cell Count:          1121
   Single-bit Isolation Cell Count:                        0
   Multi-bit Isolation Cell Count:                         0
   Isolation Cell Banking Ratio:                           0.00%
   Single-bit Level Shifter Cell Count:                    0
   Multi-bit Level Shifter Cell Count:                     0
   Level Shifter Cell Banking Ratio:                       0.00%
   Single-bit ELS Cell Count:                              0
   Multi-bit ELS Cell Count:                               0
   ELS Cell Banking Ratio:                                 0.00%
Sequential Cell Count:                0
   Integrated Clock-Gating Cell Count:                     0
   Sequential Macro Cell Count:                            0
   Single-bit Sequential Cell Count:                       0
   Multi-bit Sequential Cell Count:                        0
   Sequential Cell Banking Ratio:                          0.00%
   BitsPerflop:                                            0.00
Macro Count:                          0
----------------------------------------


Area
----------------------------------------
Combinational Area:             2881.23
Noncombinational Area:             0.00
Buf/Inv Area:                    292.77
Total Buffer Area:               100.13
Total Inverter Area:             192.64
Macro/Black Box Area:              0.00
Net Area:                             0
Net XLength:                    5283.28
Net YLength:                   10274.90
----------------------------------------
Cell Area (netlist):                           2881.23
Cell Area (netlist and physical only):         2881.23
Net Length:                    15558.18


Design Rules
----------------------------------------
Total Number of Nets:              1277
Nets with Violations:                18
Max Trans Violations:                 0
Max Cap Violations:                  18
----------------------------------------

1
