****************************************
Report : area
Design : alu_64bit
Version: U-2022.12-SP6
Date   : Wed Feb  4 17:53:28 2026
****************************************

Number of ports:                          195
Number of nets:                          1079
Number of cells:                          948
Number of combinational cells:            948
Number of sequential cells:                 0
Number of macros/black boxes:               0
Number of buf/inv:                        127
Number of references:                      54

Combinational area:                   2507.13
Buf/Inv area:                          215.51
Noncombinational area:                   0.00
Macro/Black Box area:                    0.00

Total cell area:                      2507.13
1
