****************************************
Report : area
Design : alu_64bit_ref
Version: U-2022.12-SP6
Date   : Wed Feb  4 18:03:36 2026
****************************************

Number of ports:                          195
Number of nets:                          1598
Number of cells:                         1447
Number of combinational cells:           1447
Number of sequential cells:                 0
Number of macros/black boxes:               0
Number of buf/inv:                        300
Number of references:                      99

Combinational area:                   3417.22
Buf/Inv area:                          479.06
Noncombinational area:                   0.00
Macro/Black Box area:                    0.00

Total cell area:                      3417.22
1
