****************************************
Report : area
Design : alu_64bit_ref
Version: U-2022.12-SP6
Date   : Wed Feb  4 18:06:57 2026
****************************************

Number of ports:                          195
Number of nets:                          1234
Number of cells:                         1088
Number of combinational cells:           1088
Number of sequential cells:                 0
Number of macros/black boxes:               0
Number of buf/inv:                        233
Number of references:                      84

Combinational area:                   2743.74
Buf/Inv area:                          359.87
Noncombinational area:                   0.00
Macro/Black Box area:                    0.00

Total cell area:                      2743.74
1
