****************************************
Report : qor
Design : alu_64bit_ref
Version: U-2022.12-SP6
Date   : Wed Feb  4 18:06:57 2026
****************************************
Information: Timer using 'Estimated Delay Calculation'. (TIM-050)


Scenario           'func.ss0p95v125c'
Timing Path Group  'FEEDTHROUGH'
----------------------------------------
Levels of Logic:                     17
Critical Path Length:              1.60
Critical Path Slack:               0.17
Critical Path Clk Period:          2.62
Total Negative Slack:              0.00
No. of Violating Paths:               0
----------------------------------------


Cell Count
----------------------------------------
Hierarchical Cell Count:              0
Hierarchical Port Count:              0
Leaf Cell Count:                   1088
Buf/Inv Cell Count:                 233
Buf Cell Count:                      17
Inv Cell Count:                     216
Combinational Cell Count:          1088
   Single-bit Isolation Cell Count:                        0
   Multi-bit Isolation Cell Count:                         0
   Isolation Cell Banking Ratio:                           0.00%
   Single-bit Level Shifter Cell Count:                    0
   Multi-bit Level Shifter Cell Count:                     0
   Level Shifter Cell Banking Ratio:                       0.00%
   Single-bit ELS Cell Count:                              0
   Multi-bit ELS Cell Count:                               0
   ELS Cell Banking Ratio:                                 0.00%
Sequential Cell Count:                0
   Integrated Clock-Gating Cell Count:                     0
   Sequential Macro Cell Count:                            0
   Single-bit Sequential Cell Count:                       0
   Multi-bit Sequential Cell Count:                        0
   Sequential Cell Banking Ratio:                          0.00%
   BitsPerflop:                                            0.00
Macro Count:                          0
----------------------------------------


Area
----------------------------------------
Combinational Area:             2743.74
Noncombinational Area:             0.00
Buf/Inv Area:                    359.87
Total Buffer Area:                64.81
Total Inverter Area:             295.06
Macro/Black Box Area:              0.00
Net Area:                             0
Net XLength:                    5442.21
Net YLength:                   10052.33
----------------------------------------
Cell Area (netlist):                           2743.74
Cell Area (netlist and physical only):         2743.74
Net Length:                    15494.54


Design Rules
----------------------------------------
Total Number of Nets:              1234
Nets with Violations:                14
Max Trans Violations:                 0
Max Cap Violations:                  14
----------------------------------------

1
