****************************************
Report : timing
        -path_type full
        -delay_type max
        -max_paths 1
        -report_by design
Design : alu_64bit_ref
Version: U-2022.12-SP6
Date   : Wed Feb  4 18:06:57 2026
****************************************
Information: Timer using 'Estimated Delay Calculation'. (TIM-050)

  Startpoint: Oper[1] (input port clocked by clk)
  Endpoint: sum[38] (output port clocked by clk)
  Mode: func
  Corner: ss0p95v125c
  Scenario: func.ss0p95v125c
  Path Group: FEEDTHROUGH
  Path Type: max

  Point                                            Incr      Path  
  ------------------------------------------------------------------------
  clock clk (rise edge)                            0.00      0.00
  clock network delay (ideal)                      0.55      0.55
  input external delay                             0.50      1.05 f
  Oper[1] (in)                                     0.00      1.05 f
  ctmi_518/Y (OR2X4_LVT)                           0.05      1.10 f
  HFSINV_384_697/Y (INVX16_LVT)                    0.06      1.16 r
  A6/Y (NAND2X4_LVT)                               0.02      1.18 f
  HFSINV_385_689/Y (INVX16_LVT)                    0.06      1.24 r
  ctmi_3060/Y (AO222X1_LVT)                        0.10      1.34 r
  DP_OP_14_43174_27450_J1/ctmi_28/Y (OR2X2_LVT)    0.05      1.39 r
  ctmi_525/Y (INVX1_RVT)                           0.01      1.40 f
  ctmi_523/Y (OAI21X1_LVT)                         0.09      1.49 r
  DP_OP_14_43174_27450_J1/ctmi_22/Y (AO221X1_LVT)
                                                   0.08      1.57 r
  DP_OP_14_43174_27450_J1/ctmi_14/Y (AOI221X1_LVT)
                                                   0.09      1.66 f
  DP_OP_14_43174_27450_J1/ctmi_13/Y (OAI221X2_LVT)
                                                   0.09      1.75 r
  HFSINV_594_686/Y (INVX8_LVT)                     0.04      1.79 f
  DP_OP_14_43174_27450_J1/ctmi_357/Y (OAI221X1_LVT)
                                                   0.09      1.88 r
  DP_OP_14_43174_27450_J1/ctmi_356/Y (AO21X1_RVT)
                                                   0.06      1.94 r
  DP_OP_14_43174_27450_J1/ctmi_355/Y (XNOR2X2_RVT)
                                                   0.08      2.02 r
  ctmi_3218/Y (AO222X1_LVT)                        0.08      2.10 r
  ctmi_3216/Y (OR2X2_RVT)                          0.05      2.15 r
  sum[38] (out)                                    0.00      2.15 r
  data arrival time                                          2.15

  clock clk (rise edge)                            2.62      2.62
  clock network delay (ideal)                      0.50      3.12
  clock uncertainty                               -0.20      2.92
  output external delay                           -0.60      2.32
  data required time                                         2.32
  ------------------------------------------------------------------------
  data required time                                         2.32
  data arrival time                                         -2.15
  ------------------------------------------------------------------------
  slack (MET)                                                0.17


1
