****************************************
Report : area
Design : alu_64bit_ref
Version: U-2022.12-SP6
Date   : Wed Feb  4 18:01:14 2026
****************************************

Number of ports:                          195
Number of nets:                          1689
Number of cells:                         1523
Number of combinational cells:           1523
Number of sequential cells:                 0
Number of macros/black boxes:               0
Number of buf/inv:                        310
Number of references:                     101

Combinational area:                   3606.30
Buf/Inv area:                          518.96
Noncombinational area:                   0.00
Macro/Black Box area:                    0.00

Total cell area:                      3606.30
1
