****************************************
Report : qor
Design : alu_64bit_ref
Version: U-2022.12-SP6
Date   : Wed Feb  4 18:01:14 2026
****************************************
Information: Timer using 'Estimated Delay Calculation'. (TIM-050)


Scenario           'func.ss0p95v125c'
Timing Path Group  'FEEDTHROUGH'
----------------------------------------
Levels of Logic:                     17
Critical Path Length:              1.37
Critical Path Slack:              -0.01
Critical Path Clk Period:          2.21
Total Negative Slack:             -0.03
No. of Violating Paths:               7
----------------------------------------


Cell Count
----------------------------------------
Hierarchical Cell Count:              0
Hierarchical Port Count:              0
Leaf Cell Count:                   1523
Buf/Inv Cell Count:                 310
Buf Cell Count:                      35
Inv Cell Count:                     275
Combinational Cell Count:          1523
   Single-bit Isolation Cell Count:                        0
   Multi-bit Isolation Cell Count:                         0
   Isolation Cell Banking Ratio:                           0.00%
   Single-bit Level Shifter Cell Count:                    0
   Multi-bit Level Shifter Cell Count:                     0
   Level Shifter Cell Banking Ratio:                       0.00%
   Single-bit ELS Cell Count:                              0
   Multi-bit ELS Cell Count:                               0
   ELS Cell Banking Ratio:                                 0.00%
Sequential Cell Count:                0
   Integrated Clock-Gating Cell Count:                     0
   Sequential Macro Cell Count:                            0
   Single-bit Sequential Cell Count:                       0
   Multi-bit Sequential Cell Count:                        0
   Sequential Cell Banking Ratio:                          0.00%
   BitsPerflop:                                            0.00
Macro Count:                          0
----------------------------------------


Area
----------------------------------------
Combinational Area:             3606.30
Noncombinational Area:             0.00
Buf/Inv Area:                    518.96
Total Buffer Area:               144.61
Total Inverter Area:             374.35
Macro/Black Box Area:              0.00
Net Area:                             0
Net XLength:                    6933.93
Net YLength:                   13084.38
----------------------------------------
Cell Area (netlist):                           3606.30
Cell Area (netlist and physical only):         3606.30
Net Length:                    20018.30


Design Rules
----------------------------------------
Total Number of Nets:              1689
Nets with Violations:                 2
Max Trans Violations:                 0
Max Cap Violations:                   2
----------------------------------------

1
