****************************************
Report : area
Design : alu_64bit_ref
Version: U-2022.12-SP6
Date   : Wed Feb  4 17:57:39 2026
****************************************

Number of ports:                          195
Number of nets:                          1564
Number of cells:                         1397
Number of combinational cells:           1397
Number of sequential cells:                 0
Number of macros/black boxes:               0
Number of buf/inv:                        261
Number of references:                      84

Combinational area:                   3318.36
Buf/Inv area:                          424.17
Noncombinational area:                   0.00
Macro/Black Box area:                    0.00

Total cell area:                      3318.36
1
