****************************************
Report : qor
Design : alu_64bit_ref
Version: U-2022.12-SP6
Date   : Wed Feb  4 17:57:39 2026
****************************************
Information: Timer using 'Estimated Delay Calculation'. (TIM-050)


Scenario           'func.ss0p95v125c'
Timing Path Group  'FEEDTHROUGH'
----------------------------------------
Levels of Logic:                     17
Critical Path Length:              1.40
Critical Path Slack:               0.09
Critical Path Clk Period:          2.34
Total Negative Slack:              0.00
No. of Violating Paths:               0
----------------------------------------


Cell Count
----------------------------------------
Hierarchical Cell Count:              0
Hierarchical Port Count:              0
Leaf Cell Count:                   1397
Buf/Inv Cell Count:                 261
Buf Cell Count:                      24
Inv Cell Count:                     237
Combinational Cell Count:          1397
   Single-bit Isolation Cell Count:                        0
   Multi-bit Isolation Cell Count:                         0
   Isolation Cell Banking Ratio:                           0.00%
   Single-bit Level Shifter Cell Count:                    0
   Multi-bit Level Shifter Cell Count:                     0
   Level Shifter Cell Banking Ratio:                       0.00%
   Single-bit ELS Cell Count:                              0
   Multi-bit ELS Cell Count:                               0
   ELS Cell Banking Ratio:                                 0.00%
Sequential Cell Count:                0
   Integrated Clock-Gating Cell Count:                     0
   Sequential Macro Cell Count:                            0
   Single-bit Sequential Cell Count:                       0
   Multi-bit Sequential Cell Count:                        0
   Sequential Cell Banking Ratio:                          0.00%
   BitsPerflop:                                            0.00
Macro Count:                          0
----------------------------------------


Area
----------------------------------------
Combinational Area:             3318.36
Noncombinational Area:             0.00
Buf/Inv Area:                    424.17
Total Buffer Area:               101.91
Total Inverter Area:             322.25
Macro/Black Box Area:              0.00
Net Area:                             0
Net XLength:                    6117.85
Net YLength:                   11578.81
----------------------------------------
Cell Area (netlist):                           3318.36
Cell Area (netlist and physical only):         3318.36
Net Length:                    17696.66


Design Rules
----------------------------------------
Total Number of Nets:              1564
Nets with Violations:                 3
Max Trans Violations:                 0
Max Cap Violations:                   3
----------------------------------------

1
