****************************************
Report : timing
        -path_type full
        -delay_type max
        -max_paths 1
        -report_by design
Design : alu_64bit
Version: U-2022.12-SP6
Date   : Wed Feb  4 17:45:03 2026
****************************************
Information: Timer using 'Estimated Delay Calculation'. (TIM-050)

  Startpoint: Oper[2] (input port clocked by clk)
  Endpoint: sum[62] (output port clocked by clk)
  Mode: func
  Corner: ss0p95v125c
  Scenario: func.ss0p95v125c
  Path Group: FEEDTHROUGH
  Path Type: max

  Point                                            Incr      Path  
  ------------------------------------------------------------------------
  clock clk (rise edge)                            0.00      0.00
  clock network delay (ideal)                      0.55      0.55
  input external delay                             0.50      1.05 f
  Oper[2] (in)                                     0.00      1.05 f
  A461/Y (OR3X4_RVT)                               0.05      1.10 f
  HFSINV_217_1503/Y (INVX8_LVT)                    0.06      1.16 r
  RS_OP_20_49142_44100_J1/DP_OP_24_60912_12826_J0/ctmi_475/Y (OR2X1_LVT)
                                                   0.05      1.21 r
  HFSBUF_165_1500/Y (NBUFFX8_LVT)                  0.05      1.26 r
  RS_OP_20_49142_44100_J1/DP_OP_24_60912_12826_J0/ctmi_724/Y (AO22X1_RVT)
                                                   0.07      1.32 r
  ctmi_1338/Y (NOR2X0_RVT)                         0.06      1.38 f
  ctmi_1341/Y (INVX0_LVT)                          0.02      1.40 r
  RS_OP_20_49142_44100_J1/DP_OP_24_60912_12826_J0/ctmi_716/Y (NAND2X0_LVT)
                                                   0.03      1.43 f
  RS_OP_20_49142_44100_J1/DP_OP_24_60912_12826_J0/ctmi_729/Y (OR2X1_HVT)
                                                   0.05      1.47 f
  RS_OP_20_49142_44100_J1/DP_OP_24_60912_12826_J0/ctmi_701/Y (OA221X1_LVT)
                                                   0.08      1.55 f
  RS_OP_20_49142_44100_J1/DP_OP_24_60912_12826_J0/ctmi_637/Y (OA221X2_RVT)
                                                   0.08      1.63 f
  RS_OP_20_49142_44100_J1/DP_OP_24_60912_12826_J0/ctmi_518/Y (OA221X2_LVT)
                                                   0.08      1.70 f
  RS_OP_20_49142_44100_J1/DP_OP_24_60912_12826_J0/ctmi_517/Y (OA221X1_LVT)
                                                   0.08      1.78 f
  RS_OP_20_49142_44100_J1/DP_OP_24_60912_12826_J0/ctmi_516/Y (OA21X1_LVT)
                                                   0.06      1.84 f
  RS_OP_20_49142_44100_J1/DP_OP_24_60912_12826_J0/ctmi_511/Y (OA21X1_LVT)
                                                   0.06      1.90 f
  RS_OP_20_49142_44100_J1/DP_OP_24_60912_12826_J0/ctmi_510/Y (OA21X1_LVT)
                                                   0.06      1.96 f
  RS_OP_20_49142_44100_J1/DP_OP_24_60912_12826_J0/ctmi_505/Y (OA21X1_LVT)
                                                   0.06      2.01 f
  RS_OP_20_49142_44100_J1/DP_OP_24_60912_12826_J0/ctmi_504/Y (OA21X1_LVT)
                                                   0.06      2.07 f
  RS_OP_20_49142_44100_J1/DP_OP_24_60912_12826_J0/ctmi_499/Y (OA21X1_LVT)
                                                   0.06      2.13 f
  RS_OP_20_49142_44100_J1/DP_OP_24_60912_12826_J0/ctmi_498/Y (OA21X1_LVT)
                                                   0.06      2.19 f
  RS_OP_20_49142_44100_J1/DP_OP_24_60912_12826_J0/ctmi_493/Y (OA21X1_LVT)
                                                   0.06      2.24 f
  RS_OP_20_49142_44100_J1/DP_OP_24_60912_12826_J0/ctmi_492/Y (OA21X1_LVT)
                                                   0.06      2.30 f
  RS_OP_20_49142_44100_J1/DP_OP_24_60912_12826_J0/ctmi_487/Y (OA21X1_LVT)
                                                   0.06      2.36 f
  RS_OP_20_49142_44100_J1/DP_OP_24_60912_12826_J0/ctmi_486/Y (OA21X1_LVT)
                                                   0.06      2.41 f
  RS_OP_20_49142_44100_J1/DP_OP_24_60912_12826_J0/ctmi_481/Y (OA21X1_LVT)
                                                   0.06      2.47 f
  RS_OP_20_49142_44100_J1/DP_OP_24_60912_12826_J0/ctmi_480/Y (OA21X1_LVT)
                                                   0.06      2.53 f
  RS_OP_20_49142_44100_J1/DP_OP_24_60912_12826_J0/ctmi_472/Y (OA21X1_LVT)
                                                   0.06      2.59 f
  RS_OP_20_49142_44100_J1/DP_OP_24_60912_12826_J0/ctmi_974/Y (XOR2X1_HVT)
                                                   0.06      2.65 r
  ctmi_3895/Y (AO222X1_RVT)                        0.10      2.75 r
  ctmi_3893/Y (OR2X1_HVT)                          0.05      2.80 r
  sum[62] (out)                                    0.00      2.80 r
  data arrival time                                          2.80

  clock clk (rise edge)                            3.75      3.75
  clock network delay (ideal)                      0.50      4.25
  clock uncertainty                               -0.20      4.05
  output external delay                           -0.60      3.45
  data required time                                         3.45
  ------------------------------------------------------------------------
  data required time                                         3.45
  data arrival time                                         -2.80
  ------------------------------------------------------------------------
  slack (MET)                                                0.66


1
