****************************************
Report : area
Design : alu_64bit_ref
Version: U-2022.12-SP6
Date   : Wed Feb  4 18:12:09 2026
****************************************

Number of ports:                          195
Number of nets:                          1141
Number of cells:                         1010
Number of combinational cells:           1010
Number of sequential cells:                 0
Number of macros/black boxes:               0
Number of buf/inv:                        224
Number of references:                      51

Combinational area:                   2562.03
Buf/Inv area:                          336.74
Noncombinational area:                   0.00
Macro/Black Box area:                    0.00

Total cell area:                      2562.03
1
