****************************************
Report : qor
Design : alu_64bit_ref
Version: U-2022.12-SP6
Date   : Wed Feb  4 18:12:09 2026
****************************************
Information: Timer using 'Estimated Delay Calculation'. (TIM-050)


Scenario           'func.ss0p95v125c'
Timing Path Group  'FEEDTHROUGH'
----------------------------------------
Levels of Logic:                     26
Critical Path Length:              2.14
Critical Path Slack:               0.61
Critical Path Clk Period:          3.61
Total Negative Slack:              0.00
No. of Violating Paths:               0
----------------------------------------


Cell Count
----------------------------------------
Hierarchical Cell Count:              0
Hierarchical Port Count:              0
Leaf Cell Count:                   1010
Buf/Inv Cell Count:                 224
Buf Cell Count:                      19
Inv Cell Count:                     205
Combinational Cell Count:          1010
   Single-bit Isolation Cell Count:                        0
   Multi-bit Isolation Cell Count:                         0
   Isolation Cell Banking Ratio:                           0.00%
   Single-bit Level Shifter Cell Count:                    0
   Multi-bit Level Shifter Cell Count:                     0
   Level Shifter Cell Banking Ratio:                       0.00%
   Single-bit ELS Cell Count:                              0
   Multi-bit ELS Cell Count:                               0
   ELS Cell Banking Ratio:                                 0.00%
Sequential Cell Count:                0
   Integrated Clock-Gating Cell Count:                     0
   Sequential Macro Cell Count:                            0
   Single-bit Sequential Cell Count:                       0
   Multi-bit Sequential Cell Count:                        0
   Sequential Cell Banking Ratio:                          0.00%
   BitsPerflop:                                            0.00
Macro Count:                          0
----------------------------------------


Area
----------------------------------------
Combinational Area:             2562.03
Noncombinational Area:             0.00
Buf/Inv Area:                    336.74
Total Buffer Area:                67.35
Total Inverter Area:             269.39
Macro/Black Box Area:              0.00
Net Area:                             0
Net XLength:                    4894.97
Net YLength:                    9614.67
----------------------------------------
Cell Area (netlist):                           2562.03
Cell Area (netlist and physical only):         2562.03
Net Length:                    14509.64


Design Rules
----------------------------------------
Total Number of Nets:              1141
Nets with Violations:                12
Max Trans Violations:                 0
Max Cap Violations:                  12
----------------------------------------

1
