****************************************
Report : area
Design : alu_64bit_ref
Version: U-2022.12-SP6
Date   : Wed Feb  4 18:19:25 2026
****************************************

Number of ports:                          195
Number of nets:                          1112
Number of cells:                          981
Number of combinational cells:            981
Number of sequential cells:                 0
Number of macros/black boxes:               0
Number of buf/inv:                        220
Number of references:                      44

Combinational area:                   2503.32
Buf/Inv area:                          332.42
Noncombinational area:                   0.00
Macro/Black Box area:                    0.00

Total cell area:                      2503.32
1
