****************************************
Report : area
Design : alu_64bit_ref
Version: U-2022.12-SP6
Date   : Wed Feb  4 18:05:52 2026
****************************************

Number of ports:                          195
Number of nets:                          1470
Number of cells:                         1323
Number of combinational cells:           1323
Number of sequential cells:                 0
Number of macros/black boxes:               0
Number of buf/inv:                        260
Number of references:                      98

Combinational area:                   3217.21
Buf/Inv area:                          424.42
Noncombinational area:                   0.00
Macro/Black Box area:                    0.00

Total cell area:                      3217.21
1
