****************************************
Report : qor
Design : alu_64bit_ref
Version: U-2022.12-SP6
Date   : Wed Feb  4 18:05:52 2026
****************************************
Information: Timer using 'Estimated Delay Calculation'. (TIM-050)


Scenario           'func.ss0p95v125c'
Timing Path Group  'FEEDTHROUGH'
----------------------------------------
Levels of Logic:                     16
Critical Path Length:              1.43
Critical Path Slack:               0.14
Critical Path Clk Period:          2.42
Total Negative Slack:              0.00
No. of Violating Paths:               0
----------------------------------------


Cell Count
----------------------------------------
Hierarchical Cell Count:              0
Hierarchical Port Count:              0
Leaf Cell Count:                   1323
Buf/Inv Cell Count:                 260
Buf Cell Count:                      32
Inv Cell Count:                     228
Combinational Cell Count:          1323
   Single-bit Isolation Cell Count:                        0
   Multi-bit Isolation Cell Count:                         0
   Isolation Cell Banking Ratio:                           0.00%
   Single-bit Level Shifter Cell Count:                    0
   Multi-bit Level Shifter Cell Count:                     0
   Level Shifter Cell Banking Ratio:                       0.00%
   Single-bit ELS Cell Count:                              0
   Multi-bit ELS Cell Count:                               0
   ELS Cell Banking Ratio:                                 0.00%
Sequential Cell Count:                0
   Integrated Clock-Gating Cell Count:                     0
   Sequential Macro Cell Count:                            0
   Single-bit Sequential Cell Count:                       0
   Multi-bit Sequential Cell Count:                        0
   Sequential Cell Banking Ratio:                          0.00%
   BitsPerflop:                                            0.00
Macro Count:                          0
----------------------------------------


Area
----------------------------------------
Combinational Area:             3217.21
Noncombinational Area:             0.00
Buf/Inv Area:                    424.42
Total Buffer Area:               114.62
Total Inverter Area:             309.80
Macro/Black Box Area:              0.00
Net Area:                             0
Net XLength:                    6097.45
Net YLength:                   11529.00
----------------------------------------
Cell Area (netlist):                           3217.21
Cell Area (netlist and physical only):         3217.21
Net Length:                    17626.45


Design Rules
----------------------------------------
Total Number of Nets:              1470
Nets with Violations:                 4
Max Trans Violations:                 0
Max Cap Violations:                   4
----------------------------------------

1
