****************************************
Report : timing
        -path_type full
        -delay_type max
        -max_paths 1
        -report_by design
Design : alu_64bit_ref
Version: U-2022.12-SP6
Date   : Wed Feb  4 18:05:52 2026
****************************************
Information: Timer using 'Estimated Delay Calculation'. (TIM-050)

  Startpoint: Oper[1] (input port clocked by clk)
  Endpoint: sum[30] (output port clocked by clk)
  Mode: func
  Corner: ss0p95v125c
  Scenario: func.ss0p95v125c
  Path Group: FEEDTHROUGH
  Path Type: max

  Point                                            Incr      Path  
  ------------------------------------------------------------------------
  clock clk (rise edge)                            0.00      0.00
  clock network delay (ideal)                      0.55      0.55
  input external delay                             0.50      1.05 f
  Oper[1] (in)                                     0.00      1.05 f
  A1042/Y (OR2X4_LVT)                              0.05      1.10 f
  HFSINV_375_1085/Y (INVX16_LVT)                   0.06      1.16 r
  A6/Y (NAND2X4_LVT)                               0.02      1.18 f
  HFSINV_183_1076/Y (INVX16_LVT)                   0.06      1.23 r
  ctmi_3084/Y (AO222X1_LVT)                        0.10      1.34 r
  DP_OP_14_43174_27450_J1/ctmi_50/Y (OR2X2_LVT)    0.05      1.39 r
  ctmi_642/Y (INVX1_LVT)                           0.01      1.40 f
  ctmi_640/Y (OAI21X1_LVT)                         0.09      1.49 r
  DP_OP_14_43174_27450_J1/ctmi_56/Y (AO21X1_LVT)   0.07      1.55 r
  DP_OP_14_43174_27450_J1/ctmi_55/Y (AO21X1_LVT)   0.06      1.61 r
  DP_OP_14_43174_27450_J1/ctmi_14/Y (AO21X1_LVT)   0.04      1.66 r
  HFSBUF_612_1070/Y (NBUFFX8_LVT)                  0.04      1.70 r
  DP_OP_14_43174_27450_J1/ctmi_477/Y (AOI221X1_LVT)
                                                   0.08      1.78 f
  DP_OP_14_43174_27450_J1/ctmi_476/Y (XOR2X2_RVT)
                                                   0.06      1.85 r
  ctmi_3250/Y (AO222X1_RVT)                        0.08      1.93 r
  ctmi_3248/Y (OR2X2_RVT)                          0.05      1.98 r
  sum[30] (out)                                    0.00      1.98 r
  data arrival time                                          1.98

  clock clk (rise edge)                            2.42      2.42
  clock network delay (ideal)                      0.50      2.92
  clock uncertainty                               -0.20      2.72
  output external delay                           -0.60      2.12
  data required time                                         2.12
  ------------------------------------------------------------------------
  data required time                                         2.12
  data arrival time                                         -1.98
  ------------------------------------------------------------------------
  slack (MET)                                                0.14


1
