****************************************
Report : area
Design : alu_64bit
Version: U-2022.12-SP6
Date   : Wed Feb  4 18:08:16 2026
****************************************

Number of ports:                          195
Number of nets:                          1653
Number of cells:                         1507
Number of combinational cells:           1507
Number of sequential cells:                 0
Number of macros/black boxes:               0
Number of buf/inv:                        250
Number of references:                      93

Combinational area:                   3598.93
Buf/Inv area:                          432.55
Noncombinational area:                   0.00
Macro/Black Box area:                    0.00

Total cell area:                      3598.93
1
