****************************************
Report : qor
Design : alu_64bit
Version: U-2022.12-SP6
Date   : Wed Feb  4 18:08:16 2026
****************************************
Information: Timer using 'Estimated Delay Calculation'. (TIM-050)


Scenario           'func.ss0p95v125c'
Timing Path Group  'FEEDTHROUGH'
----------------------------------------
Levels of Logic:                     16
Critical Path Length:              1.30
Critical Path Slack:               0.00
Critical Path Clk Period:          2.15
Total Negative Slack:              0.00
No. of Violating Paths:               0
----------------------------------------


Cell Count
----------------------------------------
Hierarchical Cell Count:              0
Hierarchical Port Count:              0
Leaf Cell Count:                   1507
Buf/Inv Cell Count:                 250
Buf Cell Count:                      37
Inv Cell Count:                     213
Combinational Cell Count:          1507
   Single-bit Isolation Cell Count:                        0
   Multi-bit Isolation Cell Count:                         0
   Isolation Cell Banking Ratio:                           0.00%
   Single-bit Level Shifter Cell Count:                    0
   Multi-bit Level Shifter Cell Count:                     0
   Level Shifter Cell Banking Ratio:                       0.00%
   Single-bit ELS Cell Count:                              0
   Multi-bit ELS Cell Count:                               0
   ELS Cell Banking Ratio:                                 0.00%
Sequential Cell Count:                0
   Integrated Clock-Gating Cell Count:                     0
   Sequential Macro Cell Count:                            0
   Single-bit Sequential Cell Count:                       0
   Multi-bit Sequential Cell Count:                        0
   Sequential Cell Banking Ratio:                          0.00%
   BitsPerflop:                                            0.00
Macro Count:                          0
----------------------------------------


Area
----------------------------------------
Combinational Area:             3598.93
Noncombinational Area:             0.00
Buf/Inv Area:                    432.55
Total Buffer Area:               138.51
Total Inverter Area:             294.04
Macro/Black Box Area:              0.00
Net Area:                             0
Net XLength:                    6793.33
Net YLength:                   12851.19
----------------------------------------
Cell Area (netlist):                           3598.93
Cell Area (netlist and physical only):         3598.93
Net Length:                    19644.52


Design Rules
----------------------------------------
Total Number of Nets:              1653
Nets with Violations:                 0
Max Trans Violations:                 0
Max Cap Violations:                   0
----------------------------------------

1
