****************************************
Report : area
Design : alu_64bit_ref
Version: U-2022.12-SP6
Date   : Wed Feb  4 18:15:16 2026
****************************************

Number of ports:                          195
Number of nets:                          1130
Number of cells:                          999
Number of combinational cells:            999
Number of sequential cells:                 0
Number of macros/black boxes:               0
Number of buf/inv:                        224
Number of references:                      47

Combinational area:                   2543.73
Buf/Inv area:                          340.30
Noncombinational area:                   0.00
Macro/Black Box area:                    0.00

Total cell area:                      2543.73
1
