****************************************
Report : area
Design : alu_64bit
Version: U-2022.12-SP6
Date   : Wed Feb  4 18:18:08 2026
****************************************

Number of ports:                          195
Number of nets:                          1116
Number of cells:                          985
Number of combinational cells:            985
Number of sequential cells:                 0
Number of macros/black boxes:               0
Number of buf/inv:                        143
Number of references:                      54

Combinational area:                   2583.88
Buf/Inv area:                          236.61
Noncombinational area:                   0.00
Macro/Black Box area:                    0.00

Total cell area:                      2583.88
1
