****************************************
Report : area
Design : alu_64bit
Version: U-2022.12-SP6
Date   : Wed Feb  4 18:12:03 2026
****************************************

Number of ports:                          195
Number of nets:                          1174
Number of cells:                         1033
Number of combinational cells:           1033
Number of sequential cells:                 0
Number of macros/black boxes:               0
Number of buf/inv:                        144
Number of references:                      66

Combinational area:                   2674.10
Buf/Inv area:                          242.96
Noncombinational area:                   0.00
Macro/Black Box area:                    0.00

Total cell area:                      2674.10
1
