****************************************
Report : timing
        -path_type full
        -delay_type max
        -max_paths 1
        -report_by design
Design : alu_64bit
Version: U-2022.12-SP6
Date   : Wed Feb  4 18:12:03 2026
****************************************
Information: Timer using 'Estimated Delay Calculation'. (TIM-050)

  Startpoint: Oper[2] (input port clocked by clk)
  Endpoint: sum[42] (output port clocked by clk)
  Mode: func
  Corner: ss0p95v125c
  Scenario: func.ss0p95v125c
  Path Group: FEEDTHROUGH
  Path Type: max

  Point                                            Incr      Path  
  ------------------------------------------------------------------------
  clock clk (rise edge)                            0.00      0.00
  clock network delay (ideal)                      0.55      0.55
  input external delay                             0.50      1.05 f
  Oper[2] (in)                                     0.00      1.05 f
  ctmTdsLR_2_1546/Y (OR2X1_LVT)                    0.05      1.10 f
  ctmTdsLR_1_1545/Y (OR2X2_LVT)                    0.05      1.14 f
  HFSINV_191_1511/Y (INVX8_LVT)                    0.06      1.20 r
  RS_OP_20_49142_44100_J1/DP_OP_24_60912_12826_J0/ctmi_887/Y (AND2X1_RVT)
                                                   0.04      1.24 r
  ctmi_1412/Y (INVX1_RVT)                          0.01      1.25 f
  ctmi_1411/Y (OAI221X1_HVT)                       0.08      1.33 r
  ctmi_1410/Y (NOR2X2_RVT)                         0.06      1.39 f
  ctmi_1413/Y (INVX1_RVT)                          0.02      1.40 r
  RS_OP_20_49142_44100_J1/DP_OP_24_60912_12826_J0/ctmi_875/Y (NAND2X0_RVT)
                                                   0.03      1.43 f
  RS_OP_20_49142_44100_J1/DP_OP_24_60912_12826_J0/ctmi_888/Y (OR2X1_LVT)
                                                   0.05      1.48 f
  RS_OP_20_49142_44100_J1/DP_OP_24_60912_12826_J0/ctmi_860/Y (OA221X2_LVT)
                                                   0.08      1.55 f
  RS_OP_20_49142_44100_J1/DP_OP_24_60912_12826_J0/ctmi_796/Y (OA221X2_LVT)
                                                   0.08      1.63 f
  ctmTdsLR_4_1566/Y (OA21X2_LVT)                   0.06      1.70 f
  RS_OP_20_49142_44100_J1/DP_OP_24_60912_12826_J0/ctmi_1040/Y (OA21X1_LVT)
                                                   0.06      1.75 f
  RS_OP_20_49142_44100_J1/DP_OP_24_60912_12826_J0/ctmi_1055/Y (OA21X1_RVT)
                                                   0.06      1.81 f
  RS_OP_20_49142_44100_J1/DP_OP_24_60912_12826_J0/ctmi_1054/Y (OA21X1_RVT)
                                                   0.06      1.87 f
  RS_OP_20_49142_44100_J1/DP_OP_24_60912_12826_J0/ctmi_1053/Y (XOR2X1_RVT)
                                                   0.06      1.93 r
  ctmi_3975/Y (AO222X1_RVT)                        0.10      2.03 r
  ctmi_3973/Y (OR2X1_RVT)                          0.05      2.08 r
  sum[42] (out)                                    0.00      2.08 r
  data arrival time                                          2.08

  clock clk (rise edge)                            2.75      2.75
  clock network delay (ideal)                      0.50      3.25
  clock uncertainty                               -0.20      3.05
  output external delay                           -0.60      2.45
  data required time                                         2.45
  ------------------------------------------------------------------------
  data required time                                         2.45
  data arrival time                                         -2.08
  ------------------------------------------------------------------------
  slack (MET)                                                0.37


1
