****************************************
Report : area
Design : alu_64bit_ref
Version: U-2022.12-SP6
Date   : Wed Feb  4 17:45:36 2026
****************************************

Number of ports:                          195
Number of nets:                          1126
Number of cells:                          995
Number of combinational cells:            995
Number of sequential cells:                 0
Number of macros/black boxes:               0
Number of buf/inv:                        223
Number of references:                      45

Combinational area:                   2530.26
Buf/Inv area:                          335.22
Noncombinational area:                   0.00
Macro/Black Box area:                    0.00

Total cell area:                      2530.26
1
