****************************************
Report : timing
        -path_type full
        -delay_type max
        -max_paths 1
        -report_by design
Design : alu_64bit_ref
Version: U-2022.12-SP6
Date   : Wed Feb  4 17:45:36 2026
****************************************
Information: Timer using 'Estimated Delay Calculation'. (TIM-050)

  Startpoint: Oper[2] (input port clocked by clk)
  Endpoint: sum[62] (output port clocked by clk)
  Mode: func
  Corner: ss0p95v125c
  Scenario: func.ss0p95v125c
  Path Group: FEEDTHROUGH
  Path Type: max

  Point                                            Incr      Path  
  ------------------------------------------------------------------------
  clock clk (rise edge)                            0.00      0.00
  clock network delay (ideal)                      0.55      0.55
  input external delay                             0.50      1.05 f
  Oper[2] (in)                                     0.00      1.05 f
  ctmi_456/Y (OR2X4_LVT)                           0.05      1.10 f
  HFSINV_379_623/Y (INVX8_RVT)                     0.06      1.16 r
  A6/Y (NAND2X4_RVT)                               0.03      1.18 f
  HFSINV_175_615/Y (INVX8_HVT)                     0.06      1.24 r
  ctmi_3105/Y (AO222X1_RVT)                        0.10      1.34 r
  DP_OP_14_43174_27450_J1/ctmi_99/Y (OR2X1_HVT)    0.05      1.39 r
  DP_OP_14_43174_27450_J1/ctmi_97/Y (AND2X1_RVT)   0.04      1.43 r
  DP_OP_14_43174_27450_J1/ctmi_96/Y (AO221X1_RVT)
                                                   0.09      1.52 r
  DP_OP_14_43174_27450_J1/ctmi_88/Y (AO221X1_HVT)
                                                   0.08      1.59 r
  DP_OP_14_43174_27450_J1/ctmi_72/Y (AO221X2_LVT)
                                                   0.09      1.68 r
  DP_OP_14_43174_27450_J1/ctmi_32/Y (AOI221X2_LVT)
                                                   0.09      1.77 f
  DP_OP_14_43174_27450_J1/ctmi_31/Y (OA221X1_RVT)
                                                   0.08      1.85 f
  DP_OP_14_43174_27450_J1/ctmi_30/Y (OA21X1_LVT)   0.06      1.91 f
  DP_OP_14_43174_27450_J1/ctmi_29/Y (OA21X1_LVT)   0.06      1.97 f
  DP_OP_14_43174_27450_J1/ctmi_28/Y (OA21X1_RVT)   0.06      2.02 f
  DP_OP_14_43174_27450_J1/ctmi_27/Y (OA21X1_LVT)   0.06      2.08 f
  DP_OP_14_43174_27450_J1/ctmi_26/Y (OA21X1_LVT)   0.06      2.14 f
  DP_OP_14_43174_27450_J1/ctmi_25/Y (OA21X1_RVT)   0.06      2.20 f
  DP_OP_14_43174_27450_J1/ctmi_24/Y (OA21X1_LVT)   0.06      2.25 f
  DP_OP_14_43174_27450_J1/ctmi_23/Y (OA21X1_LVT)   0.06      2.31 f
  DP_OP_14_43174_27450_J1/ctmi_22/Y (OA21X1_RVT)   0.06      2.37 f
  DP_OP_14_43174_27450_J1/ctmi_21/Y (OA21X1_LVT)   0.06      2.43 f
  DP_OP_14_43174_27450_J1/ctmi_20/Y (OA21X1_LVT)   0.06      2.48 f
  DP_OP_14_43174_27450_J1/ctmi_19/Y (OA21X1_RVT)   0.06      2.54 f
  DP_OP_14_43174_27450_J1/ctmi_18/Y (OA21X1_LVT)   0.06      2.60 f
  DP_OP_14_43174_27450_J1/ctmi_17/Y (OA21X1_LVT)   0.06      2.65 f
  DP_OP_14_43174_27450_J1/ctmi_16/Y (OA21X1_RVT)   0.06      2.71 f
  DP_OP_14_43174_27450_J1/ctmi_15/Y (OA21X1_LVT)   0.06      2.77 f
  DP_OP_14_43174_27450_J1/ctmi_14/Y (OA21X1_RVT)   0.06      2.83 f
  DP_OP_14_43174_27450_J1/ctmi_13/Y (OA21X1_LVT)   0.06      2.88 f
  DP_OP_14_43174_27450_J1/ctmi_12/Y (OA21X1_LVT)   0.06      2.94 f
  DP_OP_14_43174_27450_J1/ctmi_226/Y (XOR2X1_RVT)
                                                   0.06      3.00 r
  ctmi_3122/Y (AO222X1_RVT)                        0.08      3.09 r
  ctmi_3120/Y (OR2X2_RVT)                          0.05      3.14 r
  sum[62] (out)                                    0.00      3.14 r
  data arrival time                                          3.14

  clock clk (rise edge)                            4.38      4.38
  clock network delay (ideal)                      0.50      4.88
  clock uncertainty                               -0.20      4.68
  output external delay                           -0.60      4.08
  data required time                                         4.08
  ------------------------------------------------------------------------
  data required time                                         4.08
  data arrival time                                         -3.14
  ------------------------------------------------------------------------
  slack (MET)                                                0.94


1
