****************************************
Report : area
Design : alu_64bit
Version: U-2022.12-SP6
Date   : Wed Feb  4 18:00:10 2026
****************************************

Number of ports:                          195
Number of nets:                          1763
Number of cells:                         1595
Number of combinational cells:           1595
Number of sequential cells:                 0
Number of macros/black boxes:               0
Number of buf/inv:                        212
Number of references:                      93

Combinational area:                   3699.07
Buf/Inv area:                          395.70
Noncombinational area:                   0.00
Macro/Black Box area:                    0.00

Total cell area:                      3699.07
1
