****************************************
Report : qor
Design : alu_64bit
Version: U-2022.12-SP6
Date   : Wed Feb  4 18:00:10 2026
****************************************
Information: Timer using 'Estimated Delay Calculation'. (TIM-050)


Scenario           'func.ss0p95v125c'
Timing Path Group  'FEEDTHROUGH'
----------------------------------------
Levels of Logic:                     19
Critical Path Length:              1.35
Critical Path Slack:              -0.20
Critical Path Clk Period:          2.00
Total Negative Slack:             -6.82
No. of Violating Paths:              56
----------------------------------------


Cell Count
----------------------------------------
Hierarchical Cell Count:              0
Hierarchical Port Count:              0
Leaf Cell Count:                   1595
Buf/Inv Cell Count:                 212
Buf Cell Count:                      33
Inv Cell Count:                     179
Combinational Cell Count:          1595
   Single-bit Isolation Cell Count:                        0
   Multi-bit Isolation Cell Count:                         0
   Isolation Cell Banking Ratio:                           0.00%
   Single-bit Level Shifter Cell Count:                    0
   Multi-bit Level Shifter Cell Count:                     0
   Level Shifter Cell Banking Ratio:                       0.00%
   Single-bit ELS Cell Count:                              0
   Multi-bit ELS Cell Count:                               0
   ELS Cell Banking Ratio:                                 0.00%
Sequential Cell Count:                0
   Integrated Clock-Gating Cell Count:                     0
   Sequential Macro Cell Count:                            0
   Single-bit Sequential Cell Count:                       0
   Multi-bit Sequential Cell Count:                        0
   Sequential Cell Banking Ratio:                          0.00%
   BitsPerflop:                                            0.00
Macro Count:                          0
----------------------------------------


Area
----------------------------------------
Combinational Area:             3699.07
Noncombinational Area:             0.00
Buf/Inv Area:                    395.70
Total Buffer Area:               131.90
Total Inverter Area:             263.80
Macro/Black Box Area:              0.00
Net Area:                             0
Net XLength:                    7319.99
Net YLength:                   12426.72
----------------------------------------
Cell Area (netlist):                           3699.07
Cell Area (netlist and physical only):         3699.07
Net Length:                    19746.72


Design Rules
----------------------------------------
Total Number of Nets:              1763
Nets with Violations:                 1
Max Trans Violations:                 0
Max Cap Violations:                   1
----------------------------------------

1
