****************************************
Report : qor
Design : alu_64bit_ref
Version: U-2022.12-SP6
Date   : Wed Feb  4 18:04:47 2026
****************************************
Information: Timer using 'Estimated Delay Calculation'. (TIM-050)


Scenario           'func.ss0p95v125c'
Timing Path Group  'FEEDTHROUGH'
----------------------------------------
Levels of Logic:                     16
Critical Path Length:              1.33
Critical Path Slack:               0.05
Critical Path Clk Period:          2.22
Total Negative Slack:              0.00
No. of Violating Paths:               0
----------------------------------------


Cell Count
----------------------------------------
Hierarchical Cell Count:              0
Hierarchical Port Count:              0
Leaf Cell Count:                   1447
Buf/Inv Cell Count:                 300
Buf Cell Count:                      27
Inv Cell Count:                     273
Combinational Cell Count:          1447
   Single-bit Isolation Cell Count:                        0
   Multi-bit Isolation Cell Count:                         0
   Isolation Cell Banking Ratio:                           0.00%
   Single-bit Level Shifter Cell Count:                    0
   Multi-bit Level Shifter Cell Count:                     0
   Level Shifter Cell Banking Ratio:                       0.00%
   Single-bit ELS Cell Count:                              0
   Multi-bit ELS Cell Count:                               0
   ELS Cell Banking Ratio:                                 0.00%
Sequential Cell Count:                0
   Integrated Clock-Gating Cell Count:                     0
   Sequential Macro Cell Count:                            0
   Single-bit Sequential Cell Count:                       0
   Multi-bit Sequential Cell Count:                        0
   Sequential Cell Banking Ratio:                          0.00%
   BitsPerflop:                                            0.00
Macro Count:                          0
----------------------------------------


Area
----------------------------------------
Combinational Area:             3417.22
Noncombinational Area:             0.00
Buf/Inv Area:                    479.06
Total Buffer Area:                97.85
Total Inverter Area:             381.22
Macro/Black Box Area:              0.00
Net Area:                             0
Net XLength:                    6130.77
Net YLength:                   12030.09
----------------------------------------
Cell Area (netlist):                           3417.22
Cell Area (netlist and physical only):         3417.22
Net Length:                    18160.85


Design Rules
----------------------------------------
Total Number of Nets:              1598
Nets with Violations:                 3
Max Trans Violations:                 0
Max Cap Violations:                   3
----------------------------------------

1
