****************************************
Report : area
Design : alu_64bit
Version: U-2022.12-SP6
Date   : Wed Feb  4 18:16:55 2026
****************************************

Number of ports:                          195
Number of nets:                          1130
Number of cells:                          999
Number of combinational cells:            999
Number of sequential cells:                 0
Number of macros/black boxes:               0
Number of buf/inv:                        147
Number of references:                      57

Combinational area:                   2618.19
Buf/Inv area:                          245.50
Noncombinational area:                   0.00
Macro/Black Box area:                    0.00

Total cell area:                      2618.19
1
