****************************************
Report : qor
Design : alu_64bit
Version: U-2022.12-SP6
Date   : Wed Feb  4 18:16:55 2026
****************************************
Information: Timer using 'Estimated Delay Calculation'. (TIM-050)


Scenario           'func.ss0p95v125c'
Timing Path Group  'FEEDTHROUGH'
----------------------------------------
Levels of Logic:                     24
Critical Path Length:              1.96
Critical Path Slack:               0.72
Critical Path Clk Period:          3.53
Total Negative Slack:              0.00
No. of Violating Paths:               0
----------------------------------------


Cell Count
----------------------------------------
Hierarchical Cell Count:              0
Hierarchical Port Count:              0
Leaf Cell Count:                    999
Buf/Inv Cell Count:                 147
Buf Cell Count:                      20
Inv Cell Count:                     127
Combinational Cell Count:           999
   Single-bit Isolation Cell Count:                        0
   Multi-bit Isolation Cell Count:                         0
   Isolation Cell Banking Ratio:                           0.00%
   Single-bit Level Shifter Cell Count:                    0
   Multi-bit Level Shifter Cell Count:                     0
   Level Shifter Cell Banking Ratio:                       0.00%
   Single-bit ELS Cell Count:                              0
   Multi-bit ELS Cell Count:                               0
   ELS Cell Banking Ratio:                                 0.00%
Sequential Cell Count:                0
   Integrated Clock-Gating Cell Count:                     0
   Sequential Macro Cell Count:                            0
   Single-bit Sequential Cell Count:                       0
   Multi-bit Sequential Cell Count:                        0
   Sequential Cell Banking Ratio:                          0.00%
   BitsPerflop:                                            0.00
Macro Count:                          0
----------------------------------------


Area
----------------------------------------
Combinational Area:             2618.19
Noncombinational Area:             0.00
Buf/Inv Area:                    245.50
Total Buffer Area:                73.45
Total Inverter Area:             172.06
Macro/Black Box Area:              0.00
Net Area:                             0
Net XLength:                    5156.67
Net YLength:                    9664.92
----------------------------------------
Cell Area (netlist):                           2618.19
Cell Area (netlist and physical only):         2618.19
Net Length:                    14821.59


Design Rules
----------------------------------------
Total Number of Nets:              1130
Nets with Violations:                 6
Max Trans Violations:                 0
Max Cap Violations:                   6
----------------------------------------

1
