****************************************
Report : timing
        -path_type full
        -delay_type max
        -max_paths 1
        -report_by design
Design : alu_64bit
Version: U-2022.12-SP6
Date   : Wed Feb  4 18:16:55 2026
****************************************
Information: Timer using 'Estimated Delay Calculation'. (TIM-050)

  Startpoint: Oper[2] (input port clocked by clk)
  Endpoint: sum[62] (output port clocked by clk)
  Mode: func
  Corner: ss0p95v125c
  Scenario: func.ss0p95v125c
  Path Group: FEEDTHROUGH
  Path Type: max

  Point                                            Incr      Path  
  ------------------------------------------------------------------------
  clock clk (rise edge)                            0.00      0.00
  clock network delay (ideal)                      0.55      0.55
  input external delay                             0.50      1.05 f
  Oper[2] (in)                                     0.00      1.05 f
  A461/Y (OR3X4_RVT)                               0.05      1.10 f
  HFSINV_214_1515/Y (INVX8_LVT)                    0.06      1.16 r
  RS_OP_20_49142_44100_J1/DP_OP_24_60912_12826_J0/ctmi_475/Y (OR2X1_LVT)
                                                   0.05      1.21 r
  HFSBUF_179_1511/Y (NBUFFX8_LVT)                  0.05      1.26 r
  RS_OP_20_49142_44100_J1/DP_OP_24_60912_12826_J0/ctmi_874/Y (AO22X1_RVT)
                                                   0.07      1.32 r
  ctmi_1419/Y (NOR2X0_RVT)                         0.06      1.38 f
  ctmi_1422/Y (INVX1_LVT)                          0.02      1.40 r
  RS_OP_20_49142_44100_J1/DP_OP_24_60912_12826_J0/ctmi_866/Y (NAND2X0_LVT)
                                                   0.03      1.43 f
  RS_OP_20_49142_44100_J1/DP_OP_24_60912_12826_J0/ctmi_879/Y (OR2X1_HVT)
                                                   0.05      1.47 f
  RS_OP_20_49142_44100_J1/DP_OP_24_60912_12826_J0/ctmi_851/Y (OA221X2_LVT)
                                                   0.08      1.55 f
  RS_OP_20_49142_44100_J1/DP_OP_24_60912_12826_J0/ctmi_787/Y (OA221X2_LVT)
                                                   0.08      1.63 f
  RS_OP_20_49142_44100_J1/DP_OP_24_60912_12826_J0/ctmi_668/Y (OA221X2_RVT)
                                                   0.08      1.71 f
  ctmTdsLR_1_1546/Y (OA221X1_LVT)                  0.07      1.78 f
  RS_OP_20_49142_44100_J1/DP_OP_24_60912_12826_J0/ctmi_505/Y (OA21X1_LVT)
                                                   0.06      1.84 f
  ctmTdsLR_1_1544/Y (OA221X1_LVT)                  0.08      1.91 f
  RS_OP_20_49142_44100_J1/DP_OP_24_60912_12826_J0/ctmi_498/Y (OA21X1_LVT)
                                                   0.06      1.97 f
  ctmTdsLR_1_1542/Y (OA221X1_LVT)                  0.08      2.05 f
  RS_OP_20_49142_44100_J1/DP_OP_24_60912_12826_J0/ctmi_487/Y (OA21X1_RVT)
                                                   0.06      2.11 f
  ctmTdsLR_1_1540/Y (OA221X1_RVT)                  0.08      2.19 f
  RS_OP_20_49142_44100_J1/DP_OP_24_60912_12826_J0/ctmi_480/Y (OA21X1_RVT)
                                                   0.06      2.25 f
  RS_OP_20_49142_44100_J1/DP_OP_24_60912_12826_J0/ctmi_472/Y (OA21X1_RVT)
                                                   0.06      2.30 f
  RS_OP_20_49142_44100_J1/DP_OP_24_60912_12826_J0/ctmi_979/Y (XOR2X1_RVT)
                                                   0.06      2.37 r
  ctmi_3895/Y (AO222X1_RVT)                        0.10      2.47 r
  ctmi_3893/Y (OR2X1_HVT)                          0.05      2.51 r
  sum[62] (out)                                    0.00      2.51 r
  data arrival time                                          2.51

  clock clk (rise edge)                            3.53      3.53
  clock network delay (ideal)                      0.50      4.03
  clock uncertainty                               -0.20      3.83
  output external delay                           -0.60      3.23
  data required time                                         3.23
  ------------------------------------------------------------------------
  data required time                                         3.23
  data arrival time                                         -2.51
  ------------------------------------------------------------------------
  slack (MET)                                                0.72


1
