****************************************
Report : area
Design : alu_64bit_ref
Version: U-2022.12-SP6
Date   : Wed Feb  4 18:08:01 2026
****************************************

Number of ports:                          195
Number of nets:                          1192
Number of cells:                         1054
Number of combinational cells:           1054
Number of sequential cells:                 0
Number of macros/black boxes:               0
Number of buf/inv:                        224
Number of references:                      70

Combinational area:                   2646.15
Buf/Inv area:                          337.76
Noncombinational area:                   0.00
Macro/Black Box area:                    0.00

Total cell area:                      2646.15
1
