#@ # 
#@ # Running pwr_shell Version W-2024.09 for linux64 -- Aug 31, 2024
#@ # Date:   Wed Feb  4 18:25:13 2026
#@ # Run by: jo045021@net1580
#@ 

source /home/net/synopsys/installs/prime/W-2024.09/admin/setup/.synopsys_pt.setup
#@ # -- Starting source /home/net/synopsys/installs/prime/W-2024.09/admin/setup/.synopsys_pt.setup

#@ #
#@ # .synopsys_pt.setup: Initialization File for PrimeTime
#@ #
#@ 
#@ 
#@ #
#@ # Enable stack trace output on fatal.  Not available for all architectures.
#@ #
#@ if { $sh_arch == "sparcOS5" || $sh_arch == "hpux10" || \
#@      $sh_arch == "hp32" || $sh_arch == "linux" } {
#@   set_unix_variable SYNOPSYS_TRACE ""
#@ }
#@ 
#@ #
#@ # Variable settings
#@ #
#@ 
#@ #
#@ # Synopsys strongly recommends that you use new variable message
#@ # tracing for debugging purposes only.
#@ #
#@ set sh_new_variable_message true
#@ 
#@ #
#@ # Synopsys strongly recommends that you uncomment the following command
#@ # in order to set sh_command_abbrev_mode to the value "Command-Line-Only".
#@ # Command abbreviation is intended as an interactive convenience.  Using
#@ # abbreviations in scripts can cause commands to fail in subsequent releases.
#@ # 
#@ #set sh_command_abbrev_mode "Command-Line-Only"
#@ 
#@ #
#@ # Some useful aliases
#@ #
#@ alias list_commands		help
#@ alias report_constraints	report_constraint
#@ alias report_clocks		report_clock
#@ 
#@ #
#@ # The alias for get_clock was added when get_clock_network_objects
#@ # was introduced, as it conflicts with get_clocks (and get_clock is a
#@ # typical abbreviation for get_clocks)
#@ #
#@ alias get_clock get_clocks
#@ 
#@ 
#@ #
#@ #
#@ # The alias of q to quit is commented out.  Remove the comment 
#@ # character if you want this alias.  Some users find that having 
#@ # this particular alias causes problems when mixed with page-mode
#@ # for reports - an accidental repeated 'q' not only cancels the
#@ # output but exits the tool.
#@ #
#@ #alias q quit
#@ 
#@ # -- End source /home/net/synopsys/installs/prime/W-2024.09/admin/setup/.synopsys_pt.setup

#@ # -- Starting source /home/net/synopsys/installs/prime/W-2024.09/auxx/tcllib/lib/itcl4.2.1/itcl.tcl

#@ #
#@ # itcl.tcl
#@ # ----------------------------------------------------------------------
#@ # Invoked automatically upon startup to customize the interpreter
#@ # for [incr Tcl].
#@ # ----------------------------------------------------------------------
#@ #   AUTHOR:  Michael J. McLennan
#@ #            Bell Labs Innovations for Lucent Technologies
#@ #            mmclennan@lucent.com
#@ #            http://www.tcltk.com/itcl
#@ # ----------------------------------------------------------------------
#@ #            Copyright (c) 1993-1998  Lucent Technologies, Inc.
#@ # ======================================================================
#@ # See the file "license.terms" for information on usage and
#@ # redistribution of this file, and for a DISCLAIMER OF ALL WARRANTIES.
#@ 
#@ proc ::itcl::delete_helper { name args } {
#@     ::itcl::delete object $name
#@ }
#@ 
#@ # ----------------------------------------------------------------------
#@ #  USAGE:  local <className> <objName> ?<arg> <arg>...?
#@ #
#@ #  Creates a new object called <objName> in class <className>, passing
#@ #  the remaining <arg>'s to the constructor.  Unlike the usual
#@ #  [incr Tcl] objects, however, an object created by this procedure
#@ #  will be automatically deleted when the local call frame is destroyed.
#@ #  This command is useful for creating objects that should only remain
#@ #  alive until a procedure exits.
#@ # ----------------------------------------------------------------------
#@ proc ::itcl::local {class name args} {
#@     set ptr [uplevel [list $class $name] $args]
#@     uplevel [list set itcl-local-$ptr $ptr]
#@     set cmd [uplevel namespace which -command $ptr]
#@     uplevel [list trace variable itcl-local-$ptr u         "::itcl::delete_helper $cmd"]
#@     return $ptr
#@ }
#@ 
#@ # ----------------------------------------------------------------------
#@ # auto_mkindex
#@ # ----------------------------------------------------------------------
#@ # Define Itcl commands that will be recognized by the auto_mkindex
#@ # parser in Tcl...
#@ #
#@ 
#@ #
#@ # USAGE:  itcl::class name body
#@ # Adds an entry for the given class declaration.
#@ #
#@ foreach __cmd {itcl::class class itcl::type type ictl::widget widget itcl::widgetadaptor widgetadaptor itcl::extendedclass extendedclass} {
#@     auto_mkindex_parser::command $__cmd {name body} {
#@ 	variable index
#@ 	variable scriptFile
#@ 	append index "set [list auto_index([fullname $name])]"
#@ 	append index " \[list source \[file join \$dir [list $scriptFile]\]\]\n"
#@ 
#@ 	variable parser
#@ 	variable contextStack
#@ 	set contextStack [linsert $contextStack 0 $name]
#@ 	$parser eval $body
#@ 	set contextStack [lrange $contextStack 1 end]
#@     }
#@ }
#@ # -- Starting source /home/net/synopsys/installs/prime/W-2024.09/auxx/tcllib/lib/tcl8.6/auto.tcl

#@ # auto.tcl --
#@ #
#@ # utility procs formerly in init.tcl dealing with auto execution of commands
#@ # and can be auto loaded themselves.
#@ #
#@ # Copyright (c) 1991-1993 The Regents of the University of California.
#@ # Copyright (c) 1994-1998 Sun Microsystems, Inc.
#@ #
#@ # See the file "license.terms" for information on usage and redistribution of
#@ # this file, and for a DISCLAIMER OF ALL WARRANTIES.
#@ #
#@ 
#@ # auto_reset --
#@ #
#@ # Destroy all cached information for auto-loading and auto-execution, so that
#@ # the information gets recomputed the next time it's needed.  Also delete any
#@ # commands that are listed in the auto-load index.
#@ #
#@ # Arguments:
#@ # None.
#@ 
#@ proc auto_reset {} {
#@     global auto_execs auto_index auto_path
#@     if {[array exists auto_index]} {
#@ 	foreach cmdName [array names auto_index] {
#@ 	    set fqcn [namespace which $cmdName]
#@ 	    if {$fqcn eq ""} {
#@ 		continue
#@ 	    }
#@ 	    rename $fqcn {}
#@ 	}
#@     }
#@     unset -nocomplain auto_execs auto_index ::tcl::auto_oldpath
#@     if {[catch {llength $auto_path}]} {
#@ 	set auto_path [list [info library]]
#@     } elseif {[info library] ni $auto_path} {
#@ 	lappend auto_path [info library]
#@     }
#@ }
#@ 
#@ # tcl_findLibrary --
#@ #
#@ #	This is a utility for extensions that searches for a library directory
#@ #	using a canonical searching algorithm. A side effect is to source the
#@ #	initialization script and set a global library variable.
#@ #
#@ # Arguments:
#@ # 	basename	Prefix of the directory name, (e.g., "tk")
#@ #	version		Version number of the package, (e.g., "8.0")
#@ #	patch		Patchlevel of the package, (e.g., "8.0.3")
#@ #	initScript	Initialization script to source (e.g., tk.tcl)
#@ #	enVarName	environment variable to honor (e.g., TK_LIBRARY)
#@ #	varName		Global variable to set when done (e.g., tk_library)
#@ 
#@ proc tcl_findLibrary {basename version patch initScript enVarName varName} {
#@     upvar #0 $varName the_library
#@     global auto_path env tcl_platform
#@ 
#@     set dirs {}
#@     set errors {}
#@ 
#@     # The C application may have hardwired a path, which we honor
#@ 
#@     if {[info exists the_library] && $the_library ne ""} {
#@ 	lappend dirs $the_library
#@     } else {
#@ 	# Do the canonical search
#@ 
#@ 	# 1. From an environment variable, if it exists.  Placing this first
#@ 	#    gives the end-user ultimate control to work-around any bugs, or
#@ 	#    to customize.
#@ 
#@         if {[info exists env($enVarName)]} {
#@             lappend dirs $env($enVarName)
#@         }
#@ 
#@ 	# 2. In the package script directory registered within the
#@ 	#    configuration of the package itself.
#@ 
#@ 	catch {
#@ 	    lappend dirs [::${basename}::pkgconfig get scriptdir,runtime]
#@ 	}
#@ 
#@ 	# 3. Relative to auto_path directories.  This checks relative to the
#@ 	# Tcl library as well as allowing loading of libraries added to the
#@ 	# auto_path that is not relative to the core library or binary paths.
#@ 	foreach d $auto_path {
#@ 	    lappend dirs [file join $d $basename$version]
#@ 	    if {$tcl_platform(platform) eq "unix"
#@ 		    && $tcl_platform(os) eq "Darwin"} {
#@ 		# 4. On MacOSX, check the Resources/Scripts subdir too
#@ 		lappend dirs [file join $d $basename$version Resources Scripts]
#@ 	    }
#@ 	}
#@ 
#@ 	# 3. Various locations relative to the executable
#@ 	# ../lib/foo1.0		(From bin directory in install hierarchy)
#@ 	# ../../lib/foo1.0	(From bin/arch directory in install hierarchy)
#@ 	# ../library		(From unix directory in build hierarchy)
#@ 	#
#@ 	# Remaining locations are out of date (when relevant, they ought to be
#@ 	# covered by the $::auto_path seach above) and disabled.
#@ 	#
#@ 	# ../../library		(From unix/arch directory in build hierarchy)
#@ 	# ../../foo1.0.1/library
#@ 	#		(From unix directory in parallel build hierarchy)
#@ 	# ../../../foo1.0.1/library
#@ 	#		(From unix/arch directory in parallel build hierarchy)
#@ 
#@         set parentDir [file dirname [file dirname [info nameofexecutable]]]
#@         set grandParentDir [file dirname $parentDir]
#@         lappend dirs [file join $parentDir lib $basename$version]
#@         lappend dirs [file join $grandParentDir lib $basename$version]
#@         lappend dirs [file join $parentDir library]
#@ 	if {0} {
#@ 	    lappend dirs [file join $grandParentDir library]
#@ 	    lappend dirs [file join $grandParentDir $basename$patch library]
#@ 	    lappend dirs [file join [file dirname $grandParentDir] 			      $basename$patch library]
#@ 	}
#@     }
#@     # uniquify $dirs in order
#@     array set seen {}
#@     foreach i $dirs {
#@ 	# Make sure $i is unique under normalization. Avoid repeated [source].
#@ 	if {[interp issafe]} {
#@ 	    # Safe interps have no [file normalize].
#@ 	    set norm $i
#@ 	} else {
#@ 	    set norm [file normalize $i]
#@ 	}
#@ 	if {[info exists seen($norm)]} {
#@ 	    continue
#@ 	}
#@ 	set seen($norm) {}
#@ 
#@         set the_library $i
#@         set file [file join $i $initScript]
#@ 
#@ 	# source everything when in a safe interpreter because we have a
#@ 	# source command, but no file exists command
#@ 
#@         if {[interp issafe] || [file exists $file]} {
#@             if {![catch {uplevel #0 [list source $file]} msg opts]} {
#@                 return
#@             }
#@ 	    append errors "$file: $msg\n"
#@ 	    append errors [dict get $opts -errorinfo]\n
#@         }
#@     }
#@     unset -nocomplain the_library
#@     set msg "Can't find a usable $initScript in the following directories: \n"
#@     append msg "    $dirs\n\n"
#@     append msg "$errors\n\n"
#@     append msg "This probably means that $basename wasn't installed properly.\n"
#@     error $msg
#@ }
#@ 
#@ 
#@ # ----------------------------------------------------------------------
#@ # auto_mkindex
#@ # ----------------------------------------------------------------------
#@ # The following procedures are used to generate the tclIndex file from Tcl
#@ # source files.  They use a special safe interpreter to parse Tcl source
#@ # files, writing out index entries as "proc" commands are encountered.  This
#@ # implementation won't work in a safe interpreter, since a safe interpreter
#@ # can't create the special parser and mess with its commands.
#@ 
#@ if {[interp issafe]} {
#@     return	;# Stop sourcing the file here
#@ }
#@ 
#@ # auto_mkindex --
#@ # Regenerate a tclIndex file from Tcl source files.  Takes as argument the
#@ # name of the directory in which the tclIndex file is to be placed, followed
#@ # by any number of glob patterns to use in that directory to locate all of the
#@ # relevant files.
#@ #
#@ # Arguments:
#@ # dir -		Name of the directory in which to create an index.
#@ 
#@ # args -	Any number of additional arguments giving the names of files
#@ #		within dir.  If no additional are given auto_mkindex will look
#@ #		for *.tcl.
#@ 
#@ proc auto_mkindex {dir args} {
#@     if {[interp issafe]} {
#@         error "can't generate index within safe interpreter"
#@     }
#@ 
#@     set oldDir [pwd]
#@     cd $dir
#@ 
#@     append index "# Tcl autoload index file, version 2.0\n"
#@     append index "# This file is generated by the \"auto_mkindex\" command\n"
#@     append index "# and sourced to set up indexing information for one or\n"
#@     append index "# more commands.  Typically each line is a command that\n"
#@     append index "# sets an element in the auto_index array, where the\n"
#@     append index "# element name is the name of a command and the value is\n"
#@     append index "# a script that loads the command.\n\n"
#@     if {![llength $args]} {
#@ 	set args *.tcl
#@     }
#@ 
#@     auto_mkindex_parser::init
#@     foreach file [lsort [glob -- {*}$args]] {
#@ 	try {
#@ 	    append index [auto_mkindex_parser::mkindex $file]
#@ 	} on error {msg opts} {
#@ 	    cd $oldDir
#@ 	    return -options $opts $msg
#@ 	}
#@     }
#@     auto_mkindex_parser::cleanup
#@ 
#@     set fid [open "tclIndex" w]
#@     puts -nonewline $fid $index
#@     close $fid
#@     cd $oldDir
#@ }
#@ 
#@ # Original version of auto_mkindex that just searches the source code for
#@ # "proc" at the beginning of the line.
#@ 
#@ proc auto_mkindex_old {dir args} {
#@     set oldDir [pwd]
#@     cd $dir
#@     set dir [pwd]
#@     append index "# Tcl autoload index file, version 2.0\n"
#@     append index "# This file is generated by the \"auto_mkindex\" command\n"
#@     append index "# and sourced to set up indexing information for one or\n"
#@     append index "# more commands.  Typically each line is a command that\n"
#@     append index "# sets an element in the auto_index array, where the\n"
#@     append index "# element name is the name of a command and the value is\n"
#@     append index "# a script that loads the command.\n\n"
#@     if {![llength $args]} {
#@ 	set args *.tcl
#@     }
#@     foreach file [lsort [glob -- {*}$args]] {
#@ 	set f ""
#@ 	set error [catch {
#@ 	    set f [open $file]
#@ 	    fconfigure $f -eofchar \032
#@ 	    while {[gets $f line] >= 0} {
#@ 		if {[regexp {^proc[ 	]+([^ 	]*)} $line match procName]} {
#@ 		    set procName [lindex [auto_qualify $procName "::"] 0]
#@ 		    append index "set [list auto_index($procName)]"
#@ 		    append index " \[list source \[file join \$dir [list $file]\]\]\n"
#@ 		}
#@ 	    }
#@ 	    close $f
#@ 	} msg opts]
#@ 	if {$error} {
#@ 	    catch {close $f}
#@ 	    cd $oldDir
#@ 	    return -options $opts $msg
#@ 	}
#@     }
#@     set f ""
#@     set error [catch {
#@ 	set f [open tclIndex w]
#@ 	puts -nonewline $f $index
#@ 	close $f
#@ 	cd $oldDir
#@     } msg opts]
#@     if {$error} {
#@ 	catch {close $f}
#@ 	cd $oldDir
#@ 	error $msg $info $code
#@ 	return -options $opts $msg
#@     }
#@ }
#@ 
#@ # Create a safe interpreter that can be used to parse Tcl source files
#@ # generate a tclIndex file for autoloading.  This interp contains commands for
#@ # things that need index entries.  Each time a command is executed, it writes
#@ # an entry out to the index file.
#@ 
#@ namespace eval auto_mkindex_parser {
#@     variable parser ""          ;# parser used to build index
#@     variable index ""           ;# maintains index as it is built
#@     variable scriptFile ""      ;# name of file being processed
#@     variable contextStack ""    ;# stack of namespace scopes
#@     variable imports ""         ;# keeps track of all imported cmds
#@     variable initCommands       ;# list of commands that create aliases
#@     if {![info exists initCommands]} {
#@ 	set initCommands [list]
#@     }
#@ 
#@     proc init {} {
#@ 	variable parser
#@ 	variable initCommands
#@ 
#@ 	if {![interp issafe]} {
#@ 	    set parser [interp create -safe]
#@ 	    $parser hide info
#@ 	    $parser hide rename
#@ 	    $parser hide proc
#@ 	    $parser hide namespace
#@ 	    $parser hide eval
#@ 	    $parser hide puts
#@ 	    foreach ns [$parser invokehidden namespace children ::] {
#@ 		# MUST NOT DELETE "::tcl" OR BAD THINGS HAPPEN!
#@ 		if {$ns eq "::tcl"} continue
#@ 		$parser invokehidden namespace delete $ns
#@ 	    }
#@ 	    foreach cmd [$parser invokehidden info commands ::*] {
#@ 		$parser invokehidden rename $cmd {}
#@ 	    }
#@ 	    $parser invokehidden proc unknown {args} {}
#@ 
#@ 	    # We'll need access to the "namespace" command within the
#@ 	    # interp.  Put it back, but move it out of the way.
#@ 
#@ 	    $parser expose namespace
#@ 	    $parser invokehidden rename namespace _%@namespace
#@ 	    $parser expose eval
#@ 	    $parser invokehidden rename eval _%@eval
#@ 
#@ 	    # Install all the registered psuedo-command implementations
#@ 
#@ 	    foreach cmd $initCommands {
#@ 		eval $cmd
#@ 	    }
#@ 	}
#@     }
#@     proc cleanup {} {
#@ 	variable parser
#@ 	interp delete $parser
#@ 	unset parser
#@     }
#@ }
#@ 
#@ # auto_mkindex_parser::mkindex --
#@ #
#@ # Used by the "auto_mkindex" command to create a "tclIndex" file for the given
#@ # Tcl source file.  Executes the commands in the file, and handles things like
#@ # the "proc" command by adding an entry for the index file.  Returns a string
#@ # that represents the index file.
#@ #
#@ # Arguments:
#@ #	file	Name of Tcl source file to be indexed.
#@ 
#@ proc auto_mkindex_parser::mkindex {file} {
#@     variable parser
#@     variable index
#@     variable scriptFile
#@     variable contextStack
#@     variable imports
#@ 
#@     set scriptFile $file
#@ 
#@     set fid [open $file]
#@     fconfigure $fid -eofchar \032
#@     set contents [read $fid]
#@     close $fid
#@ 
#@     # There is one problem with sourcing files into the safe interpreter:
#@     # references like "$x" will fail since code is not really being executed
#@     # and variables do not really exist.  To avoid this, we replace all $ with
#@     # \0 (literally, the null char) later, when getting proc names we will
#@     # have to reverse this replacement, in case there were any $ in the proc
#@     # name.  This will cause a problem if somebody actually tries to have a \0
#@     # in their proc name.  Too bad for them.
#@     set contents [string map [list \$ \0] $contents]
#@ 
#@     set index ""
#@     set contextStack ""
#@     set imports ""
#@ 
#@     $parser eval $contents
#@ 
#@     foreach name $imports {
#@         catch {$parser eval [list _%@namespace forget $name]}
#@     }
#@     return $index
#@ }
#@ 
#@ # auto_mkindex_parser::hook command
#@ #
#@ # Registers a Tcl command to evaluate when initializing the child interpreter
#@ # used by the mkindex parser.  The command is evaluated in the parent
#@ # interpreter, and can use the variable auto_mkindex_parser::parser to get to
#@ # the child
#@ 
#@ proc auto_mkindex_parser::hook {cmd} {
#@     variable initCommands
#@ 
#@     lappend initCommands $cmd
#@ }
#@ 
#@ # auto_mkindex_parser::slavehook command
#@ #
#@ # Registers a Tcl command to evaluate when initializing the child interpreter
#@ # used by the mkindex parser.  The command is evaluated in the child
#@ # interpreter.
#@ 
#@ proc auto_mkindex_parser::slavehook {cmd} {
#@     variable initCommands
#@ 
#@     # The $parser variable is defined to be the name of the child interpreter
#@     # when this command is used later.
#@ 
#@     lappend initCommands "\$parser eval [list $cmd]"
#@ }
#@ 
#@ # auto_mkindex_parser::command --
#@ #
#@ # Registers a new command with the "auto_mkindex_parser" interpreter that
#@ # parses Tcl files.  These commands are fake versions of things like the
#@ # "proc" command.  When you execute them, they simply write out an entry to a
#@ # "tclIndex" file for auto-loading.
#@ #
#@ # This procedure allows extensions to register their own commands with the
#@ # auto_mkindex facility.  For example, a package like [incr Tcl] might
#@ # register a "class" command so that class definitions could be added to a
#@ # "tclIndex" file for auto-loading.
#@ #
#@ # Arguments:
#@ #	name 	Name of command recognized in Tcl files.
#@ #	arglist	Argument list for command.
#@ #	body 	Implementation of command to handle indexing.
#@ 
#@ proc auto_mkindex_parser::command {name arglist body} {
#@     hook [list auto_mkindex_parser::commandInit $name $arglist $body]
#@ }
#@ 
#@ # auto_mkindex_parser::commandInit --
#@ #
#@ # This does the actual work set up by auto_mkindex_parser::command. This is
#@ # called when the interpreter used by the parser is created.
#@ #
#@ # Arguments:
#@ #	name 	Name of command recognized in Tcl files.
#@ #	arglist	Argument list for command.
#@ #	body 	Implementation of command to handle indexing.
#@ 
#@ proc auto_mkindex_parser::commandInit {name arglist body} {
#@     variable parser
#@ 
#@     set ns [namespace qualifiers $name]
#@     set tail [namespace tail $name]
#@     if {$ns eq ""} {
#@         set fakeName [namespace current]::_%@fake_$tail
#@     } else {
#@         set fakeName [namespace current]::[string map {:: _} _%@fake_$name]
#@     }
#@     proc $fakeName $arglist $body
#@ 
#@     # YUK!  Tcl won't let us alias fully qualified command names, so we can't
#@     # handle names like "::itcl::class".  Instead, we have to build procs with
#@     # the fully qualified names, and have the procs point to the aliases.
#@ 
#@     if {[string match *::* $name]} {
#@         set exportCmd [list _%@namespace export [namespace tail $name]]
#@         $parser eval [list _%@namespace eval $ns $exportCmd]
#@ 
#@ 	# The following proc definition does not work if you want to tolerate
#@ 	# space or something else diabolical in the procedure name, (i.e.,
#@ 	# space in $alias). The following does not work:
#@ 	#   "_%@eval {$alias} \$args"
#@ 	# because $alias gets concat'ed to $args.  The following does not work
#@ 	# because $cmd is somehow undefined
#@ 	#   "set cmd {$alias} \; _%@eval {\$cmd} \$args"
#@ 	# A gold star to someone that can make test autoMkindex-3.3 work
#@ 	# properly
#@ 
#@         set alias [namespace tail $fakeName]
#@         $parser invokehidden proc $name {args} "_%@eval {$alias} \$args"
#@         $parser alias $alias $fakeName
#@     } else {
#@         $parser alias $name $fakeName
#@     }
#@     return
#@ }
#@ 
#@ # auto_mkindex_parser::fullname --
#@ #
#@ # Used by commands like "proc" within the auto_mkindex parser.  Returns the
#@ # qualified namespace name for the "name" argument.  If the "name" does not
#@ # start with "::", elements are added from the current namespace stack to
#@ # produce a qualified name.  Then, the name is examined to see whether or not
#@ # it should really be qualified.  If the name has more than the leading "::",
#@ # it is returned as a fully qualified name.  Otherwise, it is returned as a
#@ # simple name.  That way, the Tcl autoloader will recognize it properly.
#@ #
#@ # Arguments:
#@ # name -		Name that is being added to index.
#@ 
#@ proc auto_mkindex_parser::fullname {name} {
#@     variable contextStack
#@ 
#@     if {![string match ::* $name]} {
#@         foreach ns $contextStack {
#@             set name "${ns}::$name"
#@             if {[string match ::* $name]} {
#@                 break
#@             }
#@         }
#@     }
#@ 
#@     if {[namespace qualifiers $name] eq ""} {
#@         set name [namespace tail $name]
#@     } elseif {![string match ::* $name]} {
#@         set name "::$name"
#@     }
#@ 
#@     # Earlier, mkindex replaced all $'s with \0.  Now, we have to reverse that
#@     # replacement.
#@     return [string map [list \0 \$] $name]
#@ }
#@ 
#@ # auto_mkindex_parser::indexEntry --
#@ #
#@ # Used by commands like "proc" within the auto_mkindex parser to add a
#@ # correctly-quoted entry to the index. This is shared code so it is done
#@ # *right*, in one place.
#@ #
#@ # Arguments:
#@ # name -		Name that is being added to index.
#@ 
#@ proc auto_mkindex_parser::indexEntry {name} {
#@     variable index
#@     variable scriptFile
#@ 
#@     # We convert all metacharacters to their backslashed form, and pre-split
#@     # the file name that we know about (which will be a proper list, and so
#@     # correctly quoted).
#@ 
#@     set name [string range [list \}[fullname $name]] 2 end]
#@     set filenameParts [file split $scriptFile]
#@ 
#@     append index [format 	    {set auto_index(%s) [list source [file join $dir %s]]%s} 	    $name $filenameParts \n]
#@     return
#@ }
#@ 
#@ if {[llength $::auto_mkindex_parser::initCommands]} {
#@     return
#@ }
#@ 
#@ # Register all of the procedures for the auto_mkindex parser that will build
#@ # the "tclIndex" file.
#@ 
#@ # AUTO MKINDEX:  proc name arglist body
#@ # Adds an entry to the auto index list for the given procedure name.
#@ 
#@ auto_mkindex_parser::command proc {name args} {
#@     indexEntry $name
#@ }
#@ 
#@ # Conditionally add support for Tcl byte code files.  There are some tricky
#@ # details here.  First, we need to get the tbcload library initialized in the
#@ # current interpreter.  We cannot load tbcload into the child until we have
#@ # done so because it needs access to the tcl_patchLevel variable.  Second,
#@ # because the package index file may defer loading the library until we invoke
#@ # a command, we need to explicitly invoke auto_load to force it to be loaded.
#@ # This should be a noop if the package has already been loaded
#@ 
#@ auto_mkindex_parser::hook {
#@     try {
#@ 	package require tbcload
#@     } on error {} {
#@ 	# OK, don't have it so do nothing
#@     } on ok {} {
#@ 	if {[namespace which -command tbcload::bcproc] eq ""} {
#@ 	    auto_load tbcload::bcproc
#@ 	}
#@ 	load {} tbcload $auto_mkindex_parser::parser
#@ 
#@ 	# AUTO MKINDEX:  tbcload::bcproc name arglist body
#@ 	# Adds an entry to the auto index list for the given pre-compiled
#@ 	# procedure name.
#@ 
#@ 	auto_mkindex_parser::commandInit tbcload::bcproc {name args} {
#@ 	    indexEntry $name
#@ 	}
#@     }
#@ }
#@ 
#@ # AUTO MKINDEX:  namespace eval name command ?arg arg...?
#@ # Adds the namespace name onto the context stack and evaluates the associated
#@ # body of commands.
#@ #
#@ # AUTO MKINDEX:  namespace import ?-force? pattern ?pattern...?
#@ # Performs the "import" action in the parser interpreter.  This is important
#@ # for any commands contained in a namespace that affect the index.  For
#@ # example, a script may say "itcl::class ...", or it may import "itcl::*" and
#@ # then say "class ...".  This procedure does the import operation, but keeps
#@ # track of imported patterns so we can remove the imports later.
#@ 
#@ auto_mkindex_parser::command namespace {op args} {
#@     switch -- $op {
#@         eval {
#@             variable parser
#@             variable contextStack
#@ 
#@             set name [lindex $args 0]
#@             set args [lrange $args 1 end]
#@ 
#@             set contextStack [linsert $contextStack 0 $name]
#@ 	    $parser eval [list _%@namespace eval $name] $args
#@             set contextStack [lrange $contextStack 1 end]
#@         }
#@         import {
#@             variable parser
#@             variable imports
#@             foreach pattern $args {
#@                 if {$pattern ne "-force"} {
#@                     lappend imports $pattern
#@                 }
#@             }
#@             catch {$parser eval "_%@namespace import $args"}
#@         }
#@ 	ensemble {
#@ 	    variable parser
#@ 	    variable contextStack
#@ 	    if {[lindex $args 0] eq "create"} {
#@ 		set name ::[join [lreverse $contextStack] ::]
#@ 		catch {
#@ 		    set name [dict get [lrange $args 1 end] -command]
#@ 		    if {![string match ::* $name]} {
#@ 			set name ::[join [lreverse $contextStack] ::]$name
#@ 		    }
#@ 		    regsub -all ::+ $name :: name
#@ 		}
#@ 		# create artifical proc to force an entry in the tclIndex
#@ 		$parser eval [list ::proc $name {} {}]
#@ 	    }
#@ 	}
#@     }
#@ }
#@ 
#@ # AUTO MKINDEX:  oo::class create name ?definition?
#@ # Adds an entry to the auto index list for the given class name.
#@ auto_mkindex_parser::command oo::class {op name {body ""}} {
#@     if {$op eq "create"} {
#@ 	indexEntry $name
#@     }
#@ }
#@ auto_mkindex_parser::command class {op name {body ""}} {
#@     if {$op eq "create"} {
#@ 	indexEntry $name
#@     }
#@ }
#@ 
#@ return
#@ # -- End source /home/net/synopsys/installs/prime/W-2024.09/auxx/tcllib/lib/tcl8.6/auto.tcl

#@ 
#@ #
#@ # USAGE:  itcl::body name arglist body
#@ # Adds an entry for the given method/proc body.
#@ #
#@ foreach __cmd {itcl::body body} {
#@     auto_mkindex_parser::command $__cmd {name arglist body} {
#@ 	variable index
#@ 	variable scriptFile
#@ 	append index "set [list auto_index([fullname $name])]"
#@ 	append index " \[list source \[file join \$dir [list $scriptFile]\]\]\n"
#@     }
#@ }
#@ 
#@ #
#@ # USAGE:  itcl::configbody name arglist body
#@ # Adds an entry for the given method/proc body.
#@ #
#@ foreach __cmd {itcl::configbody configbody} {
#@     auto_mkindex_parser::command $__cmd {name body} {
#@ 	variable index
#@ 	variable scriptFile
#@ 	append index "set [list auto_index([fullname $name])]"
#@ 	append index " \[list source \[file join \$dir [list $scriptFile]\]\]\n"
#@     }
#@ }
#@ 
#@ #
#@ # USAGE:  ensemble name ?body?
#@ # Adds an entry to the auto index list for the given ensemble name.
#@ #
#@ foreach __cmd {itcl::ensemble ensemble} {
#@     auto_mkindex_parser::command $__cmd {name {body ""}} {
#@ 	variable index
#@ 	variable scriptFile
#@ 	append index "set [list auto_index([fullname $name])]"
#@ 	append index " \[list source \[file join \$dir [list $scriptFile]\]\]\n"
#@     }
#@ }
#@ 
#@ #
#@ # USAGE:  public arg ?arg arg...?
#@ #         protected arg ?arg arg...?
#@ #         private arg ?arg arg...?
#@ #
#@ # Evaluates the arguments as commands, so we can recognize proc
#@ # declarations within classes.
#@ #
#@ foreach __cmd {public protected private} {
#@     auto_mkindex_parser::command $__cmd {args} {
#@         variable parser
#@         $parser eval $args
#@     }
#@ }
#@ 
#@ # SF bug #246 unset variable __cmd to avoid problems in user programs!!
#@ unset __cmd
#@ 
#@ # ----------------------------------------------------------------------
#@ # auto_import
#@ # ----------------------------------------------------------------------
#@ # This procedure overrides the usual "auto_import" function in the
#@ # Tcl library.  It is invoked during "namespace import" to make see
#@ # if the imported commands reside in an autoloaded library.  If so,
#@ # stubs are created to represent the commands.  Executing a stub
#@ # later on causes the real implementation to be autoloaded.
#@ #
#@ # Arguments -
#@ # pattern	The pattern of commands being imported (like "foo::*")
#@ #               a canonical namespace as returned by [namespace current]
#@ 
#@ proc auto_import {pattern} {
#@     global auto_index
#@ 
#@     set ns [uplevel namespace current]
#@     set patternList [auto_qualify $pattern $ns]
#@ 
#@     auto_load_index
#@ 
#@     foreach pattern $patternList {
#@         foreach name [array names auto_index $pattern] {
#@             if {"" == [info commands $name]} {
#@                 ::itcl::import::stub create $name
#@             }
#@         }
#@     }
#@ }
#@ # -- End source /home/net/synopsys/installs/prime/W-2024.09/auxx/tcllib/lib/itcl4.2.1/itcl.tcl

source -echo -verbose RTLA_WORKSPACE/run_func.ss0p95v125c.pp
#@ # -- Starting source RTLA_WORKSPACE/run_func.ss0p95v125c.pp

#@ set_app_var sh_continue_on_error true
#@ set_app_var power_enable_rtl_analysis true
#@ source RTLA_WORKSPACE/conf_func.ss0p95v125c.tcl
#@ # -- Starting source RTLA_WORKSPACE/conf_func.ss0p95v125c.tcl

#@ setConf TZ_REPORT_ACT 0
#@ setConf RTL_FSDB ""
#@ setConf EXPORT_PARASITIC 1
#@ setConf LINK_LIBRARY ""
#@ setConf DESIGN_NAME alu_64bit
#@ setConf TZ_COMPILE_CMDS ""
#@ setConf RTL_SAIF ""
#@ setConf TZ_SETUP_CMDS ""
#@ setConf ELABORATED_BLOCK ""
#@ setConf MCMM_FLOW 1
#@ setConf NCORES 8
#@ setConf FSDB_SYSVER 0
#@ setConf ZZ_SETUP_CMDS ""
#@ setConf MERGE_SAIF_OPT ""
#@ setConf ZZ_SETUP ""
#@ setConf REPORT 0
#@ setConf RTL_VCD ""
#@ setConf AZ_SETUP_CMDS ""
#@ setConf PP_POSTCMD ""
#@ setConf TECH_LIB ""
#@ setConf SDC_SETUP ""
#@ setConf SCENARIO func.ss0p95v125c
#@ setConf RUN_ON_ELAB 0
#@ setConf BACKUP_LIBRARY_NAMES ""
#@ setConf EXPORT_CG_INFO 0
#@ setConf MODULE_NAME ""
#@ setConf REF_LIBS ""
#@ setConf IMPORT_XREF 1
#@ setConf ACTIVITY_FILE_PATH ""
#@ setConf HIER_NDM_READ 0
#@ setConf CORNER ""
#@ setConf FUSION_LIB 0
#@ setConf EXIT_AFTER ""
#@ setConf FSDB_TIME ""
#@ setConf EXPORT_CONSTRAINT 1
#@ setConf PP_SHELL pwr_shell
#@ setConf CREATE_LIB_OPT ""
#@ setConf PP_PRE_PWR_CMDS ""
#@ setConf INSTANCE_NAME ""
#@ setConf PRE_SYNTH_EXIT 0
#@ setConf STRIP_PATH ""
#@ setConf EVENT_SHIFT 0
#@ setConf PP_SETUP ""
#@ setConf SKIP_GPD 0
#@ setConf SEARCH_PATH ""
#@ setConf TECH_FILE ""
#@ setConf EXPORT_UPF 1
#@ setConf RTL_LIST_FILE ""
#@ setConf MODE ""
#@ setConf TZ_SHELL tz_shell
#@ setConf POWERLIB_ONLY 0
#@ setConf EXTENDED_NAME /home/net/jo045021/sp26/rtl-opt-proj/yosys-internal/rtla-synthesis/synthesis_output/alu_64bit/alu_64bit.dlib:alu_64bit.design
#@ setConf EXPORT_MAPPING 1
#@ setConf PP_DBFLOW 0
#@ setConf TZ_SETUP ""
#@ setConf CURRENT_SCENARIO func.ss0p95v125c
#@ setConf USE_SPEF 0
#@ setConf AZ_SETUP ""
#@ setConf RTL_FILES ""
#@ setConf RTL_LIST_FILE_TYPE ""
#@ setConf PP_PRE_PWR_SETUP ""
#@ setConf ESSENTIAL_NAMEMAP -1
#@ setConf READ_ACT_CMD ""
#@ setConf OUTPUT_DIR RTLA_WORKSPACE
#@ # -- End source RTLA_WORKSPACE/conf_func.ss0p95v125c.tcl

#@ ::pprtl::read_design_data
#@ # -- Starting source RTLA_WORKSPACE/link_path_func.ss0p95v125c.tcl

#@ setConf REF_LIBS [list   saed32hvt_c.ndm   saed32hvt_dlvl_v.ndm   saed32hvt_ulvl_v.ndm   saed32io_wb_5v.ndm   saed32lvt_c.ndm   saed32lvt_dlvl_v.ndm   saed32lvt_ulvl_v.ndm   saed32pll_5v.ndm   saed32rvt_c.ndm   saed32rvt_dlvl_v.ndm   saed32rvt_ulvl_v.ndm   /home/net/jo045021/sp26/rtl-opt-proj/yosys-internal/rtla-synthesis/synthesis_output/alu_64bit/data/ndm/SRAM_LIB_WORKSPACE_macros.ndm ]
#@ 
#@ lappend ::search_path .
#@ lappend ::search_path /home/net/jo045021/sp26/rtl-opt-proj/yosys-internal/rtla-synthesis/synthesis_output/alu_64bit/data/ndm/SRAM_LIB_WORKSPACE_macros.ndm
#@ lappend ::search_path /home/net/jo045021/sp26/rtl-opt-proj/yosys-internal/rtla-synthesis/synthesis_output/alu_64bit/data/ndm
#@ 
#@ set ::link_library *
#@ lappend ::link_library *
#@ lappend ::link_library saed32hvt_ss0p95v125c
#@ lappend ::link_library saed32hvt_dlvl_ss0p75v125c_i0p95v
#@ lappend ::link_library saed32hvt_dlvl_ss0p7v125c_i0p95v
#@ lappend ::link_library saed32hvt_dlvl_ss0p95v125c_i0p95v
#@ lappend ::link_library saed32hvt_ulvl_ss0p95v125c_i0p75v
#@ lappend ::link_library saed32hvt_ulvl_ss0p95v125c_i0p7v
#@ lappend ::link_library saed32hvt_ulvl_ss0p95v125c_i0p95v
#@ lappend ::link_library saed32io_wb_ss0p95v125c_2p25v
#@ lappend ::link_library saed32lvt_ss0p95v125c
#@ lappend ::link_library saed32lvt_dlvl_ss0p75v125c_i0p95v
#@ lappend ::link_library saed32lvt_dlvl_ss0p7v125c_i0p95v
#@ lappend ::link_library saed32lvt_dlvl_ss0p95v125c_i0p95v
#@ lappend ::link_library saed32lvt_ulvl_ss0p95v125c_i0p75v
#@ lappend ::link_library saed32lvt_ulvl_ss0p95v125c_i0p7v
#@ lappend ::link_library saed32lvt_ulvl_ss0p95v125c_i0p95v
#@ lappend ::link_library saed32pll_ss0p95v125c_2p25v
#@ lappend ::link_library saed32rvt_ss0p95v125c
#@ lappend ::link_library saed32rvt_dlvl_ss0p75v125c_i0p95v
#@ lappend ::link_library saed32rvt_dlvl_ss0p7v125c_i0p95v
#@ lappend ::link_library saed32rvt_dlvl_ss0p95v125c_i0p95v
#@ lappend ::link_library saed32rvt_ulvl_ss0p95v125c_i0p75v
#@ lappend ::link_library saed32rvt_ulvl_ss0p95v125c_i0p7v
#@ lappend ::link_library saed32rvt_ulvl_ss0p95v125c_i0p95v
#@ lappend ::link_library RAM_1RW_128x20_max_0d95_125_ccs
#@ lappend ::link_library RAM_1RW_128x8_max_0d95_125_ccs
#@ lappend ::link_library RAM_1RW_64x12_max_0d95_125_ccs
#@ lappend ::link_library RAM_1RW_64x14_max_0d95_125_ccs
#@ # process_label : ss
#@ # process : 0.99
#@ # voltage : 0.9500
#@ # temperature : 125.0000
#@ 
#@ setConf MODE "func"
#@ setConf CORNER "ss0p95v125c"
#@ # -- End source RTLA_WORKSPACE/link_path_func.ss0p95v125c.tcl

#@ # -- Starting source RTLA_WORKSPACE/alu_64bit_constraints/mode_func.tcl.gz

#@ ################################################################################
#@ #
#@ # Created by rtl write_script on Wed Feb  4 18:25:07 2026
#@ #
#@ ################################################################################
#@ 
#@ ################################################################################
#@ #
#@ # Units
#@ # time_unit               : 1e-09
#@ # resistance_unit         : 1000000
#@ # capacitive_load_unit    : 1e-15
#@ # voltage_unit            : 1
#@ # current_unit            : 1e-06
#@ # power_unit              : 1e-12
#@ ################################################################################
#@ 
#@ 
#@ # /home/net/jo045021/sp26/rtl-opt-proj/yosys-internal/rtla-synthesis/synthesis_output/alu_64bit/data/constraints/m_func.tcl, #   line 15; #   /home/net/jo045021/sp26/rtl-opt-proj/yosys-internal/rtla-synthesis/synthesis_output/alu_64bit/data/constraints/s_func.ss0p95v125c.tcl, #   line 8; #   /home/net/jo045021/sp26/rtl-opt-proj/yosys-internal/rtla-synthesis/synthesis_output/alu_64bit/data/constraints/s_func.ss0p95v125c.tcl, #   line 9
#@ create_clock -name clk -period 4.91229 -waveform {0 2.45614}
#@ # /home/net/jo045021/sp26/rtl-opt-proj/yosys-internal/rtla-synthesis/synthesis_output/alu_64bit/data/constraints/m_func.tcl, #   line 22
#@ group_path -name REGOUT -to [get_ports {sum[63] sum[62] sum[61] sum[60] sum[59]     sum[58] sum[57] sum[56] sum[55] sum[54] sum[53] sum[52] sum[51] sum[50]     sum[49] sum[48] sum[47] sum[46] sum[45] sum[44] sum[43] sum[42] sum[41]     sum[40] sum[39] sum[38] sum[37] sum[36] sum[35] sum[34] sum[33] sum[32]     sum[31] sum[30] sum[29] sum[28] sum[27] sum[26] sum[25] sum[24] sum[23]     sum[22] sum[21] sum[20] sum[19] sum[18] sum[17] sum[16] sum[15] sum[14]     sum[13] sum[12] sum[11] sum[10] sum[9] sum[8] sum[7] sum[6] sum[5] sum[4]     sum[3] sum[2] sum[1] sum[0]}]
#@ # /home/net/jo045021/sp26/rtl-opt-proj/yosys-internal/rtla-synthesis/synthesis_output/alu_64bit/data/constraints/m_func.tcl, #   line 23
#@ group_path -name REGIN -from [get_ports {a[63] a[62] a[61] a[60] a[59] a[58]     a[57] a[56] a[55] a[54] a[53] a[52] a[51] a[50] a[49] a[48] a[47] a[46]     a[45] a[44] a[43] a[42] a[41] a[40] a[39] a[38] a[37] a[36] a[35] a[34]     a[33] a[32] a[31] a[30] a[29] a[28] a[27] a[26] a[25] a[24] a[23] a[22]     a[21] a[20] a[19] a[18] a[17] a[16] a[15] a[14] a[13] a[12] a[11] a[10]     a[9] a[8] a[7] a[6] a[5] a[4] a[3] a[2] a[1] a[0] b[63] b[62] b[61] b[60]     b[59] b[58] b[57] b[56] b[55] b[54] b[53] b[52] b[51] b[50] b[49] b[48]     b[47] b[46] b[45] b[44] b[43] b[42] b[41] b[40] b[39] b[38] b[37] b[36]     b[35] b[34] b[33] b[32] b[31] b[30] b[29] b[28] b[27] b[26] b[25] b[24]     b[23] b[22] b[21] b[20] b[19] b[18] b[17] b[16] b[15] b[14] b[13] b[12]     b[11] b[10] b[9] b[8] b[7] b[6] b[5] b[4] b[3] b[2] b[1] b[0] Oper[2]     Oper[1] Oper[0]}]
#@ # /home/net/jo045021/sp26/rtl-opt-proj/yosys-internal/rtla-synthesis/synthesis_output/alu_64bit/data/constraints/m_func.tcl, #   line 24
#@ group_path -name FEEDTHROUGH -from [get_ports {a[63] a[62] a[61] a[60] a[59]     a[58] a[57] a[56] a[55] a[54] a[53] a[52] a[51] a[50] a[49] a[48] a[47]     a[46] a[45] a[44] a[43] a[42] a[41] a[40] a[39] a[38] a[37] a[36] a[35]     a[34] a[33] a[32] a[31] a[30] a[29] a[28] a[27] a[26] a[25] a[24] a[23]     a[22] a[21] a[20] a[19] a[18] a[17] a[16] a[15] a[14] a[13] a[12] a[11]     a[10] a[9] a[8] a[7] a[6] a[5] a[4] a[3] a[2] a[1] a[0] b[63] b[62] b[61]     b[60] b[59] b[58] b[57] b[56] b[55] b[54] b[53] b[52] b[51] b[50] b[49]     b[48] b[47] b[46] b[45] b[44] b[43] b[42] b[41] b[40] b[39] b[38] b[37]     b[36] b[35] b[34] b[33] b[32] b[31] b[30] b[29] b[28] b[27] b[26] b[25]     b[24] b[23] b[22] b[21] b[20] b[19] b[18] b[17] b[16] b[15] b[14] b[13]     b[12] b[11] b[10] b[9] b[8] b[7] b[6] b[5] b[4] b[3] b[2] b[1] b[0] Oper[2]     Oper[1] Oper[0]}] -to [get_ports {sum[63] sum[62] sum[61] sum[60] sum[59]     sum[58] sum[57] sum[56] sum[55] sum[54] sum[53] sum[52] sum[51] sum[50]     sum[49] sum[48] sum[47] sum[46] sum[45] sum[44] sum[43] sum[42] sum[41]     sum[40] sum[39] sum[38] sum[37] sum[36] sum[35] sum[34] sum[33] sum[32]     sum[31] sum[30] sum[29] sum[28] sum[27] sum[26] sum[25] sum[24] sum[23]     sum[22] sum[21] sum[20] sum[19] sum[18] sum[17] sum[16] sum[15] sum[14]     sum[13] sum[12] sum[11] sum[10] sum[9] sum[8] sum[7] sum[6] sum[5] sum[4]     sum[3] sum[2] sum[1] sum[0]}]
#@ 
#@ # SPECIAL inbuilt contraints, controlled using app options:  
#@ group_path -name **in2reg_default** -from [all_inputs] -to [all_registers]
#@ group_path -name **reg2out_default** -from [all_registers] -to [all_outputs]
#@ group_path -name **in2out_default** -from [all_inputs] -to [all_outputs]
#@ # MD5_SIGNATURE: 7EF9B8F9C760CD6954C8AB0C60D1A7B5 
#@ # -- End source RTLA_WORKSPACE/alu_64bit_constraints/mode_func.tcl.gz

#@ # -- Starting source RTLA_WORKSPACE/alu_64bit_constraints/corner_ss0p95v125c.tcl.gz

#@ ################################################################################
#@ #
#@ # Created by rtl write_script on Wed Feb  4 18:25:07 2026
#@ #
#@ ################################################################################
#@ 
#@ ################################################################################
#@ #
#@ # Units
#@ # time_unit               : 1e-09
#@ # resistance_unit         : 1000000
#@ # capacitive_load_unit    : 1e-15
#@ # voltage_unit            : 1
#@ # current_unit            : 1e-06
#@ # power_unit              : 1e-12
#@ ################################################################################
#@ 
#@ 
#@ set_load -pin_load 5 [get_ports {sum[63]}]
#@ set_load -pin_load 5 [get_ports {sum[62]}]
#@ set_load -pin_load 5 [get_ports {sum[61]}]
#@ set_load -pin_load 5 [get_ports {sum[60]}]
#@ set_load -pin_load 5 [get_ports {sum[59]}]
#@ set_load -pin_load 5 [get_ports {sum[58]}]
#@ set_load -pin_load 5 [get_ports {sum[57]}]
#@ set_load -pin_load 5 [get_ports {sum[56]}]
#@ set_load -pin_load 5 [get_ports {sum[55]}]
#@ set_load -pin_load 5 [get_ports {sum[54]}]
#@ set_load -pin_load 5 [get_ports {sum[53]}]
#@ set_load -pin_load 5 [get_ports {sum[52]}]
#@ set_load -pin_load 5 [get_ports {sum[51]}]
#@ set_load -pin_load 5 [get_ports {sum[50]}]
#@ set_load -pin_load 5 [get_ports {sum[49]}]
#@ set_load -pin_load 5 [get_ports {sum[48]}]
#@ set_load -pin_load 5 [get_ports {sum[47]}]
#@ set_load -pin_load 5 [get_ports {sum[46]}]
#@ set_load -pin_load 5 [get_ports {sum[45]}]
#@ set_load -pin_load 5 [get_ports {sum[44]}]
#@ set_load -pin_load 5 [get_ports {sum[43]}]
#@ set_load -pin_load 5 [get_ports {sum[42]}]
#@ set_load -pin_load 5 [get_ports {sum[41]}]
#@ set_load -pin_load 5 [get_ports {sum[40]}]
#@ set_load -pin_load 5 [get_ports {sum[39]}]
#@ set_load -pin_load 5 [get_ports {sum[38]}]
#@ set_load -pin_load 5 [get_ports {sum[37]}]
#@ set_load -pin_load 5 [get_ports {sum[36]}]
#@ set_load -pin_load 5 [get_ports {sum[35]}]
#@ set_load -pin_load 5 [get_ports {sum[34]}]
#@ set_load -pin_load 5 [get_ports {sum[33]}]
#@ set_load -pin_load 5 [get_ports {sum[32]}]
#@ set_load -pin_load 5 [get_ports {sum[31]}]
#@ set_load -pin_load 5 [get_ports {sum[30]}]
#@ set_load -pin_load 5 [get_ports {sum[29]}]
#@ set_load -pin_load 5 [get_ports {sum[28]}]
#@ set_load -pin_load 5 [get_ports {sum[27]}]
#@ set_load -pin_load 5 [get_ports {sum[26]}]
#@ set_load -pin_load 5 [get_ports {sum[25]}]
#@ set_load -pin_load 5 [get_ports {sum[24]}]
#@ set_load -pin_load 5 [get_ports {sum[23]}]
#@ set_load -pin_load 5 [get_ports {sum[22]}]
#@ set_load -pin_load 5 [get_ports {sum[21]}]
#@ set_load -pin_load 5 [get_ports {sum[20]}]
#@ set_load -pin_load 5 [get_ports {sum[19]}]
#@ set_load -pin_load 5 [get_ports {sum[18]}]
#@ set_load -pin_load 5 [get_ports {sum[17]}]
#@ set_load -pin_load 5 [get_ports {sum[16]}]
#@ set_load -pin_load 5 [get_ports {sum[15]}]
#@ set_load -pin_load 5 [get_ports {sum[14]}]
#@ set_load -pin_load 5 [get_ports {sum[13]}]
#@ set_load -pin_load 5 [get_ports {sum[12]}]
#@ set_load -pin_load 5 [get_ports {sum[11]}]
#@ set_load -pin_load 5 [get_ports {sum[10]}]
#@ set_load -pin_load 5 [get_ports {sum[9]}]
#@ set_load -pin_load 5 [get_ports {sum[8]}]
#@ set_load -pin_load 5 [get_ports {sum[7]}]
#@ set_load -pin_load 5 [get_ports {sum[6]}]
#@ set_load -pin_load 5 [get_ports {sum[5]}]
#@ set_load -pin_load 5 [get_ports {sum[4]}]
#@ set_load -pin_load 5 [get_ports {sum[3]}]
#@ set_load -pin_load 5 [get_ports {sum[2]}]
#@ set_load -pin_load 5 [get_ports {sum[1]}]
#@ set_load -pin_load 5 [get_ports {sum[0]}]
#@ # /home/net/jo045021/sp26/rtl-opt-proj/yosys-internal/rtla-synthesis/synthesis_output/alu_64bit/data/constraints/c_ss0p95v125c.tcl, #   line 10
#@ set_voltage 0.95 -object_list {VDD}
#@ # /home/net/jo045021/sp26/rtl-opt-proj/yosys-internal/rtla-synthesis/synthesis_output/alu_64bit/data/constraints/c_ss0p95v125c.tcl, #   line 11
#@ set_voltage 0 -object_list {VSS}
#@ # Warning: Libcell power domain derates are skipped!
#@ 
#@ # /home/net/jo045021/sp26/rtl-opt-proj/yosys-internal/rtla-synthesis/synthesis_output/alu_64bit/data/constraints/c_ss0p95v125c.tcl, #   line 13
#@ set_timing_derate -early 0.95 -cell_delay -clock [current_design]
#@ # /home/net/jo045021/sp26/rtl-opt-proj/yosys-internal/rtla-synthesis/synthesis_output/alu_64bit/data/constraints/c_ss0p95v125c.tcl, #   line 13
#@ set_timing_derate -early 0.95 -cell_delay -data [current_design]
#@ set_timing_derate -early 0.95 -net_delay -clock 
#@ set_timing_derate -early 0.95 -net_delay -data 
#@ ### Populated from ICC2 Corner-Specific POCV Corner Sigma Settings ###
#@ set timing_pocvm_corner_sigma 3 
#@ # MD5_SIGNATURE: D2A130788F5648F3A2A48F2E185751FF 
#@ # -- End source RTLA_WORKSPACE/alu_64bit_constraints/corner_ss0p95v125c.tcl.gz

#@ # -- Starting source RTLA_WORKSPACE/alu_64bit_constraints/scenario_func.ss0p95v125c.tcl.gz

#@ ################################################################################
#@ #
#@ # Created by rtl write_script on Wed Feb  4 18:25:07 2026
#@ #
#@ ################################################################################
#@ 
#@ ################################################################################
#@ #
#@ # Units
#@ # time_unit               : 1e-09
#@ # resistance_unit         : 1000000
#@ # capacitive_load_unit    : 1e-15
#@ # voltage_unit            : 1
#@ # current_unit            : 1e-06
#@ # power_unit              : 1e-12
#@ ################################################################################
#@ 
#@ 
#@ # -origin user
#@ set_clock_latency -min 0.5 [get_clocks {clk}]
#@ # -origin user
#@ set_clock_latency -max 0.55 [get_clocks {clk}]
#@ # Set latency for io paths.
#@ set_clock_uncertainty 0.2 [get_clocks {clk}]
#@ set_clock_transition 0.2 [get_clocks {clk}]
#@ # /home/net/jo045021/sp26/rtl-opt-proj/yosys-internal/rtla-synthesis/synthesis_output/alu_64bit/data/constraints/s_func.ss0p95v125c.tcl, #   line 12
#@ set_input_delay -clock [get_clocks {clk}] 0.5 [get_ports {a[63]}]
#@ # /home/net/jo045021/sp26/rtl-opt-proj/yosys-internal/rtla-synthesis/synthesis_output/alu_64bit/data/constraints/s_func.ss0p95v125c.tcl, #   line 12
#@ set_input_delay -clock [get_clocks {clk}] 0.5 [get_ports {a[62]}]
#@ # /home/net/jo045021/sp26/rtl-opt-proj/yosys-internal/rtla-synthesis/synthesis_output/alu_64bit/data/constraints/s_func.ss0p95v125c.tcl, #   line 12
#@ set_input_delay -clock [get_clocks {clk}] 0.5 [get_ports {a[61]}]
#@ # /home/net/jo045021/sp26/rtl-opt-proj/yosys-internal/rtla-synthesis/synthesis_output/alu_64bit/data/constraints/s_func.ss0p95v125c.tcl, #   line 12
#@ set_input_delay -clock [get_clocks {clk}] 0.5 [get_ports {a[60]}]
#@ # /home/net/jo045021/sp26/rtl-opt-proj/yosys-internal/rtla-synthesis/synthesis_output/alu_64bit/data/constraints/s_func.ss0p95v125c.tcl, #   line 12
#@ set_input_delay -clock [get_clocks {clk}] 0.5 [get_ports {a[59]}]
#@ # /home/net/jo045021/sp26/rtl-opt-proj/yosys-internal/rtla-synthesis/synthesis_output/alu_64bit/data/constraints/s_func.ss0p95v125c.tcl, #   line 12
#@ set_input_delay -clock [get_clocks {clk}] 0.5 [get_ports {a[58]}]
#@ # /home/net/jo045021/sp26/rtl-opt-proj/yosys-internal/rtla-synthesis/synthesis_output/alu_64bit/data/constraints/s_func.ss0p95v125c.tcl, #   line 12
#@ set_input_delay -clock [get_clocks {clk}] 0.5 [get_ports {a[57]}]
#@ # /home/net/jo045021/sp26/rtl-opt-proj/yosys-internal/rtla-synthesis/synthesis_output/alu_64bit/data/constraints/s_func.ss0p95v125c.tcl, #   line 12
#@ set_input_delay -clock [get_clocks {clk}] 0.5 [get_ports {a[56]}]
#@ # /home/net/jo045021/sp26/rtl-opt-proj/yosys-internal/rtla-synthesis/synthesis_output/alu_64bit/data/constraints/s_func.ss0p95v125c.tcl, #   line 12
#@ set_input_delay -clock [get_clocks {clk}] 0.5 [get_ports {a[55]}]
#@ # /home/net/jo045021/sp26/rtl-opt-proj/yosys-internal/rtla-synthesis/synthesis_output/alu_64bit/data/constraints/s_func.ss0p95v125c.tcl, #   line 12
#@ set_input_delay -clock [get_clocks {clk}] 0.5 [get_ports {a[54]}]
#@ # /home/net/jo045021/sp26/rtl-opt-proj/yosys-internal/rtla-synthesis/synthesis_output/alu_64bit/data/constraints/s_func.ss0p95v125c.tcl, #   line 12
#@ set_input_delay -clock [get_clocks {clk}] 0.5 [get_ports {a[53]}]
#@ # /home/net/jo045021/sp26/rtl-opt-proj/yosys-internal/rtla-synthesis/synthesis_output/alu_64bit/data/constraints/s_func.ss0p95v125c.tcl, #   line 12
#@ set_input_delay -clock [get_clocks {clk}] 0.5 [get_ports {a[52]}]
#@ # /home/net/jo045021/sp26/rtl-opt-proj/yosys-internal/rtla-synthesis/synthesis_output/alu_64bit/data/constraints/s_func.ss0p95v125c.tcl, #   line 12
#@ set_input_delay -clock [get_clocks {clk}] 0.5 [get_ports {a[51]}]
#@ # /home/net/jo045021/sp26/rtl-opt-proj/yosys-internal/rtla-synthesis/synthesis_output/alu_64bit/data/constraints/s_func.ss0p95v125c.tcl, #   line 12
#@ set_input_delay -clock [get_clocks {clk}] 0.5 [get_ports {a[50]}]
#@ # /home/net/jo045021/sp26/rtl-opt-proj/yosys-internal/rtla-synthesis/synthesis_output/alu_64bit/data/constraints/s_func.ss0p95v125c.tcl, #   line 12
#@ set_input_delay -clock [get_clocks {clk}] 0.5 [get_ports {a[49]}]
#@ # /home/net/jo045021/sp26/rtl-opt-proj/yosys-internal/rtla-synthesis/synthesis_output/alu_64bit/data/constraints/s_func.ss0p95v125c.tcl, #   line 12
#@ set_input_delay -clock [get_clocks {clk}] 0.5 [get_ports {a[48]}]
#@ # /home/net/jo045021/sp26/rtl-opt-proj/yosys-internal/rtla-synthesis/synthesis_output/alu_64bit/data/constraints/s_func.ss0p95v125c.tcl, #   line 12
#@ set_input_delay -clock [get_clocks {clk}] 0.5 [get_ports {a[47]}]
#@ # /home/net/jo045021/sp26/rtl-opt-proj/yosys-internal/rtla-synthesis/synthesis_output/alu_64bit/data/constraints/s_func.ss0p95v125c.tcl, #   line 12
#@ set_input_delay -clock [get_clocks {clk}] 0.5 [get_ports {a[46]}]
#@ # /home/net/jo045021/sp26/rtl-opt-proj/yosys-internal/rtla-synthesis/synthesis_output/alu_64bit/data/constraints/s_func.ss0p95v125c.tcl, #   line 12
#@ set_input_delay -clock [get_clocks {clk}] 0.5 [get_ports {a[45]}]
#@ # /home/net/jo045021/sp26/rtl-opt-proj/yosys-internal/rtla-synthesis/synthesis_output/alu_64bit/data/constraints/s_func.ss0p95v125c.tcl, #   line 12
#@ set_input_delay -clock [get_clocks {clk}] 0.5 [get_ports {a[44]}]
#@ # /home/net/jo045021/sp26/rtl-opt-proj/yosys-internal/rtla-synthesis/synthesis_output/alu_64bit/data/constraints/s_func.ss0p95v125c.tcl, #   line 12
#@ set_input_delay -clock [get_clocks {clk}] 0.5 [get_ports {a[43]}]
#@ # /home/net/jo045021/sp26/rtl-opt-proj/yosys-internal/rtla-synthesis/synthesis_output/alu_64bit/data/constraints/s_func.ss0p95v125c.tcl, #   line 12
#@ set_input_delay -clock [get_clocks {clk}] 0.5 [get_ports {a[42]}]
#@ # /home/net/jo045021/sp26/rtl-opt-proj/yosys-internal/rtla-synthesis/synthesis_output/alu_64bit/data/constraints/s_func.ss0p95v125c.tcl, #   line 12
#@ set_input_delay -clock [get_clocks {clk}] 0.5 [get_ports {a[41]}]
#@ # /home/net/jo045021/sp26/rtl-opt-proj/yosys-internal/rtla-synthesis/synthesis_output/alu_64bit/data/constraints/s_func.ss0p95v125c.tcl, #   line 12
#@ set_input_delay -clock [get_clocks {clk}] 0.5 [get_ports {a[40]}]
#@ # /home/net/jo045021/sp26/rtl-opt-proj/yosys-internal/rtla-synthesis/synthesis_output/alu_64bit/data/constraints/s_func.ss0p95v125c.tcl, #   line 12
#@ set_input_delay -clock [get_clocks {clk}] 0.5 [get_ports {a[39]}]
#@ # /home/net/jo045021/sp26/rtl-opt-proj/yosys-internal/rtla-synthesis/synthesis_output/alu_64bit/data/constraints/s_func.ss0p95v125c.tcl, #   line 12
#@ set_input_delay -clock [get_clocks {clk}] 0.5 [get_ports {a[38]}]
#@ # /home/net/jo045021/sp26/rtl-opt-proj/yosys-internal/rtla-synthesis/synthesis_output/alu_64bit/data/constraints/s_func.ss0p95v125c.tcl, #   line 12
#@ set_input_delay -clock [get_clocks {clk}] 0.5 [get_ports {a[37]}]
#@ # /home/net/jo045021/sp26/rtl-opt-proj/yosys-internal/rtla-synthesis/synthesis_output/alu_64bit/data/constraints/s_func.ss0p95v125c.tcl, #   line 12
#@ set_input_delay -clock [get_clocks {clk}] 0.5 [get_ports {a[36]}]
#@ # /home/net/jo045021/sp26/rtl-opt-proj/yosys-internal/rtla-synthesis/synthesis_output/alu_64bit/data/constraints/s_func.ss0p95v125c.tcl, #   line 12
#@ set_input_delay -clock [get_clocks {clk}] 0.5 [get_ports {a[35]}]
#@ # /home/net/jo045021/sp26/rtl-opt-proj/yosys-internal/rtla-synthesis/synthesis_output/alu_64bit/data/constraints/s_func.ss0p95v125c.tcl, #   line 12
#@ set_input_delay -clock [get_clocks {clk}] 0.5 [get_ports {a[34]}]
#@ # /home/net/jo045021/sp26/rtl-opt-proj/yosys-internal/rtla-synthesis/synthesis_output/alu_64bit/data/constraints/s_func.ss0p95v125c.tcl, #   line 12
#@ set_input_delay -clock [get_clocks {clk}] 0.5 [get_ports {a[33]}]
#@ # /home/net/jo045021/sp26/rtl-opt-proj/yosys-internal/rtla-synthesis/synthesis_output/alu_64bit/data/constraints/s_func.ss0p95v125c.tcl, #   line 12
#@ set_input_delay -clock [get_clocks {clk}] 0.5 [get_ports {a[32]}]
#@ # /home/net/jo045021/sp26/rtl-opt-proj/yosys-internal/rtla-synthesis/synthesis_output/alu_64bit/data/constraints/s_func.ss0p95v125c.tcl, #   line 12
#@ set_input_delay -clock [get_clocks {clk}] 0.5 [get_ports {a[31]}]
#@ # /home/net/jo045021/sp26/rtl-opt-proj/yosys-internal/rtla-synthesis/synthesis_output/alu_64bit/data/constraints/s_func.ss0p95v125c.tcl, #   line 12
#@ set_input_delay -clock [get_clocks {clk}] 0.5 [get_ports {a[30]}]
#@ # /home/net/jo045021/sp26/rtl-opt-proj/yosys-internal/rtla-synthesis/synthesis_output/alu_64bit/data/constraints/s_func.ss0p95v125c.tcl, #   line 12
#@ set_input_delay -clock [get_clocks {clk}] 0.5 [get_ports {a[29]}]
#@ # /home/net/jo045021/sp26/rtl-opt-proj/yosys-internal/rtla-synthesis/synthesis_output/alu_64bit/data/constraints/s_func.ss0p95v125c.tcl, #   line 12
#@ set_input_delay -clock [get_clocks {clk}] 0.5 [get_ports {a[28]}]
#@ # /home/net/jo045021/sp26/rtl-opt-proj/yosys-internal/rtla-synthesis/synthesis_output/alu_64bit/data/constraints/s_func.ss0p95v125c.tcl, #   line 12
#@ set_input_delay -clock [get_clocks {clk}] 0.5 [get_ports {a[27]}]
#@ # /home/net/jo045021/sp26/rtl-opt-proj/yosys-internal/rtla-synthesis/synthesis_output/alu_64bit/data/constraints/s_func.ss0p95v125c.tcl, #   line 12
#@ set_input_delay -clock [get_clocks {clk}] 0.5 [get_ports {a[26]}]
#@ # /home/net/jo045021/sp26/rtl-opt-proj/yosys-internal/rtla-synthesis/synthesis_output/alu_64bit/data/constraints/s_func.ss0p95v125c.tcl, #   line 12
#@ set_input_delay -clock [get_clocks {clk}] 0.5 [get_ports {a[25]}]
#@ # /home/net/jo045021/sp26/rtl-opt-proj/yosys-internal/rtla-synthesis/synthesis_output/alu_64bit/data/constraints/s_func.ss0p95v125c.tcl, #   line 12
#@ set_input_delay -clock [get_clocks {clk}] 0.5 [get_ports {a[24]}]
#@ # /home/net/jo045021/sp26/rtl-opt-proj/yosys-internal/rtla-synthesis/synthesis_output/alu_64bit/data/constraints/s_func.ss0p95v125c.tcl, #   line 12
#@ set_input_delay -clock [get_clocks {clk}] 0.5 [get_ports {a[23]}]
#@ # /home/net/jo045021/sp26/rtl-opt-proj/yosys-internal/rtla-synthesis/synthesis_output/alu_64bit/data/constraints/s_func.ss0p95v125c.tcl, #   line 12
#@ set_input_delay -clock [get_clocks {clk}] 0.5 [get_ports {a[22]}]
#@ # /home/net/jo045021/sp26/rtl-opt-proj/yosys-internal/rtla-synthesis/synthesis_output/alu_64bit/data/constraints/s_func.ss0p95v125c.tcl, #   line 12
#@ set_input_delay -clock [get_clocks {clk}] 0.5 [get_ports {a[21]}]
#@ # /home/net/jo045021/sp26/rtl-opt-proj/yosys-internal/rtla-synthesis/synthesis_output/alu_64bit/data/constraints/s_func.ss0p95v125c.tcl, #   line 12
#@ set_input_delay -clock [get_clocks {clk}] 0.5 [get_ports {a[20]}]
#@ # /home/net/jo045021/sp26/rtl-opt-proj/yosys-internal/rtla-synthesis/synthesis_output/alu_64bit/data/constraints/s_func.ss0p95v125c.tcl, #   line 12
#@ set_input_delay -clock [get_clocks {clk}] 0.5 [get_ports {a[19]}]
#@ # /home/net/jo045021/sp26/rtl-opt-proj/yosys-internal/rtla-synthesis/synthesis_output/alu_64bit/data/constraints/s_func.ss0p95v125c.tcl, #   line 12
#@ set_input_delay -clock [get_clocks {clk}] 0.5 [get_ports {a[18]}]
#@ # /home/net/jo045021/sp26/rtl-opt-proj/yosys-internal/rtla-synthesis/synthesis_output/alu_64bit/data/constraints/s_func.ss0p95v125c.tcl, #   line 12
#@ set_input_delay -clock [get_clocks {clk}] 0.5 [get_ports {a[17]}]
#@ # /home/net/jo045021/sp26/rtl-opt-proj/yosys-internal/rtla-synthesis/synthesis_output/alu_64bit/data/constraints/s_func.ss0p95v125c.tcl, #   line 12
#@ set_input_delay -clock [get_clocks {clk}] 0.5 [get_ports {a[16]}]
#@ # /home/net/jo045021/sp26/rtl-opt-proj/yosys-internal/rtla-synthesis/synthesis_output/alu_64bit/data/constraints/s_func.ss0p95v125c.tcl, #   line 12
#@ set_input_delay -clock [get_clocks {clk}] 0.5 [get_ports {a[15]}]
#@ # /home/net/jo045021/sp26/rtl-opt-proj/yosys-internal/rtla-synthesis/synthesis_output/alu_64bit/data/constraints/s_func.ss0p95v125c.tcl, #   line 12
#@ set_input_delay -clock [get_clocks {clk}] 0.5 [get_ports {a[14]}]
#@ # /home/net/jo045021/sp26/rtl-opt-proj/yosys-internal/rtla-synthesis/synthesis_output/alu_64bit/data/constraints/s_func.ss0p95v125c.tcl, #   line 12
#@ set_input_delay -clock [get_clocks {clk}] 0.5 [get_ports {a[13]}]
#@ # /home/net/jo045021/sp26/rtl-opt-proj/yosys-internal/rtla-synthesis/synthesis_output/alu_64bit/data/constraints/s_func.ss0p95v125c.tcl, #   line 12
#@ set_input_delay -clock [get_clocks {clk}] 0.5 [get_ports {a[12]}]
#@ # /home/net/jo045021/sp26/rtl-opt-proj/yosys-internal/rtla-synthesis/synthesis_output/alu_64bit/data/constraints/s_func.ss0p95v125c.tcl, #   line 12
#@ set_input_delay -clock [get_clocks {clk}] 0.5 [get_ports {a[11]}]
#@ # /home/net/jo045021/sp26/rtl-opt-proj/yosys-internal/rtla-synthesis/synthesis_output/alu_64bit/data/constraints/s_func.ss0p95v125c.tcl, #   line 12
#@ set_input_delay -clock [get_clocks {clk}] 0.5 [get_ports {a[10]}]
#@ # /home/net/jo045021/sp26/rtl-opt-proj/yosys-internal/rtla-synthesis/synthesis_output/alu_64bit/data/constraints/s_func.ss0p95v125c.tcl, #   line 12
#@ set_input_delay -clock [get_clocks {clk}] 0.5 [get_ports {a[9]}]
#@ # /home/net/jo045021/sp26/rtl-opt-proj/yosys-internal/rtla-synthesis/synthesis_output/alu_64bit/data/constraints/s_func.ss0p95v125c.tcl, #   line 12
#@ set_input_delay -clock [get_clocks {clk}] 0.5 [get_ports {a[8]}]
#@ # /home/net/jo045021/sp26/rtl-opt-proj/yosys-internal/rtla-synthesis/synthesis_output/alu_64bit/data/constraints/s_func.ss0p95v125c.tcl, #   line 12
#@ set_input_delay -clock [get_clocks {clk}] 0.5 [get_ports {a[7]}]
#@ # /home/net/jo045021/sp26/rtl-opt-proj/yosys-internal/rtla-synthesis/synthesis_output/alu_64bit/data/constraints/s_func.ss0p95v125c.tcl, #   line 12
#@ set_input_delay -clock [get_clocks {clk}] 0.5 [get_ports {a[6]}]
#@ # /home/net/jo045021/sp26/rtl-opt-proj/yosys-internal/rtla-synthesis/synthesis_output/alu_64bit/data/constraints/s_func.ss0p95v125c.tcl, #   line 12
#@ set_input_delay -clock [get_clocks {clk}] 0.5 [get_ports {a[5]}]
#@ # /home/net/jo045021/sp26/rtl-opt-proj/yosys-internal/rtla-synthesis/synthesis_output/alu_64bit/data/constraints/s_func.ss0p95v125c.tcl, #   line 12
#@ set_input_delay -clock [get_clocks {clk}] 0.5 [get_ports {a[4]}]
#@ # /home/net/jo045021/sp26/rtl-opt-proj/yosys-internal/rtla-synthesis/synthesis_output/alu_64bit/data/constraints/s_func.ss0p95v125c.tcl, #   line 12
#@ set_input_delay -clock [get_clocks {clk}] 0.5 [get_ports {a[3]}]
#@ # /home/net/jo045021/sp26/rtl-opt-proj/yosys-internal/rtla-synthesis/synthesis_output/alu_64bit/data/constraints/s_func.ss0p95v125c.tcl, #   line 12
#@ set_input_delay -clock [get_clocks {clk}] 0.5 [get_ports {a[2]}]
#@ # /home/net/jo045021/sp26/rtl-opt-proj/yosys-internal/rtla-synthesis/synthesis_output/alu_64bit/data/constraints/s_func.ss0p95v125c.tcl, #   line 12
#@ set_input_delay -clock [get_clocks {clk}] 0.5 [get_ports {a[1]}]
#@ # /home/net/jo045021/sp26/rtl-opt-proj/yosys-internal/rtla-synthesis/synthesis_output/alu_64bit/data/constraints/s_func.ss0p95v125c.tcl, #   line 12
#@ set_input_delay -clock [get_clocks {clk}] 0.5 [get_ports {a[0]}]
#@ # /home/net/jo045021/sp26/rtl-opt-proj/yosys-internal/rtla-synthesis/synthesis_output/alu_64bit/data/constraints/s_func.ss0p95v125c.tcl, #   line 12
#@ set_input_delay -clock [get_clocks {clk}] 0.5 [get_ports {b[63]}]
#@ # /home/net/jo045021/sp26/rtl-opt-proj/yosys-internal/rtla-synthesis/synthesis_output/alu_64bit/data/constraints/s_func.ss0p95v125c.tcl, #   line 12
#@ set_input_delay -clock [get_clocks {clk}] 0.5 [get_ports {b[62]}]
#@ # /home/net/jo045021/sp26/rtl-opt-proj/yosys-internal/rtla-synthesis/synthesis_output/alu_64bit/data/constraints/s_func.ss0p95v125c.tcl, #   line 12
#@ set_input_delay -clock [get_clocks {clk}] 0.5 [get_ports {b[61]}]
#@ # /home/net/jo045021/sp26/rtl-opt-proj/yosys-internal/rtla-synthesis/synthesis_output/alu_64bit/data/constraints/s_func.ss0p95v125c.tcl, #   line 12
#@ set_input_delay -clock [get_clocks {clk}] 0.5 [get_ports {b[60]}]
#@ # /home/net/jo045021/sp26/rtl-opt-proj/yosys-internal/rtla-synthesis/synthesis_output/alu_64bit/data/constraints/s_func.ss0p95v125c.tcl, #   line 12
#@ set_input_delay -clock [get_clocks {clk}] 0.5 [get_ports {b[59]}]
#@ # /home/net/jo045021/sp26/rtl-opt-proj/yosys-internal/rtla-synthesis/synthesis_output/alu_64bit/data/constraints/s_func.ss0p95v125c.tcl, #   line 12
#@ set_input_delay -clock [get_clocks {clk}] 0.5 [get_ports {b[58]}]
#@ # /home/net/jo045021/sp26/rtl-opt-proj/yosys-internal/rtla-synthesis/synthesis_output/alu_64bit/data/constraints/s_func.ss0p95v125c.tcl, #   line 12
#@ set_input_delay -clock [get_clocks {clk}] 0.5 [get_ports {b[57]}]
#@ # /home/net/jo045021/sp26/rtl-opt-proj/yosys-internal/rtla-synthesis/synthesis_output/alu_64bit/data/constraints/s_func.ss0p95v125c.tcl, #   line 12
#@ set_input_delay -clock [get_clocks {clk}] 0.5 [get_ports {b[56]}]
#@ # /home/net/jo045021/sp26/rtl-opt-proj/yosys-internal/rtla-synthesis/synthesis_output/alu_64bit/data/constraints/s_func.ss0p95v125c.tcl, #   line 12
#@ set_input_delay -clock [get_clocks {clk}] 0.5 [get_ports {b[55]}]
#@ # /home/net/jo045021/sp26/rtl-opt-proj/yosys-internal/rtla-synthesis/synthesis_output/alu_64bit/data/constraints/s_func.ss0p95v125c.tcl, #   line 12
#@ set_input_delay -clock [get_clocks {clk}] 0.5 [get_ports {b[54]}]
#@ # /home/net/jo045021/sp26/rtl-opt-proj/yosys-internal/rtla-synthesis/synthesis_output/alu_64bit/data/constraints/s_func.ss0p95v125c.tcl, #   line 12
#@ set_input_delay -clock [get_clocks {clk}] 0.5 [get_ports {b[53]}]
#@ # /home/net/jo045021/sp26/rtl-opt-proj/yosys-internal/rtla-synthesis/synthesis_output/alu_64bit/data/constraints/s_func.ss0p95v125c.tcl, #   line 12
#@ set_input_delay -clock [get_clocks {clk}] 0.5 [get_ports {b[52]}]
#@ # /home/net/jo045021/sp26/rtl-opt-proj/yosys-internal/rtla-synthesis/synthesis_output/alu_64bit/data/constraints/s_func.ss0p95v125c.tcl, #   line 12
#@ set_input_delay -clock [get_clocks {clk}] 0.5 [get_ports {b[51]}]
#@ # /home/net/jo045021/sp26/rtl-opt-proj/yosys-internal/rtla-synthesis/synthesis_output/alu_64bit/data/constraints/s_func.ss0p95v125c.tcl, #   line 12
#@ set_input_delay -clock [get_clocks {clk}] 0.5 [get_ports {b[50]}]
#@ # /home/net/jo045021/sp26/rtl-opt-proj/yosys-internal/rtla-synthesis/synthesis_output/alu_64bit/data/constraints/s_func.ss0p95v125c.tcl, #   line 12
#@ set_input_delay -clock [get_clocks {clk}] 0.5 [get_ports {b[49]}]
#@ # /home/net/jo045021/sp26/rtl-opt-proj/yosys-internal/rtla-synthesis/synthesis_output/alu_64bit/data/constraints/s_func.ss0p95v125c.tcl, #   line 12
#@ set_input_delay -clock [get_clocks {clk}] 0.5 [get_ports {b[48]}]
#@ # /home/net/jo045021/sp26/rtl-opt-proj/yosys-internal/rtla-synthesis/synthesis_output/alu_64bit/data/constraints/s_func.ss0p95v125c.tcl, #   line 12
#@ set_input_delay -clock [get_clocks {clk}] 0.5 [get_ports {b[47]}]
#@ # /home/net/jo045021/sp26/rtl-opt-proj/yosys-internal/rtla-synthesis/synthesis_output/alu_64bit/data/constraints/s_func.ss0p95v125c.tcl, #   line 12
#@ set_input_delay -clock [get_clocks {clk}] 0.5 [get_ports {b[46]}]
#@ # /home/net/jo045021/sp26/rtl-opt-proj/yosys-internal/rtla-synthesis/synthesis_output/alu_64bit/data/constraints/s_func.ss0p95v125c.tcl, #   line 12
#@ set_input_delay -clock [get_clocks {clk}] 0.5 [get_ports {b[45]}]
#@ # /home/net/jo045021/sp26/rtl-opt-proj/yosys-internal/rtla-synthesis/synthesis_output/alu_64bit/data/constraints/s_func.ss0p95v125c.tcl, #   line 12
#@ set_input_delay -clock [get_clocks {clk}] 0.5 [get_ports {b[44]}]
#@ # /home/net/jo045021/sp26/rtl-opt-proj/yosys-internal/rtla-synthesis/synthesis_output/alu_64bit/data/constraints/s_func.ss0p95v125c.tcl, #   line 12
#@ set_input_delay -clock [get_clocks {clk}] 0.5 [get_ports {b[43]}]
#@ # /home/net/jo045021/sp26/rtl-opt-proj/yosys-internal/rtla-synthesis/synthesis_output/alu_64bit/data/constraints/s_func.ss0p95v125c.tcl, #   line 12
#@ set_input_delay -clock [get_clocks {clk}] 0.5 [get_ports {b[42]}]
#@ # /home/net/jo045021/sp26/rtl-opt-proj/yosys-internal/rtla-synthesis/synthesis_output/alu_64bit/data/constraints/s_func.ss0p95v125c.tcl, #   line 12
#@ set_input_delay -clock [get_clocks {clk}] 0.5 [get_ports {b[41]}]
#@ # /home/net/jo045021/sp26/rtl-opt-proj/yosys-internal/rtla-synthesis/synthesis_output/alu_64bit/data/constraints/s_func.ss0p95v125c.tcl, #   line 12
#@ set_input_delay -clock [get_clocks {clk}] 0.5 [get_ports {b[40]}]
#@ # /home/net/jo045021/sp26/rtl-opt-proj/yosys-internal/rtla-synthesis/synthesis_output/alu_64bit/data/constraints/s_func.ss0p95v125c.tcl, #   line 12
#@ set_input_delay -clock [get_clocks {clk}] 0.5 [get_ports {b[39]}]
#@ # /home/net/jo045021/sp26/rtl-opt-proj/yosys-internal/rtla-synthesis/synthesis_output/alu_64bit/data/constraints/s_func.ss0p95v125c.tcl, #   line 12
#@ set_input_delay -clock [get_clocks {clk}] 0.5 [get_ports {b[38]}]
#@ # /home/net/jo045021/sp26/rtl-opt-proj/yosys-internal/rtla-synthesis/synthesis_output/alu_64bit/data/constraints/s_func.ss0p95v125c.tcl, #   line 12
#@ set_input_delay -clock [get_clocks {clk}] 0.5 [get_ports {b[37]}]
#@ # /home/net/jo045021/sp26/rtl-opt-proj/yosys-internal/rtla-synthesis/synthesis_output/alu_64bit/data/constraints/s_func.ss0p95v125c.tcl, #   line 12
#@ set_input_delay -clock [get_clocks {clk}] 0.5 [get_ports {b[36]}]
#@ # /home/net/jo045021/sp26/rtl-opt-proj/yosys-internal/rtla-synthesis/synthesis_output/alu_64bit/data/constraints/s_func.ss0p95v125c.tcl, #   line 12
#@ set_input_delay -clock [get_clocks {clk}] 0.5 [get_ports {b[35]}]
#@ # /home/net/jo045021/sp26/rtl-opt-proj/yosys-internal/rtla-synthesis/synthesis_output/alu_64bit/data/constraints/s_func.ss0p95v125c.tcl, #   line 12
#@ set_input_delay -clock [get_clocks {clk}] 0.5 [get_ports {b[34]}]
#@ # /home/net/jo045021/sp26/rtl-opt-proj/yosys-internal/rtla-synthesis/synthesis_output/alu_64bit/data/constraints/s_func.ss0p95v125c.tcl, #   line 12
#@ set_input_delay -clock [get_clocks {clk}] 0.5 [get_ports {b[33]}]
#@ # /home/net/jo045021/sp26/rtl-opt-proj/yosys-internal/rtla-synthesis/synthesis_output/alu_64bit/data/constraints/s_func.ss0p95v125c.tcl, #   line 12
#@ set_input_delay -clock [get_clocks {clk}] 0.5 [get_ports {b[32]}]
#@ # /home/net/jo045021/sp26/rtl-opt-proj/yosys-internal/rtla-synthesis/synthesis_output/alu_64bit/data/constraints/s_func.ss0p95v125c.tcl, #   line 12
#@ set_input_delay -clock [get_clocks {clk}] 0.5 [get_ports {b[31]}]
#@ # /home/net/jo045021/sp26/rtl-opt-proj/yosys-internal/rtla-synthesis/synthesis_output/alu_64bit/data/constraints/s_func.ss0p95v125c.tcl, #   line 12
#@ set_input_delay -clock [get_clocks {clk}] 0.5 [get_ports {b[30]}]
#@ # /home/net/jo045021/sp26/rtl-opt-proj/yosys-internal/rtla-synthesis/synthesis_output/alu_64bit/data/constraints/s_func.ss0p95v125c.tcl, #   line 12
#@ set_input_delay -clock [get_clocks {clk}] 0.5 [get_ports {b[29]}]
#@ # /home/net/jo045021/sp26/rtl-opt-proj/yosys-internal/rtla-synthesis/synthesis_output/alu_64bit/data/constraints/s_func.ss0p95v125c.tcl, #   line 12
#@ set_input_delay -clock [get_clocks {clk}] 0.5 [get_ports {b[28]}]
#@ # /home/net/jo045021/sp26/rtl-opt-proj/yosys-internal/rtla-synthesis/synthesis_output/alu_64bit/data/constraints/s_func.ss0p95v125c.tcl, #   line 12
#@ set_input_delay -clock [get_clocks {clk}] 0.5 [get_ports {b[27]}]
#@ # /home/net/jo045021/sp26/rtl-opt-proj/yosys-internal/rtla-synthesis/synthesis_output/alu_64bit/data/constraints/s_func.ss0p95v125c.tcl, #   line 12
#@ set_input_delay -clock [get_clocks {clk}] 0.5 [get_ports {b[26]}]
#@ # /home/net/jo045021/sp26/rtl-opt-proj/yosys-internal/rtla-synthesis/synthesis_output/alu_64bit/data/constraints/s_func.ss0p95v125c.tcl, #   line 12
#@ set_input_delay -clock [get_clocks {clk}] 0.5 [get_ports {b[25]}]
#@ # /home/net/jo045021/sp26/rtl-opt-proj/yosys-internal/rtla-synthesis/synthesis_output/alu_64bit/data/constraints/s_func.ss0p95v125c.tcl, #   line 12
#@ set_input_delay -clock [get_clocks {clk}] 0.5 [get_ports {b[24]}]
#@ # /home/net/jo045021/sp26/rtl-opt-proj/yosys-internal/rtla-synthesis/synthesis_output/alu_64bit/data/constraints/s_func.ss0p95v125c.tcl, #   line 12
#@ set_input_delay -clock [get_clocks {clk}] 0.5 [get_ports {b[23]}]
#@ # /home/net/jo045021/sp26/rtl-opt-proj/yosys-internal/rtla-synthesis/synthesis_output/alu_64bit/data/constraints/s_func.ss0p95v125c.tcl, #   line 12
#@ set_input_delay -clock [get_clocks {clk}] 0.5 [get_ports {b[22]}]
#@ # /home/net/jo045021/sp26/rtl-opt-proj/yosys-internal/rtla-synthesis/synthesis_output/alu_64bit/data/constraints/s_func.ss0p95v125c.tcl, #   line 12
#@ set_input_delay -clock [get_clocks {clk}] 0.5 [get_ports {b[21]}]
#@ # /home/net/jo045021/sp26/rtl-opt-proj/yosys-internal/rtla-synthesis/synthesis_output/alu_64bit/data/constraints/s_func.ss0p95v125c.tcl, #   line 12
#@ set_input_delay -clock [get_clocks {clk}] 0.5 [get_ports {b[20]}]
#@ # /home/net/jo045021/sp26/rtl-opt-proj/yosys-internal/rtla-synthesis/synthesis_output/alu_64bit/data/constraints/s_func.ss0p95v125c.tcl, #   line 12
#@ set_input_delay -clock [get_clocks {clk}] 0.5 [get_ports {b[19]}]
#@ # /home/net/jo045021/sp26/rtl-opt-proj/yosys-internal/rtla-synthesis/synthesis_output/alu_64bit/data/constraints/s_func.ss0p95v125c.tcl, #   line 12
#@ set_input_delay -clock [get_clocks {clk}] 0.5 [get_ports {b[18]}]
#@ # /home/net/jo045021/sp26/rtl-opt-proj/yosys-internal/rtla-synthesis/synthesis_output/alu_64bit/data/constraints/s_func.ss0p95v125c.tcl, #   line 12
#@ set_input_delay -clock [get_clocks {clk}] 0.5 [get_ports {b[17]}]
#@ # /home/net/jo045021/sp26/rtl-opt-proj/yosys-internal/rtla-synthesis/synthesis_output/alu_64bit/data/constraints/s_func.ss0p95v125c.tcl, #   line 12
#@ set_input_delay -clock [get_clocks {clk}] 0.5 [get_ports {b[16]}]
#@ # /home/net/jo045021/sp26/rtl-opt-proj/yosys-internal/rtla-synthesis/synthesis_output/alu_64bit/data/constraints/s_func.ss0p95v125c.tcl, #   line 12
#@ set_input_delay -clock [get_clocks {clk}] 0.5 [get_ports {b[15]}]
#@ # /home/net/jo045021/sp26/rtl-opt-proj/yosys-internal/rtla-synthesis/synthesis_output/alu_64bit/data/constraints/s_func.ss0p95v125c.tcl, #   line 12
#@ set_input_delay -clock [get_clocks {clk}] 0.5 [get_ports {b[14]}]
#@ # /home/net/jo045021/sp26/rtl-opt-proj/yosys-internal/rtla-synthesis/synthesis_output/alu_64bit/data/constraints/s_func.ss0p95v125c.tcl, #   line 12
#@ set_input_delay -clock [get_clocks {clk}] 0.5 [get_ports {b[13]}]
#@ # /home/net/jo045021/sp26/rtl-opt-proj/yosys-internal/rtla-synthesis/synthesis_output/alu_64bit/data/constraints/s_func.ss0p95v125c.tcl, #   line 12
#@ set_input_delay -clock [get_clocks {clk}] 0.5 [get_ports {b[12]}]
#@ # /home/net/jo045021/sp26/rtl-opt-proj/yosys-internal/rtla-synthesis/synthesis_output/alu_64bit/data/constraints/s_func.ss0p95v125c.tcl, #   line 12
#@ set_input_delay -clock [get_clocks {clk}] 0.5 [get_ports {b[11]}]
#@ # /home/net/jo045021/sp26/rtl-opt-proj/yosys-internal/rtla-synthesis/synthesis_output/alu_64bit/data/constraints/s_func.ss0p95v125c.tcl, #   line 12
#@ set_input_delay -clock [get_clocks {clk}] 0.5 [get_ports {b[10]}]
#@ # /home/net/jo045021/sp26/rtl-opt-proj/yosys-internal/rtla-synthesis/synthesis_output/alu_64bit/data/constraints/s_func.ss0p95v125c.tcl, #   line 12
#@ set_input_delay -clock [get_clocks {clk}] 0.5 [get_ports {b[9]}]
#@ # /home/net/jo045021/sp26/rtl-opt-proj/yosys-internal/rtla-synthesis/synthesis_output/alu_64bit/data/constraints/s_func.ss0p95v125c.tcl, #   line 12
#@ set_input_delay -clock [get_clocks {clk}] 0.5 [get_ports {b[8]}]
#@ # /home/net/jo045021/sp26/rtl-opt-proj/yosys-internal/rtla-synthesis/synthesis_output/alu_64bit/data/constraints/s_func.ss0p95v125c.tcl, #   line 12
#@ set_input_delay -clock [get_clocks {clk}] 0.5 [get_ports {b[7]}]
#@ # /home/net/jo045021/sp26/rtl-opt-proj/yosys-internal/rtla-synthesis/synthesis_output/alu_64bit/data/constraints/s_func.ss0p95v125c.tcl, #   line 12
#@ set_input_delay -clock [get_clocks {clk}] 0.5 [get_ports {b[6]}]
#@ # /home/net/jo045021/sp26/rtl-opt-proj/yosys-internal/rtla-synthesis/synthesis_output/alu_64bit/data/constraints/s_func.ss0p95v125c.tcl, #   line 12
#@ set_input_delay -clock [get_clocks {clk}] 0.5 [get_ports {b[5]}]
#@ # /home/net/jo045021/sp26/rtl-opt-proj/yosys-internal/rtla-synthesis/synthesis_output/alu_64bit/data/constraints/s_func.ss0p95v125c.tcl, #   line 12
#@ set_input_delay -clock [get_clocks {clk}] 0.5 [get_ports {b[4]}]
#@ # /home/net/jo045021/sp26/rtl-opt-proj/yosys-internal/rtla-synthesis/synthesis_output/alu_64bit/data/constraints/s_func.ss0p95v125c.tcl, #   line 12
#@ set_input_delay -clock [get_clocks {clk}] 0.5 [get_ports {b[3]}]
#@ # /home/net/jo045021/sp26/rtl-opt-proj/yosys-internal/rtla-synthesis/synthesis_output/alu_64bit/data/constraints/s_func.ss0p95v125c.tcl, #   line 12
#@ set_input_delay -clock [get_clocks {clk}] 0.5 [get_ports {b[2]}]
#@ # /home/net/jo045021/sp26/rtl-opt-proj/yosys-internal/rtla-synthesis/synthesis_output/alu_64bit/data/constraints/s_func.ss0p95v125c.tcl, #   line 12
#@ set_input_delay -clock [get_clocks {clk}] 0.5 [get_ports {b[1]}]
#@ # /home/net/jo045021/sp26/rtl-opt-proj/yosys-internal/rtla-synthesis/synthesis_output/alu_64bit/data/constraints/s_func.ss0p95v125c.tcl, #   line 12
#@ set_input_delay -clock [get_clocks {clk}] 0.5 [get_ports {b[0]}]
#@ # /home/net/jo045021/sp26/rtl-opt-proj/yosys-internal/rtla-synthesis/synthesis_output/alu_64bit/data/constraints/s_func.ss0p95v125c.tcl, #   line 12
#@ set_input_delay -clock [get_clocks {clk}] 0.5 [get_ports {Oper[2]}]
#@ # /home/net/jo045021/sp26/rtl-opt-proj/yosys-internal/rtla-synthesis/synthesis_output/alu_64bit/data/constraints/s_func.ss0p95v125c.tcl, #   line 12
#@ set_input_delay -clock [get_clocks {clk}] 0.5 [get_ports {Oper[1]}]
#@ # /home/net/jo045021/sp26/rtl-opt-proj/yosys-internal/rtla-synthesis/synthesis_output/alu_64bit/data/constraints/s_func.ss0p95v125c.tcl, #   line 12
#@ set_input_delay -clock [get_clocks {clk}] 0.5 [get_ports {Oper[0]}]
#@ # /home/net/jo045021/sp26/rtl-opt-proj/yosys-internal/rtla-synthesis/synthesis_output/alu_64bit/data/constraints/s_func.ss0p95v125c.tcl, #   line 13
#@ set_output_delay -clock [get_clocks {clk}] 0.6 [get_ports {sum[63]}]
#@ # /home/net/jo045021/sp26/rtl-opt-proj/yosys-internal/rtla-synthesis/synthesis_output/alu_64bit/data/constraints/s_func.ss0p95v125c.tcl, #   line 13
#@ set_output_delay -clock [get_clocks {clk}] 0.6 [get_ports {sum[62]}]
#@ # /home/net/jo045021/sp26/rtl-opt-proj/yosys-internal/rtla-synthesis/synthesis_output/alu_64bit/data/constraints/s_func.ss0p95v125c.tcl, #   line 13
#@ set_output_delay -clock [get_clocks {clk}] 0.6 [get_ports {sum[61]}]
#@ # /home/net/jo045021/sp26/rtl-opt-proj/yosys-internal/rtla-synthesis/synthesis_output/alu_64bit/data/constraints/s_func.ss0p95v125c.tcl, #   line 13
#@ set_output_delay -clock [get_clocks {clk}] 0.6 [get_ports {sum[60]}]
#@ # /home/net/jo045021/sp26/rtl-opt-proj/yosys-internal/rtla-synthesis/synthesis_output/alu_64bit/data/constraints/s_func.ss0p95v125c.tcl, #   line 13
#@ set_output_delay -clock [get_clocks {clk}] 0.6 [get_ports {sum[59]}]
#@ # /home/net/jo045021/sp26/rtl-opt-proj/yosys-internal/rtla-synthesis/synthesis_output/alu_64bit/data/constraints/s_func.ss0p95v125c.tcl, #   line 13
#@ set_output_delay -clock [get_clocks {clk}] 0.6 [get_ports {sum[58]}]
#@ # /home/net/jo045021/sp26/rtl-opt-proj/yosys-internal/rtla-synthesis/synthesis_output/alu_64bit/data/constraints/s_func.ss0p95v125c.tcl, #   line 13
#@ set_output_delay -clock [get_clocks {clk}] 0.6 [get_ports {sum[57]}]
#@ # /home/net/jo045021/sp26/rtl-opt-proj/yosys-internal/rtla-synthesis/synthesis_output/alu_64bit/data/constraints/s_func.ss0p95v125c.tcl, #   line 13
#@ set_output_delay -clock [get_clocks {clk}] 0.6 [get_ports {sum[56]}]
#@ # /home/net/jo045021/sp26/rtl-opt-proj/yosys-internal/rtla-synthesis/synthesis_output/alu_64bit/data/constraints/s_func.ss0p95v125c.tcl, #   line 13
#@ set_output_delay -clock [get_clocks {clk}] 0.6 [get_ports {sum[55]}]
#@ # /home/net/jo045021/sp26/rtl-opt-proj/yosys-internal/rtla-synthesis/synthesis_output/alu_64bit/data/constraints/s_func.ss0p95v125c.tcl, #   line 13
#@ set_output_delay -clock [get_clocks {clk}] 0.6 [get_ports {sum[54]}]
#@ # /home/net/jo045021/sp26/rtl-opt-proj/yosys-internal/rtla-synthesis/synthesis_output/alu_64bit/data/constraints/s_func.ss0p95v125c.tcl, #   line 13
#@ set_output_delay -clock [get_clocks {clk}] 0.6 [get_ports {sum[53]}]
#@ # /home/net/jo045021/sp26/rtl-opt-proj/yosys-internal/rtla-synthesis/synthesis_output/alu_64bit/data/constraints/s_func.ss0p95v125c.tcl, #   line 13
#@ set_output_delay -clock [get_clocks {clk}] 0.6 [get_ports {sum[52]}]
#@ # /home/net/jo045021/sp26/rtl-opt-proj/yosys-internal/rtla-synthesis/synthesis_output/alu_64bit/data/constraints/s_func.ss0p95v125c.tcl, #   line 13
#@ set_output_delay -clock [get_clocks {clk}] 0.6 [get_ports {sum[51]}]
#@ # /home/net/jo045021/sp26/rtl-opt-proj/yosys-internal/rtla-synthesis/synthesis_output/alu_64bit/data/constraints/s_func.ss0p95v125c.tcl, #   line 13
#@ set_output_delay -clock [get_clocks {clk}] 0.6 [get_ports {sum[50]}]
#@ # /home/net/jo045021/sp26/rtl-opt-proj/yosys-internal/rtla-synthesis/synthesis_output/alu_64bit/data/constraints/s_func.ss0p95v125c.tcl, #   line 13
#@ set_output_delay -clock [get_clocks {clk}] 0.6 [get_ports {sum[49]}]
#@ # /home/net/jo045021/sp26/rtl-opt-proj/yosys-internal/rtla-synthesis/synthesis_output/alu_64bit/data/constraints/s_func.ss0p95v125c.tcl, #   line 13
#@ set_output_delay -clock [get_clocks {clk}] 0.6 [get_ports {sum[48]}]
#@ # /home/net/jo045021/sp26/rtl-opt-proj/yosys-internal/rtla-synthesis/synthesis_output/alu_64bit/data/constraints/s_func.ss0p95v125c.tcl, #   line 13
#@ set_output_delay -clock [get_clocks {clk}] 0.6 [get_ports {sum[47]}]
#@ # /home/net/jo045021/sp26/rtl-opt-proj/yosys-internal/rtla-synthesis/synthesis_output/alu_64bit/data/constraints/s_func.ss0p95v125c.tcl, #   line 13
#@ set_output_delay -clock [get_clocks {clk}] 0.6 [get_ports {sum[46]}]
#@ # /home/net/jo045021/sp26/rtl-opt-proj/yosys-internal/rtla-synthesis/synthesis_output/alu_64bit/data/constraints/s_func.ss0p95v125c.tcl, #   line 13
#@ set_output_delay -clock [get_clocks {clk}] 0.6 [get_ports {sum[45]}]
#@ # /home/net/jo045021/sp26/rtl-opt-proj/yosys-internal/rtla-synthesis/synthesis_output/alu_64bit/data/constraints/s_func.ss0p95v125c.tcl, #   line 13
#@ set_output_delay -clock [get_clocks {clk}] 0.6 [get_ports {sum[44]}]
#@ # /home/net/jo045021/sp26/rtl-opt-proj/yosys-internal/rtla-synthesis/synthesis_output/alu_64bit/data/constraints/s_func.ss0p95v125c.tcl, #   line 13
#@ set_output_delay -clock [get_clocks {clk}] 0.6 [get_ports {sum[43]}]
#@ # /home/net/jo045021/sp26/rtl-opt-proj/yosys-internal/rtla-synthesis/synthesis_output/alu_64bit/data/constraints/s_func.ss0p95v125c.tcl, #   line 13
#@ set_output_delay -clock [get_clocks {clk}] 0.6 [get_ports {sum[42]}]
#@ # /home/net/jo045021/sp26/rtl-opt-proj/yosys-internal/rtla-synthesis/synthesis_output/alu_64bit/data/constraints/s_func.ss0p95v125c.tcl, #   line 13
#@ set_output_delay -clock [get_clocks {clk}] 0.6 [get_ports {sum[41]}]
#@ # /home/net/jo045021/sp26/rtl-opt-proj/yosys-internal/rtla-synthesis/synthesis_output/alu_64bit/data/constraints/s_func.ss0p95v125c.tcl, #   line 13
#@ set_output_delay -clock [get_clocks {clk}] 0.6 [get_ports {sum[40]}]
#@ # /home/net/jo045021/sp26/rtl-opt-proj/yosys-internal/rtla-synthesis/synthesis_output/alu_64bit/data/constraints/s_func.ss0p95v125c.tcl, #   line 13
#@ set_output_delay -clock [get_clocks {clk}] 0.6 [get_ports {sum[39]}]
#@ # /home/net/jo045021/sp26/rtl-opt-proj/yosys-internal/rtla-synthesis/synthesis_output/alu_64bit/data/constraints/s_func.ss0p95v125c.tcl, #   line 13
#@ set_output_delay -clock [get_clocks {clk}] 0.6 [get_ports {sum[38]}]
#@ # /home/net/jo045021/sp26/rtl-opt-proj/yosys-internal/rtla-synthesis/synthesis_output/alu_64bit/data/constraints/s_func.ss0p95v125c.tcl, #   line 13
#@ set_output_delay -clock [get_clocks {clk}] 0.6 [get_ports {sum[37]}]
#@ # /home/net/jo045021/sp26/rtl-opt-proj/yosys-internal/rtla-synthesis/synthesis_output/alu_64bit/data/constraints/s_func.ss0p95v125c.tcl, #   line 13
#@ set_output_delay -clock [get_clocks {clk}] 0.6 [get_ports {sum[36]}]
#@ # /home/net/jo045021/sp26/rtl-opt-proj/yosys-internal/rtla-synthesis/synthesis_output/alu_64bit/data/constraints/s_func.ss0p95v125c.tcl, #   line 13
#@ set_output_delay -clock [get_clocks {clk}] 0.6 [get_ports {sum[35]}]
#@ # /home/net/jo045021/sp26/rtl-opt-proj/yosys-internal/rtla-synthesis/synthesis_output/alu_64bit/data/constraints/s_func.ss0p95v125c.tcl, #   line 13
#@ set_output_delay -clock [get_clocks {clk}] 0.6 [get_ports {sum[34]}]
#@ # /home/net/jo045021/sp26/rtl-opt-proj/yosys-internal/rtla-synthesis/synthesis_output/alu_64bit/data/constraints/s_func.ss0p95v125c.tcl, #   line 13
#@ set_output_delay -clock [get_clocks {clk}] 0.6 [get_ports {sum[33]}]
#@ # /home/net/jo045021/sp26/rtl-opt-proj/yosys-internal/rtla-synthesis/synthesis_output/alu_64bit/data/constraints/s_func.ss0p95v125c.tcl, #   line 13
#@ set_output_delay -clock [get_clocks {clk}] 0.6 [get_ports {sum[32]}]
#@ # /home/net/jo045021/sp26/rtl-opt-proj/yosys-internal/rtla-synthesis/synthesis_output/alu_64bit/data/constraints/s_func.ss0p95v125c.tcl, #   line 13
#@ set_output_delay -clock [get_clocks {clk}] 0.6 [get_ports {sum[31]}]
#@ # /home/net/jo045021/sp26/rtl-opt-proj/yosys-internal/rtla-synthesis/synthesis_output/alu_64bit/data/constraints/s_func.ss0p95v125c.tcl, #   line 13
#@ set_output_delay -clock [get_clocks {clk}] 0.6 [get_ports {sum[30]}]
#@ # /home/net/jo045021/sp26/rtl-opt-proj/yosys-internal/rtla-synthesis/synthesis_output/alu_64bit/data/constraints/s_func.ss0p95v125c.tcl, #   line 13
#@ set_output_delay -clock [get_clocks {clk}] 0.6 [get_ports {sum[29]}]
#@ # /home/net/jo045021/sp26/rtl-opt-proj/yosys-internal/rtla-synthesis/synthesis_output/alu_64bit/data/constraints/s_func.ss0p95v125c.tcl, #   line 13
#@ set_output_delay -clock [get_clocks {clk}] 0.6 [get_ports {sum[28]}]
#@ # /home/net/jo045021/sp26/rtl-opt-proj/yosys-internal/rtla-synthesis/synthesis_output/alu_64bit/data/constraints/s_func.ss0p95v125c.tcl, #   line 13
#@ set_output_delay -clock [get_clocks {clk}] 0.6 [get_ports {sum[27]}]
#@ # /home/net/jo045021/sp26/rtl-opt-proj/yosys-internal/rtla-synthesis/synthesis_output/alu_64bit/data/constraints/s_func.ss0p95v125c.tcl, #   line 13
#@ set_output_delay -clock [get_clocks {clk}] 0.6 [get_ports {sum[26]}]
#@ # /home/net/jo045021/sp26/rtl-opt-proj/yosys-internal/rtla-synthesis/synthesis_output/alu_64bit/data/constraints/s_func.ss0p95v125c.tcl, #   line 13
#@ set_output_delay -clock [get_clocks {clk}] 0.6 [get_ports {sum[25]}]
#@ # /home/net/jo045021/sp26/rtl-opt-proj/yosys-internal/rtla-synthesis/synthesis_output/alu_64bit/data/constraints/s_func.ss0p95v125c.tcl, #   line 13
#@ set_output_delay -clock [get_clocks {clk}] 0.6 [get_ports {sum[24]}]
#@ # /home/net/jo045021/sp26/rtl-opt-proj/yosys-internal/rtla-synthesis/synthesis_output/alu_64bit/data/constraints/s_func.ss0p95v125c.tcl, #   line 13
#@ set_output_delay -clock [get_clocks {clk}] 0.6 [get_ports {sum[23]}]
#@ # /home/net/jo045021/sp26/rtl-opt-proj/yosys-internal/rtla-synthesis/synthesis_output/alu_64bit/data/constraints/s_func.ss0p95v125c.tcl, #   line 13
#@ set_output_delay -clock [get_clocks {clk}] 0.6 [get_ports {sum[22]}]
#@ # /home/net/jo045021/sp26/rtl-opt-proj/yosys-internal/rtla-synthesis/synthesis_output/alu_64bit/data/constraints/s_func.ss0p95v125c.tcl, #   line 13
#@ set_output_delay -clock [get_clocks {clk}] 0.6 [get_ports {sum[21]}]
#@ # /home/net/jo045021/sp26/rtl-opt-proj/yosys-internal/rtla-synthesis/synthesis_output/alu_64bit/data/constraints/s_func.ss0p95v125c.tcl, #   line 13
#@ set_output_delay -clock [get_clocks {clk}] 0.6 [get_ports {sum[20]}]
#@ # /home/net/jo045021/sp26/rtl-opt-proj/yosys-internal/rtla-synthesis/synthesis_output/alu_64bit/data/constraints/s_func.ss0p95v125c.tcl, #   line 13
#@ set_output_delay -clock [get_clocks {clk}] 0.6 [get_ports {sum[19]}]
#@ # /home/net/jo045021/sp26/rtl-opt-proj/yosys-internal/rtla-synthesis/synthesis_output/alu_64bit/data/constraints/s_func.ss0p95v125c.tcl, #   line 13
#@ set_output_delay -clock [get_clocks {clk}] 0.6 [get_ports {sum[18]}]
#@ # /home/net/jo045021/sp26/rtl-opt-proj/yosys-internal/rtla-synthesis/synthesis_output/alu_64bit/data/constraints/s_func.ss0p95v125c.tcl, #   line 13
#@ set_output_delay -clock [get_clocks {clk}] 0.6 [get_ports {sum[17]}]
#@ # /home/net/jo045021/sp26/rtl-opt-proj/yosys-internal/rtla-synthesis/synthesis_output/alu_64bit/data/constraints/s_func.ss0p95v125c.tcl, #   line 13
#@ set_output_delay -clock [get_clocks {clk}] 0.6 [get_ports {sum[16]}]
#@ # /home/net/jo045021/sp26/rtl-opt-proj/yosys-internal/rtla-synthesis/synthesis_output/alu_64bit/data/constraints/s_func.ss0p95v125c.tcl, #   line 13
#@ set_output_delay -clock [get_clocks {clk}] 0.6 [get_ports {sum[15]}]
#@ # /home/net/jo045021/sp26/rtl-opt-proj/yosys-internal/rtla-synthesis/synthesis_output/alu_64bit/data/constraints/s_func.ss0p95v125c.tcl, #   line 13
#@ set_output_delay -clock [get_clocks {clk}] 0.6 [get_ports {sum[14]}]
#@ # /home/net/jo045021/sp26/rtl-opt-proj/yosys-internal/rtla-synthesis/synthesis_output/alu_64bit/data/constraints/s_func.ss0p95v125c.tcl, #   line 13
#@ set_output_delay -clock [get_clocks {clk}] 0.6 [get_ports {sum[13]}]
#@ # /home/net/jo045021/sp26/rtl-opt-proj/yosys-internal/rtla-synthesis/synthesis_output/alu_64bit/data/constraints/s_func.ss0p95v125c.tcl, #   line 13
#@ set_output_delay -clock [get_clocks {clk}] 0.6 [get_ports {sum[12]}]
#@ # /home/net/jo045021/sp26/rtl-opt-proj/yosys-internal/rtla-synthesis/synthesis_output/alu_64bit/data/constraints/s_func.ss0p95v125c.tcl, #   line 13
#@ set_output_delay -clock [get_clocks {clk}] 0.6 [get_ports {sum[11]}]
#@ # /home/net/jo045021/sp26/rtl-opt-proj/yosys-internal/rtla-synthesis/synthesis_output/alu_64bit/data/constraints/s_func.ss0p95v125c.tcl, #   line 13
#@ set_output_delay -clock [get_clocks {clk}] 0.6 [get_ports {sum[10]}]
#@ # /home/net/jo045021/sp26/rtl-opt-proj/yosys-internal/rtla-synthesis/synthesis_output/alu_64bit/data/constraints/s_func.ss0p95v125c.tcl, #   line 13
#@ set_output_delay -clock [get_clocks {clk}] 0.6 [get_ports {sum[9]}]
#@ # /home/net/jo045021/sp26/rtl-opt-proj/yosys-internal/rtla-synthesis/synthesis_output/alu_64bit/data/constraints/s_func.ss0p95v125c.tcl, #   line 13
#@ set_output_delay -clock [get_clocks {clk}] 0.6 [get_ports {sum[8]}]
#@ # /home/net/jo045021/sp26/rtl-opt-proj/yosys-internal/rtla-synthesis/synthesis_output/alu_64bit/data/constraints/s_func.ss0p95v125c.tcl, #   line 13
#@ set_output_delay -clock [get_clocks {clk}] 0.6 [get_ports {sum[7]}]
#@ # /home/net/jo045021/sp26/rtl-opt-proj/yosys-internal/rtla-synthesis/synthesis_output/alu_64bit/data/constraints/s_func.ss0p95v125c.tcl, #   line 13
#@ set_output_delay -clock [get_clocks {clk}] 0.6 [get_ports {sum[6]}]
#@ # /home/net/jo045021/sp26/rtl-opt-proj/yosys-internal/rtla-synthesis/synthesis_output/alu_64bit/data/constraints/s_func.ss0p95v125c.tcl, #   line 13
#@ set_output_delay -clock [get_clocks {clk}] 0.6 [get_ports {sum[5]}]
#@ # /home/net/jo045021/sp26/rtl-opt-proj/yosys-internal/rtla-synthesis/synthesis_output/alu_64bit/data/constraints/s_func.ss0p95v125c.tcl, #   line 13
#@ set_output_delay -clock [get_clocks {clk}] 0.6 [get_ports {sum[4]}]
#@ # /home/net/jo045021/sp26/rtl-opt-proj/yosys-internal/rtla-synthesis/synthesis_output/alu_64bit/data/constraints/s_func.ss0p95v125c.tcl, #   line 13
#@ set_output_delay -clock [get_clocks {clk}] 0.6 [get_ports {sum[3]}]
#@ # /home/net/jo045021/sp26/rtl-opt-proj/yosys-internal/rtla-synthesis/synthesis_output/alu_64bit/data/constraints/s_func.ss0p95v125c.tcl, #   line 13
#@ set_output_delay -clock [get_clocks {clk}] 0.6 [get_ports {sum[2]}]
#@ # /home/net/jo045021/sp26/rtl-opt-proj/yosys-internal/rtla-synthesis/synthesis_output/alu_64bit/data/constraints/s_func.ss0p95v125c.tcl, #   line 13
#@ set_output_delay -clock [get_clocks {clk}] 0.6 [get_ports {sum[1]}]
#@ # /home/net/jo045021/sp26/rtl-opt-proj/yosys-internal/rtla-synthesis/synthesis_output/alu_64bit/data/constraints/s_func.ss0p95v125c.tcl, #   line 13
#@ set_output_delay -clock [get_clocks {clk}] 0.6 [get_ports {sum[0]}]
#@ set_max_transition 0.15 [get_clocks {clk}] -clock_path
#@ # /home/net/jo045021/sp26/rtl-opt-proj/yosys-internal/rtla-synthesis/synthesis_output/alu_64bit/data/constraints/m_func.tcl, #   line 22
#@ group_path -name REGOUT -to [get_ports {sum[63] sum[62] sum[61] sum[60] sum[59]     sum[58] sum[57] sum[56] sum[55] sum[54] sum[53] sum[52] sum[51] sum[50]     sum[49] sum[48] sum[47] sum[46] sum[45] sum[44] sum[43] sum[42] sum[41]     sum[40] sum[39] sum[38] sum[37] sum[36] sum[35] sum[34] sum[33] sum[32]     sum[31] sum[30] sum[29] sum[28] sum[27] sum[26] sum[25] sum[24] sum[23]     sum[22] sum[21] sum[20] sum[19] sum[18] sum[17] sum[16] sum[15] sum[14]     sum[13] sum[12] sum[11] sum[10] sum[9] sum[8] sum[7] sum[6] sum[5] sum[4]     sum[3] sum[2] sum[1] sum[0]}]
#@ # /home/net/jo045021/sp26/rtl-opt-proj/yosys-internal/rtla-synthesis/synthesis_output/alu_64bit/data/constraints/m_func.tcl, #   line 23
#@ group_path -name REGIN -from [get_ports {a[63] a[62] a[61] a[60] a[59] a[58]     a[57] a[56] a[55] a[54] a[53] a[52] a[51] a[50] a[49] a[48] a[47] a[46]     a[45] a[44] a[43] a[42] a[41] a[40] a[39] a[38] a[37] a[36] a[35] a[34]     a[33] a[32] a[31] a[30] a[29] a[28] a[27] a[26] a[25] a[24] a[23] a[22]     a[21] a[20] a[19] a[18] a[17] a[16] a[15] a[14] a[13] a[12] a[11] a[10]     a[9] a[8] a[7] a[6] a[5] a[4] a[3] a[2] a[1] a[0] b[63] b[62] b[61] b[60]     b[59] b[58] b[57] b[56] b[55] b[54] b[53] b[52] b[51] b[50] b[49] b[48]     b[47] b[46] b[45] b[44] b[43] b[42] b[41] b[40] b[39] b[38] b[37] b[36]     b[35] b[34] b[33] b[32] b[31] b[30] b[29] b[28] b[27] b[26] b[25] b[24]     b[23] b[22] b[21] b[20] b[19] b[18] b[17] b[16] b[15] b[14] b[13] b[12]     b[11] b[10] b[9] b[8] b[7] b[6] b[5] b[4] b[3] b[2] b[1] b[0] Oper[2]     Oper[1] Oper[0]}]
#@ # /home/net/jo045021/sp26/rtl-opt-proj/yosys-internal/rtla-synthesis/synthesis_output/alu_64bit/data/constraints/m_func.tcl, #   line 24
#@ group_path -name FEEDTHROUGH -from [get_ports {a[63] a[62] a[61] a[60] a[59]     a[58] a[57] a[56] a[55] a[54] a[53] a[52] a[51] a[50] a[49] a[48] a[47]     a[46] a[45] a[44] a[43] a[42] a[41] a[40] a[39] a[38] a[37] a[36] a[35]     a[34] a[33] a[32] a[31] a[30] a[29] a[28] a[27] a[26] a[25] a[24] a[23]     a[22] a[21] a[20] a[19] a[18] a[17] a[16] a[15] a[14] a[13] a[12] a[11]     a[10] a[9] a[8] a[7] a[6] a[5] a[4] a[3] a[2] a[1] a[0] b[63] b[62] b[61]     b[60] b[59] b[58] b[57] b[56] b[55] b[54] b[53] b[52] b[51] b[50] b[49]     b[48] b[47] b[46] b[45] b[44] b[43] b[42] b[41] b[40] b[39] b[38] b[37]     b[36] b[35] b[34] b[33] b[32] b[31] b[30] b[29] b[28] b[27] b[26] b[25]     b[24] b[23] b[22] b[21] b[20] b[19] b[18] b[17] b[16] b[15] b[14] b[13]     b[12] b[11] b[10] b[9] b[8] b[7] b[6] b[5] b[4] b[3] b[2] b[1] b[0] Oper[2]     Oper[1] Oper[0]}] -to [get_ports {sum[63] sum[62] sum[61] sum[60] sum[59]     sum[58] sum[57] sum[56] sum[55] sum[54] sum[53] sum[52] sum[51] sum[50]     sum[49] sum[48] sum[47] sum[46] sum[45] sum[44] sum[43] sum[42] sum[41]     sum[40] sum[39] sum[38] sum[37] sum[36] sum[35] sum[34] sum[33] sum[32]     sum[31] sum[30] sum[29] sum[28] sum[27] sum[26] sum[25] sum[24] sum[23]     sum[22] sum[21] sum[20] sum[19] sum[18] sum[17] sum[16] sum[15] sum[14]     sum[13] sum[12] sum[11] sum[10] sum[9] sum[8] sum[7] sum[6] sum[5] sum[4]     sum[3] sum[2] sum[1] sum[0]}]
#@ 
#@ # MD5_SIGNATURE: A650D0C8F852D9D29047906C50166826 
#@ # -- End source RTLA_WORKSPACE/alu_64bit_constraints/scenario_func.ss0p95v125c.tcl.gz

#@ # -- Starting source RTLA_WORKSPACE/alu_64bit_constraints/design.tcl.gz

#@ ################################################################################
#@ #
#@ # Created by rtl write_script on Wed Feb  4 18:25:07 2026
#@ #
#@ ################################################################################
#@ 
#@ ################################################################################
#@ #
#@ # Units
#@ # time_unit               : 1e-09
#@ # resistance_unit         : 1000000
#@ # capacitive_load_unit    : 1e-15
#@ # voltage_unit            : 1
#@ # current_unit            : 1e-06
#@ # power_unit              : 1e-12
#@ ################################################################################
#@ 
#@ 
#@ # MD5_SIGNATURE: D41D8CD98F00B204E9800998ECF8427E 
#@ # -- End source RTLA_WORKSPACE/alu_64bit_constraints/design.tcl.gz

#@ ::pprtl::read_name_mapping
#@ # -- Starting source RTLA_WORKSPACE/alu_64bit.saifmap

#@ # PrimePower/PTPX SAIF mapping file
#@ # Design: "alu_64bit.dlib:alu_64bit.design"
#@ # Date: "Wed Feb  4 18:25:07 2026"
#@ # Vendor: "Synopsys, Inc"
#@ # Program_name: "rtl"
#@ # Program_version: "U-2022.12-SP6"
#@ 
#@ # -- End source RTLA_WORKSPACE/alu_64bit.saifmap

#@ ::pprtl::read_activity_files
#@ ::pprtl::compute_metrics
#@ quit
#@ if { [namespace which -command __pre_quit_tcl_procs] == "::__pre_quit_tcl_procs" } {   __pre_quit_tcl_procs}

