****************************************
Report : area
Design : alu_64bit_ref
Version: U-2022.12-SP6
Date   : Wed Feb  4 18:17:21 2026
****************************************

Number of ports:                          195
Number of nets:                          1123
Number of cells:                          992
Number of combinational cells:            992
Number of sequential cells:                 0
Number of macros/black boxes:               0
Number of buf/inv:                        223
Number of references:                      47

Combinational area:                   2527.97
Buf/Inv area:                          340.04
Noncombinational area:                   0.00
Macro/Black Box area:                    0.00

Total cell area:                      2527.97
1
