****************************************
Report : qor
Design : alu_64bit_ref
Version: U-2022.12-SP6
Date   : Wed Feb  4 18:17:21 2026
****************************************
Information: Timer using 'Estimated Delay Calculation'. (TIM-050)


Scenario           'func.ss0p95v125c'
Timing Path Group  'FEEDTHROUGH'
----------------------------------------
Levels of Logic:                     36
Critical Path Length:              2.70
Critical Path Slack:               1.04
Critical Path Clk Period:          4.59
Total Negative Slack:              0.00
No. of Violating Paths:               0
----------------------------------------


Cell Count
----------------------------------------
Hierarchical Cell Count:              0
Hierarchical Port Count:              0
Leaf Cell Count:                    992
Buf/Inv Cell Count:                 223
Buf Cell Count:                      20
Inv Cell Count:                     203
Combinational Cell Count:           992
   Single-bit Isolation Cell Count:                        0
   Multi-bit Isolation Cell Count:                         0
   Isolation Cell Banking Ratio:                           0.00%
   Single-bit Level Shifter Cell Count:                    0
   Multi-bit Level Shifter Cell Count:                     0
   Level Shifter Cell Banking Ratio:                       0.00%
   Single-bit ELS Cell Count:                              0
   Multi-bit ELS Cell Count:                               0
   ELS Cell Banking Ratio:                                 0.00%
Sequential Cell Count:                0
   Integrated Clock-Gating Cell Count:                     0
   Sequential Macro Cell Count:                            0
   Single-bit Sequential Cell Count:                       0
   Multi-bit Sequential Cell Count:                        0
   Sequential Cell Banking Ratio:                          0.00%
   BitsPerflop:                                            0.00
Macro Count:                          0
----------------------------------------


Area
----------------------------------------
Combinational Area:             2527.97
Noncombinational Area:             0.00
Buf/Inv Area:                    340.04
Total Buffer Area:                71.16
Total Inverter Area:             268.88
Macro/Black Box Area:              0.00
Net Area:                             0
Net XLength:                    4856.65
Net YLength:                    9438.46
----------------------------------------
Cell Area (netlist):                           2527.97
Cell Area (netlist and physical only):         2527.97
Net Length:                    14295.11


Design Rules
----------------------------------------
Total Number of Nets:              1123
Nets with Violations:                 1
Max Trans Violations:                 0
Max Cap Violations:                   1
----------------------------------------

1
