****************************************
Report : area
Design : alu_64bit_ref
Version: U-2022.12-SP6
Date   : Wed Feb  4 17:47:40 2026
****************************************

Number of ports:                          195
Number of nets:                          1117
Number of cells:                          986
Number of combinational cells:            986
Number of sequential cells:                 0
Number of macros/black boxes:               0
Number of buf/inv:                        222
Number of references:                      45

Combinational area:                   2516.79
Buf/Inv area:                          336.23
Noncombinational area:                   0.00
Macro/Black Box area:                    0.00

Total cell area:                      2516.79
1
