****************************************
Report : area
Design : alu_64bit
Version: U-2022.12-SP6
Date   : Wed Feb  4 18:01:36 2026
****************************************

Number of ports:                          195
Number of nets:                          1948
Number of cells:                         1756
Number of combinational cells:           1756
Number of sequential cells:                 0
Number of macros/black boxes:               0
Number of buf/inv:                        251
Number of references:                      99

Combinational area:                   4026.91
Buf/Inv area:                          448.06
Noncombinational area:                   0.00
Macro/Black Box area:                    0.00

Total cell area:                      4026.91
1
