****************************************
Report : timing
        -path_type full
        -delay_type max
        -max_paths 1
        -report_by design
Design : alu_64bit
Version: U-2022.12-SP6
Date   : Wed Feb  4 18:01:36 2026
****************************************
Information: Timer using 'Estimated Delay Calculation'. (TIM-050)

  Startpoint: Oper[1] (input port clocked by clk)
  Endpoint: sum[57] (output port clocked by clk)
  Mode: func
  Corner: ss0p95v125c
  Scenario: func.ss0p95v125c
  Path Group: FEEDTHROUGH
  Path Type: max

  Point                                            Incr      Path  
  ------------------------------------------------------------------------
  clock clk (rise edge)                            0.00      0.00
  clock network delay (ideal)                      0.55      0.55
  input external delay                             0.50      1.05 f
  Oper[1] (in)                                     0.00      1.05 f
  ctmTdsLR_3_4855/Y (OR2X1_LVT)                    0.05      1.10 f
  ctmTdsLR_2_4854/Y (OR2X2_LVT)                    0.05      1.14 f
  ctmTdsLR_1_4853/Y (INVX8_LVT)                    0.05      1.20 r
  ctmTdsLR_1_4880/Y (MUX21X1_LVT)                  0.06      1.26 r
  ctmTdsLR_2_4881/Y (AOI21X1_LVT)                  0.06      1.32 f
  A4315/Y (AND2X1_LVT)                             0.05      1.37 f
  A4744/Y (AOI21X1_LVT)                            0.08      1.44 r
  ctmTdsLR_2_4850/Y (OR2X1_LVT)                    0.05      1.49 r
  ctmTdsLR_3_4851/Y (NAND3X0_LVT)                  0.03      1.52 f
  ctmTdsLR_4_4852/Y (OR2X4_LVT)                    0.06      1.58 f
  A4609/Y (AOI21X2_LVT)                            0.08      1.66 r
  HFSINV_1364_4805/Y (INVX8_LVT)                   0.05      1.71 f
  ctmTdsLR_2_4848/Y (AND2X1_LVT)                   0.05      1.75 f
  ctmTdsLR_1_4847/Y (OR3X1_LVT)                    0.05      1.81 f
  A4065/Y (OR2X1_RVT)                              0.05      1.85 f
  A4066/Y (NAND4X0_LVT)                            0.04      1.89 r
  HFSBUF_2_4797/Y (NBUFFX4_LVT)                    0.03      1.93 r
  sum[57] (out)                                    0.00      1.93 r
  data arrival time                                          1.93

  clock clk (rise edge)                            2.08      2.08
  clock network delay (ideal)                      0.50      2.58
  clock uncertainty                               -0.20      2.38
  output external delay                           -0.60      1.78
  data required time                                         1.78
  ------------------------------------------------------------------------
  data required time                                         1.78
  data arrival time                                         -1.93
  ------------------------------------------------------------------------
  slack (VIOLATED)                                          -0.15


1
