****************************************
Report : area
Design : alu_64bit
Version: U-2022.12-SP6
Date   : Wed Feb  4 17:46:17 2026
****************************************

Number of ports:                          195
Number of nets:                          1096
Number of cells:                          965
Number of combinational cells:            965
Number of sequential cells:                 0
Number of macros/black boxes:               0
Number of buf/inv:                        134
Number of references:                      52

Combinational area:                   2540.68
Buf/Inv area:                          224.66
Noncombinational area:                   0.00
Macro/Black Box area:                    0.00

Total cell area:                      2540.68
1
