****************************************
Report : qor
Design : alu_64bit
Version: U-2022.12-SP6
Date   : Wed Feb  4 17:46:17 2026
****************************************
Information: Timer using 'Estimated Delay Calculation'. (TIM-050)


Scenario           'func.ss0p95v125c'
Timing Path Group  'FEEDTHROUGH'
----------------------------------------
Levels of Logic:                     37
Critical Path Length:              2.65
Critical Path Slack:               0.88
Critical Path Clk Period:          4.38
Total Negative Slack:              0.00
No. of Violating Paths:               0
----------------------------------------


Cell Count
----------------------------------------
Hierarchical Cell Count:              0
Hierarchical Port Count:              0
Leaf Cell Count:                    965
Buf/Inv Cell Count:                 134
Buf Cell Count:                      20
Inv Cell Count:                     114
Combinational Cell Count:           965
   Single-bit Isolation Cell Count:                        0
   Multi-bit Isolation Cell Count:                         0
   Isolation Cell Banking Ratio:                           0.00%
   Single-bit Level Shifter Cell Count:                    0
   Multi-bit Level Shifter Cell Count:                     0
   Level Shifter Cell Banking Ratio:                       0.00%
   Single-bit ELS Cell Count:                              0
   Multi-bit ELS Cell Count:                               0
   ELS Cell Banking Ratio:                                 0.00%
Sequential Cell Count:                0
   Integrated Clock-Gating Cell Count:                     0
   Sequential Macro Cell Count:                            0
   Single-bit Sequential Cell Count:                       0
   Multi-bit Sequential Cell Count:                        0
   Sequential Cell Banking Ratio:                          0.00%
   BitsPerflop:                                            0.00
Macro Count:                          0
----------------------------------------


Area
----------------------------------------
Combinational Area:             2540.68
Noncombinational Area:             0.00
Buf/Inv Area:                    224.66
Total Buffer Area:                68.62
Total Inverter Area:             156.04
Macro/Black Box Area:              0.00
Net Area:                             0
Net XLength:                    4882.60
Net YLength:                    9727.71
----------------------------------------
Cell Area (netlist):                           2540.68
Cell Area (netlist and physical only):         2540.68
Net Length:                    14610.31


Design Rules
----------------------------------------
Total Number of Nets:              1096
Nets with Violations:                 2
Max Trans Violations:                 0
Max Cap Violations:                   2
----------------------------------------

1
