****************************************
Report : area
Design : alu_64bit
Version: U-2022.12-SP6
Date   : Wed Feb  4 18:06:59 2026
****************************************

Number of ports:                          195
Number of nets:                          1680
Number of cells:                         1516
Number of combinational cells:           1516
Number of sequential cells:                 0
Number of macros/black boxes:               0
Number of buf/inv:                        325
Number of references:                      92

Combinational area:                   3574.54
Buf/Inv area:                          523.03
Noncombinational area:                   0.00
Macro/Black Box area:                    0.00

Total cell area:                      3574.54
1
