****************************************
Report : qor
Design : alu_64bit
Version: U-2022.12-SP6
Date   : Wed Feb  4 18:06:59 2026
****************************************
Information: Timer using 'Estimated Delay Calculation'. (TIM-050)


Scenario           'func.ss0p95v125c'
Timing Path Group  'FEEDTHROUGH'
----------------------------------------
Levels of Logic:                     17
Critical Path Length:              1.33
Critical Path Slack:              -0.03
Critical Path Clk Period:          2.15
Total Negative Slack:             -0.19
No. of Violating Paths:              17
----------------------------------------


Cell Count
----------------------------------------
Hierarchical Cell Count:              0
Hierarchical Port Count:              0
Leaf Cell Count:                   1516
Buf/Inv Cell Count:                 325
Buf Cell Count:                      27
Inv Cell Count:                     298
Combinational Cell Count:          1516
   Single-bit Isolation Cell Count:                        0
   Multi-bit Isolation Cell Count:                         0
   Isolation Cell Banking Ratio:                           0.00%
   Single-bit Level Shifter Cell Count:                    0
   Multi-bit Level Shifter Cell Count:                     0
   Level Shifter Cell Banking Ratio:                       0.00%
   Single-bit ELS Cell Count:                              0
   Multi-bit ELS Cell Count:                               0
   ELS Cell Banking Ratio:                                 0.00%
Sequential Cell Count:                0
   Integrated Clock-Gating Cell Count:                     0
   Sequential Macro Cell Count:                            0
   Single-bit Sequential Cell Count:                       0
   Multi-bit Sequential Cell Count:                        0
   Sequential Cell Banking Ratio:                          0.00%
   BitsPerflop:                                            0.00
Macro Count:                          0
----------------------------------------


Area
----------------------------------------
Combinational Area:             3574.54
Noncombinational Area:             0.00
Buf/Inv Area:                    523.03
Total Buffer Area:               108.01
Total Inverter Area:             415.02
Macro/Black Box Area:              0.00
Net Area:                             0
Net XLength:                    6556.03
Net YLength:                   12934.33
----------------------------------------
Cell Area (netlist):                           3574.54
Cell Area (netlist and physical only):         3574.53
Net Length:                    19490.36


Design Rules
----------------------------------------
Total Number of Nets:              1680
Nets with Violations:                 1
Max Trans Violations:                 0
Max Cap Violations:                   1
----------------------------------------

1
