****************************************
Report : timing
        -path_type full
        -delay_type max
        -max_paths 1
        -report_by design
Design : alu_64bit
Version: U-2022.12-SP6
Date   : Wed Feb  4 18:06:59 2026
****************************************
Information: Timer using 'Estimated Delay Calculation'. (TIM-050)

  Startpoint: Oper[0] (input port clocked by clk)
  Endpoint: sum[48] (output port clocked by clk)
  Mode: func
  Corner: ss0p95v125c
  Scenario: func.ss0p95v125c
  Path Group: FEEDTHROUGH
  Path Type: max

  Point                                            Incr      Path  
  ------------------------------------------------------------------------
  clock clk (rise edge)                            0.00      0.00
  clock network delay (ideal)                      0.55      0.55
  input external delay                             0.50      1.05 r
  Oper[0] (in)                                     0.00      1.05 r
  A3273/Y (INVX32_LVT)                             0.03      1.08 f
  A3583/Y (AND3X1_LVT)                             0.06      1.13 f
  ZBUF_167_inst_3911/Y (NBUFFX16_LVT)              0.04      1.17 f
  HFSINV_3969_3907/Y (INVX16_LVT)                  0.06      1.23 r
  ctmTdsLR_1_3930/Y (OAI221X2_LVT)                 0.08      1.31 f
  ctmi_2119/Y (NAND2X0_LVT)                        0.04      1.35 r
  ctmi_2994/Y (INVX1_LVT)                          0.01      1.36 f
  ctmi_2991/Y (OA21X1_LVT)                         0.06      1.42 f
  ctmi_2135/Y (NAND2X0_LVT)                        0.03      1.46 r
  A3747/Y (AO21X2_LVT)                             0.07      1.53 r
  A3595/Y (AO21X1_LVT)                             0.06      1.59 r
  HFSBUF_602_3870/Y (NBUFFX16_LVT)                 0.04      1.63 r
  A3814/Y (AO21X2_LVT)                             0.06      1.70 r
  HFSBUF_166_3873/Y (NBUFFX16_LVT)                 0.05      1.74 r
  A3618/Y (NAND2X0_LVT)                            0.03      1.77 f
  ctmTdsLR_4_3955/Y (NOR2X0_LVT)                   0.05      1.83 r
  ctmTdsLR_5_3956/Y (OR3X1_LVT)                    0.05      1.88 r
  sum[48] (out)                                    0.00      1.88 r
  data arrival time                                          1.88

  clock clk (rise edge)                            2.15      2.15
  clock network delay (ideal)                      0.50      2.65
  clock uncertainty                               -0.20      2.45
  output external delay                           -0.60      1.85
  data required time                                         1.85
  ------------------------------------------------------------------------
  data required time                                         1.85
  data arrival time                                         -1.88
  ------------------------------------------------------------------------
  slack (VIOLATED)                                          -0.03


1
