****************************************
Report : area
Design : alu_64bit
Version: U-2022.12-SP6
Date   : Wed Feb  4 17:51:05 2026
****************************************

Number of ports:                          195
Number of nets:                          1084
Number of cells:                          953
Number of combinational cells:            953
Number of sequential cells:                 0
Number of macros/black boxes:               0
Number of buf/inv:                        130
Number of references:                      52

Combinational area:                   2511.96
Buf/Inv area:                          218.31
Noncombinational area:                   0.00
Macro/Black Box area:                    0.00

Total cell area:                      2511.96
1
