****************************************
Report : area
Design : alu_64bit_ref
Version: U-2022.12-SP6
Date   : Wed Feb  4 18:00:03 2026
****************************************

Number of ports:                          195
Number of nets:                          1619
Number of cells:                         1465
Number of combinational cells:           1465
Number of sequential cells:                 0
Number of macros/black boxes:               0
Number of buf/inv:                        280
Number of references:                      97

Combinational area:                   3487.62
Buf/Inv area:                          469.66
Noncombinational area:                   0.00
Macro/Black Box area:                    0.00

Total cell area:                      3487.62
1
