****************************************
Report : qor
Design : alu_64bit_ref
Version: U-2022.12-SP6
Date   : Wed Feb  4 18:00:03 2026
****************************************
Information: Timer using 'Estimated Delay Calculation'. (TIM-050)


Scenario           'func.ss0p95v125c'
Timing Path Group  'FEEDTHROUGH'
----------------------------------------
Levels of Logic:                     16
Critical Path Length:              1.31
Critical Path Slack:               0.07
Critical Path Clk Period:          2.23
Total Negative Slack:              0.00
No. of Violating Paths:               0
----------------------------------------


Cell Count
----------------------------------------
Hierarchical Cell Count:              0
Hierarchical Port Count:              0
Leaf Cell Count:                   1465
Buf/Inv Cell Count:                 280
Buf Cell Count:                      28
Inv Cell Count:                     252
Combinational Cell Count:          1465
   Single-bit Isolation Cell Count:                        0
   Multi-bit Isolation Cell Count:                         0
   Isolation Cell Banking Ratio:                           0.00%
   Single-bit Level Shifter Cell Count:                    0
   Multi-bit Level Shifter Cell Count:                     0
   Level Shifter Cell Banking Ratio:                       0.00%
   Single-bit ELS Cell Count:                              0
   Multi-bit ELS Cell Count:                               0
   ELS Cell Banking Ratio:                                 0.00%
Sequential Cell Count:                0
   Integrated Clock-Gating Cell Count:                     0
   Sequential Macro Cell Count:                            0
   Single-bit Sequential Cell Count:                       0
   Multi-bit Sequential Cell Count:                        0
   Sequential Cell Banking Ratio:                          0.00%
   BitsPerflop:                                            0.00
Macro Count:                          0
----------------------------------------


Area
----------------------------------------
Combinational Area:             3487.62
Noncombinational Area:             0.00
Buf/Inv Area:                    469.66
Total Buffer Area:               126.31
Total Inverter Area:             343.35
Macro/Black Box Area:              0.00
Net Area:                             0
Net XLength:                    6847.89
Net YLength:                   12127.69
----------------------------------------
Cell Area (netlist):                           3487.62
Cell Area (netlist and physical only):         3487.62
Net Length:                    18975.58


Design Rules
----------------------------------------
Total Number of Nets:              1619
Nets with Violations:                 1
Max Trans Violations:                 0
Max Cap Violations:                   1
----------------------------------------

1
