****************************************
Report : area
Design : alu_64bit
Version: U-2022.12-SP6
Date   : Wed Feb  4 17:54:41 2026
****************************************

Number of ports:                          195
Number of nets:                          1388
Number of cells:                         1236
Number of combinational cells:           1236
Number of sequential cells:                 0
Number of macros/black boxes:               0
Number of buf/inv:                        184
Number of references:                      98

Combinational area:                   3159.26
Buf/Inv area:                          339.54
Noncombinational area:                   0.00
Macro/Black Box area:                    0.00

Total cell area:                      3159.26
1
