****************************************
Report : qor
Design : alu_64bit
Version: U-2022.12-SP6
Date   : Wed Feb  4 17:54:41 2026
****************************************
Information: Timer using 'Estimated Delay Calculation'. (TIM-050)


Scenario           'func.ss0p95v125c'
Timing Path Group  'FEEDTHROUGH'
----------------------------------------
Levels of Logic:                     17
Critical Path Length:              1.48
Critical Path Slack:               0.13
Critical Path Clk Period:          2.46
Total Negative Slack:              0.00
No. of Violating Paths:               0
----------------------------------------


Cell Count
----------------------------------------
Hierarchical Cell Count:              0
Hierarchical Port Count:              0
Leaf Cell Count:                   1236
Buf/Inv Cell Count:                 184
Buf Cell Count:                      28
Inv Cell Count:                     156
Combinational Cell Count:          1236
   Single-bit Isolation Cell Count:                        0
   Multi-bit Isolation Cell Count:                         0
   Isolation Cell Banking Ratio:                           0.00%
   Single-bit Level Shifter Cell Count:                    0
   Multi-bit Level Shifter Cell Count:                     0
   Level Shifter Cell Banking Ratio:                       0.00%
   Single-bit ELS Cell Count:                              0
   Multi-bit ELS Cell Count:                               0
   ELS Cell Banking Ratio:                                 0.00%
Sequential Cell Count:                0
   Integrated Clock-Gating Cell Count:                     0
   Sequential Macro Cell Count:                            0
   Single-bit Sequential Cell Count:                       0
   Multi-bit Sequential Cell Count:                        0
   Sequential Cell Banking Ratio:                          0.00%
   BitsPerflop:                                            0.00
Macro Count:                          0
----------------------------------------


Area
----------------------------------------
Combinational Area:             3159.26
Noncombinational Area:             0.00
Buf/Inv Area:                    339.54
Total Buffer Area:               113.35
Total Inverter Area:             226.19
Macro/Black Box Area:              0.00
Net Area:                             0
Net XLength:                    5551.64
Net YLength:                   11177.17
----------------------------------------
Cell Area (netlist):                           3159.26
Cell Area (netlist and physical only):         3159.26
Net Length:                    16728.81


Design Rules
----------------------------------------
Total Number of Nets:              1388
Nets with Violations:                 4
Max Trans Violations:                 0
Max Cap Violations:                   4
----------------------------------------

1
