****************************************
Report : timing
        -path_type full
        -delay_type max
        -max_paths 1
        -report_by design
Design : alu_64bit
Version: U-2022.12-SP6
Date   : Wed Feb  4 17:54:41 2026
****************************************
Information: Timer using 'Estimated Delay Calculation'. (TIM-050)

  Startpoint: Oper[2] (input port clocked by clk)
  Endpoint: sum[31] (output port clocked by clk)
  Mode: func
  Corner: ss0p95v125c
  Scenario: func.ss0p95v125c
  Path Group: FEEDTHROUGH
  Path Type: max

  Point                                            Incr      Path  
  ------------------------------------------------------------------------
  clock clk (rise edge)                            0.00      0.00
  clock network delay (ideal)                      0.55      0.55
  input external delay                             0.50      1.05 r
  Oper[2] (in)                                     0.00      1.05 r
  ctmi_981/Y (INVX32_LVT)                          0.02      1.07 f
  ctmi_980/Y (AND3X2_LVT)                          0.06      1.13 f
  HFSBUF_540_1475/Y (NBUFFX16_LVT)                 0.05      1.19 f
  RS_OP_20_49142_44100_J1/ctmi_121/Y (AO22X1_LVT)
                                                   0.06      1.24 f
  A972/Y (NOR2X0_RVT)                              0.06      1.30 r
  RS_OP_20_49142_44100_J1/DP_OP_23_2872_4207_J0/ctmi_338/Y (OR2X2_RVT)
                                                   0.05      1.35 r
  ctmi_1095/Y (INVX2_LVT)                          0.01      1.37 f
  ctmi_1093/Y (OAI21X2_LVT)                        0.09      1.45 r
  ctmi_988/Y (AO21X1_LVT)                          0.06      1.52 r
  ctmTdsLR_1_1495/Y (AO221X1_LVT)                  0.08      1.60 r
  ctmi_990/Y (AO21X1_LVT)                          0.04      1.64 r
  HFSBUF_559_1444/Y (NBUFFX8_LVT)                  0.04      1.68 r
  ctmi_1013/Y (AOI21X2_LVT)                        0.07      1.75 f
  HFSINV_1520_1446/Y (INVX16_LVT)                  0.06      1.81 r
  RS_OP_20_49142_44100_J1/DP_OP_23_2872_4207_J0/ctmi_827/Y (XNOR2X1_RVT)
                                                   0.08      1.88 r
  ctmi_4019/Y (AO222X1_RVT)                        0.10      1.98 r
  ctmi_4017/Y (OR2X2_LVT)                          0.05      2.03 r
  sum[31] (out)                                    0.00      2.03 r
  data arrival time                                          2.03

  clock clk (rise edge)                            2.46      2.46
  clock network delay (ideal)                      0.50      2.96
  clock uncertainty                               -0.20      2.76
  output external delay                           -0.60      2.16
  data required time                                         2.16
  ------------------------------------------------------------------------
  data required time                                         2.16
  data arrival time                                         -2.03
  ------------------------------------------------------------------------
  slack (MET)                                                0.13


1
