****************************************
Report : area
Design : alu_64bit
Version: U-2022.12-SP6
Date   : Wed Feb  4 18:13:16 2026
****************************************

Number of ports:                          195
Number of nets:                          1146
Number of cells:                         1015
Number of combinational cells:           1015
Number of sequential cells:                 0
Number of macros/black boxes:               0
Number of buf/inv:                        151
Number of references:                      63

Combinational area:                   2642.34
Buf/Inv area:                          250.59
Noncombinational area:                   0.00
Macro/Black Box area:                    0.00

Total cell area:                      2642.34
1
