****************************************
Report : qor
Design : alu_64bit
Version: U-2022.12-SP6
Date   : Wed Feb  4 18:13:16 2026
****************************************
Information: Timer using 'Estimated Delay Calculation'. (TIM-050)


Scenario           'func.ss0p95v125c'
Timing Path Group  'FEEDTHROUGH'
----------------------------------------
Levels of Logic:                     20
Critical Path Length:              1.66
Critical Path Slack:               0.43
Critical Path Clk Period:          2.94
Total Negative Slack:              0.00
No. of Violating Paths:               0
----------------------------------------


Cell Count
----------------------------------------
Hierarchical Cell Count:              0
Hierarchical Port Count:              0
Leaf Cell Count:                   1015
Buf/Inv Cell Count:                 151
Buf Cell Count:                      20
Inv Cell Count:                     131
Combinational Cell Count:          1015
   Single-bit Isolation Cell Count:                        0
   Multi-bit Isolation Cell Count:                         0
   Isolation Cell Banking Ratio:                           0.00%
   Single-bit Level Shifter Cell Count:                    0
   Multi-bit Level Shifter Cell Count:                     0
   Level Shifter Cell Banking Ratio:                       0.00%
   Single-bit ELS Cell Count:                              0
   Multi-bit ELS Cell Count:                               0
   ELS Cell Banking Ratio:                                 0.00%
Sequential Cell Count:                0
   Integrated Clock-Gating Cell Count:                     0
   Sequential Macro Cell Count:                            0
   Single-bit Sequential Cell Count:                       0
   Multi-bit Sequential Cell Count:                        0
   Sequential Cell Banking Ratio:                          0.00%
   BitsPerflop:                                            0.00
Macro Count:                          0
----------------------------------------


Area
----------------------------------------
Combinational Area:             2642.34
Noncombinational Area:             0.00
Buf/Inv Area:                    250.59
Total Buffer Area:                72.43
Total Inverter Area:             178.15
Macro/Black Box Area:              0.00
Net Area:                             0
Net XLength:                    5272.88
Net YLength:                    9874.40
----------------------------------------
Cell Area (netlist):                           2642.34
Cell Area (netlist and physical only):         2642.34
Net Length:                    15147.28


Design Rules
----------------------------------------
Total Number of Nets:              1146
Nets with Violations:                25
Max Trans Violations:                 0
Max Cap Violations:                  25
----------------------------------------

1
