****************************************
Report : timing
        -path_type full
        -delay_type max
        -max_paths 1
        -report_by design
Design : alu_64bit
Version: U-2022.12-SP6
Date   : Wed Feb  4 18:13:16 2026
****************************************
Information: Timer using 'Estimated Delay Calculation'. (TIM-050)

  Startpoint: Oper[1] (input port clocked by clk)
  Endpoint: sum[62] (output port clocked by clk)
  Mode: func
  Corner: ss0p95v125c
  Scenario: func.ss0p95v125c
  Path Group: FEEDTHROUGH
  Path Type: max

  Point                                            Incr      Path  
  ------------------------------------------------------------------------
  clock clk (rise edge)                            0.00      0.00
  clock network delay (ideal)                      0.55      0.55
  input external delay                             0.50      1.05 f
  Oper[1] (in)                                     0.00      1.05 f
  ctmTdsLR_2_1576/Y (OR2X1_LVT)                    0.05      1.10 f
  ctmTdsLR_1_1575/Y (OR2X2_LVT)                    0.05      1.14 f
  HFSINV_376_1543/Y (INVX8_LVT)                    0.06      1.20 r
  RS_OP_20_49142_44100_J1/DP_OP_24_60912_12826_J0/ctmi_474/Y (OR2X2_LVT)
                                                   0.05      1.25 r
  HFSBUF_385_1539/Y (NBUFFX8_LVT)                  0.05      1.30 r
  RS_OP_20_49142_44100_J1/DP_OP_24_60912_12826_J0/ctmi_897/Y (AO22X1_RVT)
                                                   0.07      1.36 r
  ctmi_1443/Y (NOR2X2_LVT)                         0.06      1.42 f
  ctmi_1446/Y (INVX1_RVT)                          0.02      1.44 r
  RS_OP_20_49142_44100_J1/DP_OP_24_60912_12826_J0/ctmi_889/Y (NAND2X0_RVT)
                                                   0.03      1.47 f
  RS_OP_20_49142_44100_J1/DP_OP_24_60912_12826_J0/ctmi_902/Y (OR2X1_RVT)
                                                   0.05      1.52 f
  RS_OP_20_49142_44100_J1/DP_OP_24_60912_12826_J0/ctmi_874/Y (OA221X1_LVT)
                                                   0.08      1.59 f
  RS_OP_20_49142_44100_J1/DP_OP_24_60912_12826_J0/ctmi_810/Y (OA221X2_LVT)
                                                   0.08      1.67 f
  RS_OP_20_49142_44100_J1/DP_OP_24_60912_12826_J0/ctmi_691/Y (OA221X2_LVT)
                                                   0.08      1.75 f
  RS_OP_20_49142_44100_J1/DP_OP_24_60912_12826_J0/ctmi_495/Y (OA221X1_RVT)
                                                   0.08      1.83 f
  RS_OP_20_49142_44100_J1/DP_OP_24_60912_12826_J0/ctmi_489/Y (OA21X1_LVT)
                                                   0.06      1.89 f
  RS_OP_20_49142_44100_J1/DP_OP_24_60912_12826_J0/ctmi_481/Y (OA21X1_LVT)
                                                   0.06      1.94 f
  RS_OP_20_49142_44100_J1/DP_OP_24_60912_12826_J0/ctmi_480/Y (OA21X1_LVT)
                                                   0.06      2.00 f
  RS_OP_20_49142_44100_J1/DP_OP_24_60912_12826_J0/ctmi_988/Y (XOR2X1_RVT)
                                                   0.06      2.06 r
  ctmi_3895/Y (AO222X1_RVT)                        0.10      2.16 r
  ctmi_3893/Y (OR2X2_RVT)                          0.05      2.21 r
  sum[62] (out)                                    0.00      2.21 r
  data arrival time                                          2.21

  clock clk (rise edge)                            2.94      2.94
  clock network delay (ideal)                      0.50      3.44
  clock uncertainty                               -0.20      3.24
  output external delay                           -0.60      2.64
  data required time                                         2.64
  ------------------------------------------------------------------------
  data required time                                         2.64
  data arrival time                                         -2.21
  ------------------------------------------------------------------------
  slack (MET)                                                0.43


1
