****************************************
Report : area
Design : alu_64bit
Version: U-2022.12-SP6
Date   : Wed Feb  4 18:09:32 2026
****************************************

Number of ports:                          195
Number of nets:                          1617
Number of cells:                         1470
Number of combinational cells:           1470
Number of sequential cells:                 0
Number of macros/black boxes:               0
Number of buf/inv:                        211
Number of references:                      99

Combinational area:                   3595.38
Buf/Inv area:                          415.02
Noncombinational area:                   0.00
Macro/Black Box area:                    0.00

Total cell area:                      3595.38
1
