****************************************
Report : qor
Design : alu_64bit
Version: U-2022.12-SP6
Date   : Wed Feb  4 18:09:32 2026
****************************************
Information: Timer using 'Estimated Delay Calculation'. (TIM-050)


Scenario           'func.ss0p95v125c'
Timing Path Group  'FEEDTHROUGH'
----------------------------------------
Levels of Logic:                     20
Critical Path Length:              1.52
Critical Path Slack:              -0.02
Critical Path Clk Period:          2.35
Total Negative Slack:             -0.02
No. of Violating Paths:               1
----------------------------------------


Cell Count
----------------------------------------
Hierarchical Cell Count:              0
Hierarchical Port Count:              0
Leaf Cell Count:                   1470
Buf/Inv Cell Count:                 211
Buf Cell Count:                      41
Inv Cell Count:                     170
Combinational Cell Count:          1470
   Single-bit Isolation Cell Count:                        0
   Multi-bit Isolation Cell Count:                         0
   Isolation Cell Banking Ratio:                           0.00%
   Single-bit Level Shifter Cell Count:                    0
   Multi-bit Level Shifter Cell Count:                     0
   Level Shifter Cell Banking Ratio:                       0.00%
   Single-bit ELS Cell Count:                              0
   Multi-bit ELS Cell Count:                               0
   ELS Cell Banking Ratio:                                 0.00%
Sequential Cell Count:                0
   Integrated Clock-Gating Cell Count:                     0
   Sequential Macro Cell Count:                            0
   Single-bit Sequential Cell Count:                       0
   Multi-bit Sequential Cell Count:                        0
   Sequential Cell Banking Ratio:                          0.00%
   BitsPerflop:                                            0.00
Macro Count:                          0
----------------------------------------


Area
----------------------------------------
Combinational Area:             3595.38
Noncombinational Area:             0.00
Buf/Inv Area:                    415.02
Total Buffer Area:               143.85
Total Inverter Area:             271.17
Macro/Black Box Area:              0.00
Net Area:                             0
Net XLength:                    7021.62
Net YLength:                   12405.15
----------------------------------------
Cell Area (netlist):                           3595.38
Cell Area (netlist and physical only):         3595.38
Net Length:                    19426.77


Design Rules
----------------------------------------
Total Number of Nets:              1617
Nets with Violations:                 3
Max Trans Violations:                 0
Max Cap Violations:                   3
----------------------------------------

1
