****************************************
Report : timing
        -path_type full
        -delay_type max
        -max_paths 1
        -report_by design
Design : alu_64bit
Version: U-2022.12-SP6
Date   : Wed Feb  4 18:09:32 2026
****************************************
Information: Timer using 'Estimated Delay Calculation'. (TIM-050)

  Startpoint: Oper[0] (input port clocked by clk)
  Endpoint: sum[31] (output port clocked by clk)
  Mode: func
  Corner: ss0p95v125c
  Scenario: func.ss0p95v125c
  Path Group: FEEDTHROUGH
  Path Type: max

  Point                                            Incr      Path  
  ------------------------------------------------------------------------
  clock clk (rise edge)                            0.00      0.00
  clock network delay (ideal)                      0.55      0.55
  input external delay                             0.50      1.05 r
  Oper[0] (in)                                     0.00      1.05 r
  ctmTdsLR_2_2622/Y (OR2X1_LVT)                    0.05      1.10 r
  ctmTdsLR_1_2621/Y (OR2X2_LVT)                    0.05      1.15 r
  HFSINV_183_2555/Y (INVX16_LVT)                   0.05      1.20 f
  RS_OP_20_49142_44100_J1/DP_OP_23_2872_4207_J0/ctmi_1185/Y (AND2X1_RVT)
                                                   0.05      1.24 f
  A2009/Y (NOR2X0_LVT)                             0.06      1.30 r
  RS_OP_20_49142_44100_J1/DP_OP_23_2872_4207_J0/ctmi_1183/Y (OR2X2_RVT)
                                                   0.05      1.35 r
  ctmi_2073/Y (INVX1_LVT)                          0.01      1.37 f
  ctmTdsLR_2_2591/Y (OA21X1_LVT)                   0.05      1.42 f
  ctmTdsLR_1_2590/Y (INVX1_LVT)                    0.03      1.45 r
  RS_OP_20_49142_44100_J1/DP_OP_23_2872_4207_J0/ctmi_1191/Y (AO21X1_LVT)
                                                   0.06      1.51 r
  ctmTdsLR_1_2589/Y (AO21X1_LVT)                   0.04      1.55 r
  ctmTdsLR_1_2599/Y (AOI221X2_LVT)                 0.10      1.65 f
  HFSINV_672_2541/Y (INVX8_LVT)                    0.05      1.70 r
  ctmTdsLR_2_2610/Y (AND2X1_LVT)                   0.04      1.74 r
  ctmTdsLR_1_2609/Y (OR2X2_LVT)                    0.05      1.78 r
  ZINV_1296_inst_2665/Y (INVX8_LVT)                0.02      1.80 f
  ZINV_1083_inst_2664/Y (INVX16_LVT)               0.05      1.85 r
  RS_OP_20_49142_44100_J1/DP_OP_23_2872_4207_J0/ctmi_1795/Y (XNOR2X2_LVT)
                                                   0.08      1.93 r
  ctmi_4019/Y (AO222X1_LVT)                        0.10      2.03 r
  ctmi_4017/Y (OR2X2_LVT)                          0.05      2.07 r
  sum[31] (out)                                    0.00      2.07 r
  data arrival time                                          2.07

  clock clk (rise edge)                            2.35      2.35
  clock network delay (ideal)                      0.50      2.85
  clock uncertainty                               -0.20      2.65
  output external delay                           -0.60      2.05
  data required time                                         2.05
  ------------------------------------------------------------------------
  data required time                                         2.05
  data arrival time                                         -2.07
  ------------------------------------------------------------------------
  slack (VIOLATED)                                          -0.02


1
